[
  {
    "message": "token error",
    "time": "2025-02-25T11:36:13.630Z",
    "code": 408,
    "stackTrace": "TokenError: token error\n    at module.exports.checkAuth (C:\\Users\\MrLipa\\Desktop\\exam-freshcode\\server\\src\\middlewares\\checkToken.js:25:10)\n    at Layer.handle [as handle_request] (C:\\Users\\MrLipa\\Desktop\\exam-freshcode\\server\\node_modules\\express\\lib\\router\\layer.js:95:5)\n    at next (C:\\Users\\MrLipa\\Desktop\\exam-freshcode\\server\\node_modules\\express\\lib\\router\\route.js:144:13)\n    at Route.dispatch (C:\\Users\\MrLipa\\Desktop\\exam-freshcode\\server\\node_modules\\express\\lib\\router\\route.js:114:3)\n    at Layer.handle [as handle_request] (C:\\Users\\MrLipa\\Desktop\\exam-freshcode\\server\\node_modules\\express\\lib\\router\\layer.js:95:5)\n    at C:\\Users\\MrLipa\\Desktop\\exam-freshcode\\server\\node_modules\\express\\lib\\router\\index.js:284:15\n    at Function.process_params (C:\\Users\\MrLipa\\Desktop\\exam-freshcode\\server\\node_modules\\express\\lib\\router\\index.js:346:12)\n    at next (C:\\Users\\MrLipa\\Desktop\\exam-freshcode\\server\\node_modules\\express\\lib\\router\\index.js:280:10)\n    at Function.handle (C:\\Users\\MrLipa\\Desktop\\exam-freshcode\\server\\node_modules\\express\\lib\\router\\index.js:175:3)\n    at router (C:\\Users\\MrLipa\\Desktop\\exam-freshcode\\server\\node_modules\\express\\lib\\router\\index.js:47:12)"
  },
  {
    "message": "token error",
    "time": "2025-02-25T11:36:13.652Z",
    "code": 408,
    "stackTrace": "TokenError: token error\n    at module.exports.checkAuth (C:\\Users\\MrLipa\\Desktop\\exam-freshcode\\server\\src\\middlewares\\checkToken.js:25:10)\n    at Layer.handle [as handle_request] (C:\\Users\\MrLipa\\Desktop\\exam-freshcode\\server\\node_modules\\express\\lib\\router\\layer.js:95:5)\n    at next (C:\\Users\\MrLipa\\Desktop\\exam-freshcode\\server\\node_modules\\express\\lib\\router\\route.js:144:13)\n    at Route.dispatch (C:\\Users\\MrLipa\\Desktop\\exam-freshcode\\server\\node_modules\\express\\lib\\router\\route.js:114:3)\n    at Layer.handle [as handle_request] (C:\\Users\\MrLipa\\Desktop\\exam-freshcode\\server\\node_modules\\express\\lib\\router\\layer.js:95:5)\n    at C:\\Users\\MrLipa\\Desktop\\exam-freshcode\\server\\node_modules\\express\\lib\\router\\index.js:284:15\n    at Function.process_params (C:\\Users\\MrLipa\\Desktop\\exam-freshcode\\server\\node_modules\\express\\lib\\router\\index.js:346:12)\n    at next (C:\\Users\\MrLipa\\Desktop\\exam-freshcode\\server\\node_modules\\express\\lib\\router\\index.js:280:10)\n    at Function.handle (C:\\Users\\MrLipa\\Desktop\\exam-freshcode\\server\\node_modules\\express\\lib\\router\\index.js:175:3)\n    at router (C:\\Users\\MrLipa\\Desktop\\exam-freshcode\\server\\node_modules\\express\\lib\\router\\index.js:47:12)"
  },
  {
    "message": "token error",
    "time": "2025-02-25T11:36:13.819Z",
    "code": 408,
    "stackTrace": "TokenError: token error\n    at module.exports.checkAuth (C:\\Users\\MrLipa\\Desktop\\exam-freshcode\\server\\src\\middlewares\\checkToken.js:25:10)\n    at Layer.handle [as handle_request] (C:\\Users\\MrLipa\\Desktop\\exam-freshcode\\server\\node_modules\\express\\lib\\router\\layer.js:95:5)\n    at next (C:\\Users\\MrLipa\\Desktop\\exam-freshcode\\server\\node_modules\\express\\lib\\router\\route.js:144:13)\n    at Route.dispatch (C:\\Users\\MrLipa\\Desktop\\exam-freshcode\\server\\node_modules\\express\\lib\\router\\route.js:114:3)\n    at Layer.handle [as handle_request] (C:\\Users\\MrLipa\\Desktop\\exam-freshcode\\server\\node_modules\\express\\lib\\router\\layer.js:95:5)\n    at C:\\Users\\MrLipa\\Desktop\\exam-freshcode\\server\\node_modules\\express\\lib\\router\\index.js:284:15\n    at Function.process_params (C:\\Users\\MrLipa\\Desktop\\exam-freshcode\\server\\node_modules\\express\\lib\\router\\index.js:346:12)\n    at next (C:\\Users\\MrLipa\\Desktop\\exam-freshcode\\server\\node_modules\\express\\lib\\router\\index.js:280:10)\n    at Function.handle (C:\\Users\\MrLipa\\Desktop\\exam-freshcode\\server\\node_modules\\express\\lib\\router\\index.js:175:3)\n    at router (C:\\Users\\MrLipa\\Desktop\\exam-freshcode\\server\\node_modules\\express\\lib\\router\\index.js:47:12)"
  },
  {
    "message": "token error",
    "time": "2025-02-25T11:36:13.825Z",
    "code": 408,
    "stackTrace": "TokenError: token error\n    at module.exports.checkAuth (C:\\Users\\MrLipa\\Desktop\\exam-freshcode\\server\\src\\middlewares\\checkToken.js:25:10)\n    at Layer.handle [as handle_request] (C:\\Users\\MrLipa\\Desktop\\exam-freshcode\\server\\node_modules\\express\\lib\\router\\layer.js:95:5)\n    at next (C:\\Users\\MrLipa\\Desktop\\exam-freshcode\\server\\node_modules\\express\\lib\\router\\route.js:144:13)\n    at Route.dispatch (C:\\Users\\MrLipa\\Desktop\\exam-freshcode\\server\\node_modules\\express\\lib\\router\\route.js:114:3)\n    at Layer.handle [as handle_request] (C:\\Users\\MrLipa\\Desktop\\exam-freshcode\\server\\node_modules\\express\\lib\\router\\layer.js:95:5)\n    at C:\\Users\\MrLipa\\Desktop\\exam-freshcode\\server\\node_modules\\express\\lib\\router\\index.js:284:15\n    at Function.process_params (C:\\Users\\MrLipa\\Desktop\\exam-freshcode\\server\\node_modules\\express\\lib\\router\\index.js:346:12)\n    at next (C:\\Users\\MrLipa\\Desktop\\exam-freshcode\\server\\node_modules\\express\\lib\\router\\index.js:280:10)\n    at Function.handle (C:\\Users\\MrLipa\\Desktop\\exam-freshcode\\server\\node_modules\\express\\lib\\router\\index.js:175:3)\n    at router (C:\\Users\\MrLipa\\Desktop\\exam-freshcode\\server\\node_modules\\express\\lib\\router\\index.js:47:12)"
  },
  {
    "message": "token error",
    "time": "2025-02-25T11:36:13.831Z",
    "code": 408,
    "stackTrace": "TokenError: token error\n    at module.exports.checkAuth (C:\\Users\\MrLipa\\Desktop\\exam-freshcode\\server\\src\\middlewares\\checkToken.js:25:10)\n    at Layer.handle [as handle_request] (C:\\Users\\MrLipa\\Desktop\\exam-freshcode\\server\\node_modules\\express\\lib\\router\\layer.js:95:5)\n    at next (C:\\Users\\MrLipa\\Desktop\\exam-freshcode\\server\\node_modules\\express\\lib\\router\\route.js:144:13)\n    at Route.dispatch (C:\\Users\\MrLipa\\Desktop\\exam-freshcode\\server\\node_modules\\express\\lib\\router\\route.js:114:3)\n    at Layer.handle [as handle_request] (C:\\Users\\MrLipa\\Desktop\\exam-freshcode\\server\\node_modules\\express\\lib\\router\\layer.js:95:5)\n    at C:\\Users\\MrLipa\\Desktop\\exam-freshcode\\server\\node_modules\\express\\lib\\router\\index.js:284:15\n    at Function.process_params (C:\\Users\\MrLipa\\Desktop\\exam-freshcode\\server\\node_modules\\express\\lib\\router\\index.js:346:12)\n    at next (C:\\Users\\MrLipa\\Desktop\\exam-freshcode\\server\\node_modules\\express\\lib\\router\\index.js:280:10)\n    at Function.handle (C:\\Users\\MrLipa\\Desktop\\exam-freshcode\\server\\node_modules\\express\\lib\\router\\index.js:175:3)\n    at router (C:\\Users\\MrLipa\\Desktop\\exam-freshcode\\server\\node_modules\\express\\lib\\router\\index.js:47:12)"
  },
  {
    "message": "need token",
    "time": "2025-02-25T11:36:16.121Z",
    "code": 408,
    "stackTrace": "TokenError: need token\n    at module.exports.checkAuth (C:\\Users\\MrLipa\\Desktop\\exam-freshcode\\server\\src\\middlewares\\checkToken.js:9:17)\n    at Layer.handle [as handle_request] (C:\\Users\\MrLipa\\Desktop\\exam-freshcode\\server\\node_modules\\express\\lib\\router\\layer.js:95:5)\n    at next (C:\\Users\\MrLipa\\Desktop\\exam-freshcode\\server\\node_modules\\express\\lib\\router\\route.js:144:13)\n    at Route.dispatch (C:\\Users\\MrLipa\\Desktop\\exam-freshcode\\server\\node_modules\\express\\lib\\router\\route.js:114:3)\n    at Layer.handle [as handle_request] (C:\\Users\\MrLipa\\Desktop\\exam-freshcode\\server\\node_modules\\express\\lib\\router\\layer.js:95:5)\n    at C:\\Users\\MrLipa\\Desktop\\exam-freshcode\\server\\node_modules\\express\\lib\\router\\index.js:284:15\n    at Function.process_params (C:\\Users\\MrLipa\\Desktop\\exam-freshcode\\server\\node_modules\\express\\lib\\router\\index.js:346:12)\n    at next (C:\\Users\\MrLipa\\Desktop\\exam-freshcode\\server\\node_modules\\express\\lib\\router\\index.js:280:10)\n    at Function.handle (C:\\Users\\MrLipa\\Desktop\\exam-freshcode\\server\\node_modules\\express\\lib\\router\\index.js:175:3)\n    at router (C:\\Users\\MrLipa\\Desktop\\exam-freshcode\\server\\node_modules\\express\\lib\\router\\index.js:47:12)"
  },
  {
    "message": "token error",
    "time": "2025-02-25T11:36:20.535Z",
    "code": 408,
    "stackTrace": "TokenError: token error\n    at module.exports.checkAuth (C:\\Users\\MrLipa\\Desktop\\exam-freshcode\\server\\src\\middlewares\\checkToken.js:25:10)\n    at Layer.handle [as handle_request] (C:\\Users\\MrLipa\\Desktop\\exam-freshcode\\server\\node_modules\\express\\lib\\router\\layer.js:95:5)\n    at next (C:\\Users\\MrLipa\\Desktop\\exam-freshcode\\server\\node_modules\\express\\lib\\router\\route.js:144:13)\n    at Route.dispatch (C:\\Users\\MrLipa\\Desktop\\exam-freshcode\\server\\node_modules\\express\\lib\\router\\route.js:114:3)\n    at Layer.handle [as handle_request] (C:\\Users\\MrLipa\\Desktop\\exam-freshcode\\server\\node_modules\\express\\lib\\router\\layer.js:95:5)\n    at C:\\Users\\MrLipa\\Desktop\\exam-freshcode\\server\\node_modules\\express\\lib\\router\\index.js:284:15\n    at Function.process_params (C:\\Users\\MrLipa\\Desktop\\exam-freshcode\\server\\node_modules\\express\\lib\\router\\index.js:346:12)\n    at next (C:\\Users\\MrLipa\\Desktop\\exam-freshcode\\server\\node_modules\\express\\lib\\router\\index.js:280:10)\n    at Function.handle (C:\\Users\\MrLipa\\Desktop\\exam-freshcode\\server\\node_modules\\express\\lib\\router\\index.js:175:3)\n    at router (C:\\Users\\MrLipa\\Desktop\\exam-freshcode\\server\\node_modules\\express\\lib\\router\\index.js:47:12)"
  },
  {
    "message": "token error",
    "time": "2025-02-25T11:36:20.541Z",
    "code": 408,
    "stackTrace": "TokenError: token error\n    at module.exports.checkAuth (C:\\Users\\MrLipa\\Desktop\\exam-freshcode\\server\\src\\middlewares\\checkToken.js:25:10)\n    at Layer.handle [as handle_request] (C:\\Users\\MrLipa\\Desktop\\exam-freshcode\\server\\node_modules\\express\\lib\\router\\layer.js:95:5)\n    at next (C:\\Users\\MrLipa\\Desktop\\exam-freshcode\\server\\node_modules\\express\\lib\\router\\route.js:144:13)\n    at Route.dispatch (C:\\Users\\MrLipa\\Desktop\\exam-freshcode\\server\\node_modules\\express\\lib\\router\\route.js:114:3)\n    at Layer.handle [as handle_request] (C:\\Users\\MrLipa\\Desktop\\exam-freshcode\\server\\node_modules\\express\\lib\\router\\layer.js:95:5)\n    at C:\\Users\\MrLipa\\Desktop\\exam-freshcode\\server\\node_modules\\express\\lib\\router\\index.js:284:15\n    at Function.process_params (C:\\Users\\MrLipa\\Desktop\\exam-freshcode\\server\\node_modules\\express\\lib\\router\\index.js:346:12)\n    at next (C:\\Users\\MrLipa\\Desktop\\exam-freshcode\\server\\node_modules\\express\\lib\\router\\index.js:280:10)\n    at Function.handle (C:\\Users\\MrLipa\\Desktop\\exam-freshcode\\server\\node_modules\\express\\lib\\router\\index.js:175:3)\n    at router (C:\\Users\\MrLipa\\Desktop\\exam-freshcode\\server\\node_modules\\express\\lib\\router\\index.js:47:12)"
  },
  {
    "message": "need token",
    "time": "2025-02-25T11:37:43.987Z",
    "code": 408,
    "stackTrace": "TokenError: need token\n    at module.exports.checkAuth (C:\\Users\\MrLipa\\Desktop\\exam-freshcode\\server\\src\\middlewares\\checkToken.js:9:17)\n    at Layer.handle [as handle_request] (C:\\Users\\MrLipa\\Desktop\\exam-freshcode\\server\\node_modules\\express\\lib\\router\\layer.js:95:5)\n    at next (C:\\Users\\MrLipa\\Desktop\\exam-freshcode\\server\\node_modules\\express\\lib\\router\\route.js:144:13)\n    at Route.dispatch (C:\\Users\\MrLipa\\Desktop\\exam-freshcode\\server\\node_modules\\express\\lib\\router\\route.js:114:3)\n    at Layer.handle [as handle_request] (C:\\Users\\MrLipa\\Desktop\\exam-freshcode\\server\\node_modules\\express\\lib\\router\\layer.js:95:5)\n    at C:\\Users\\MrLipa\\Desktop\\exam-freshcode\\server\\node_modules\\express\\lib\\router\\index.js:284:15\n    at Function.process_params (C:\\Users\\MrLipa\\Desktop\\exam-freshcode\\server\\node_modules\\express\\lib\\router\\index.js:346:12)\n    at next (C:\\Users\\MrLipa\\Desktop\\exam-freshcode\\server\\node_modules\\express\\lib\\router\\index.js:280:10)\n    at Function.handle (C:\\Users\\MrLipa\\Desktop\\exam-freshcode\\server\\node_modules\\express\\lib\\router\\index.js:175:3)\n    at router (C:\\Users\\MrLipa\\Desktop\\exam-freshcode\\server\\node_modules\\express\\lib\\router\\index.js:47:12)"
  },
  {
    "message": "user with this data didn`t exist",
    "time": "2025-02-25T11:37:55.392Z",
    "code": 404,
    "stackTrace": "UserNotFoundError: user with this data didn`t exist\n    at module.exports.findUser (C:\\Users\\MrLipa\\Desktop\\exam-freshcode\\server\\src\\controllers\\queries\\userQueries.js:21:11)\n    at process.processTicksAndRejections (node:internal/process/task_queues:95:5)\n    at async module.exports.login (C:\\Users\\MrLipa\\Desktop\\exam-freshcode\\server\\src\\controllers\\userController.js:14:23)"
  },
  {
    "message": "need token",
    "time": "2025-02-25T11:38:04.809Z",
    "code": 408,
    "stackTrace": "TokenError: need token\n    at module.exports.checkAuth (C:\\Users\\MrLipa\\Desktop\\exam-freshcode\\server\\src\\middlewares\\checkToken.js:9:17)\n    at Layer.handle [as handle_request] (C:\\Users\\MrLipa\\Desktop\\exam-freshcode\\server\\node_modules\\express\\lib\\router\\layer.js:95:5)\n    at next (C:\\Users\\MrLipa\\Desktop\\exam-freshcode\\server\\node_modules\\express\\lib\\router\\route.js:144:13)\n    at Route.dispatch (C:\\Users\\MrLipa\\Desktop\\exam-freshcode\\server\\node_modules\\express\\lib\\router\\route.js:114:3)\n    at Layer.handle [as handle_request] (C:\\Users\\MrLipa\\Desktop\\exam-freshcode\\server\\node_modules\\express\\lib\\router\\layer.js:95:5)\n    at C:\\Users\\MrLipa\\Desktop\\exam-freshcode\\server\\node_modules\\express\\lib\\router\\index.js:284:15\n    at Function.process_params (C:\\Users\\MrLipa\\Desktop\\exam-freshcode\\server\\node_modules\\express\\lib\\router\\index.js:346:12)\n    at next (C:\\Users\\MrLipa\\Desktop\\exam-freshcode\\server\\node_modules\\express\\lib\\router\\index.js:280:10)\n    at Function.handle (C:\\Users\\MrLipa\\Desktop\\exam-freshcode\\server\\node_modules\\express\\lib\\router\\index.js:175:3)\n    at router (C:\\Users\\MrLipa\\Desktop\\exam-freshcode\\server\\node_modules\\express\\lib\\router\\index.js:47:12)"
  },
  {
    "message": "need token",
    "time": "2025-02-25T11:38:04.816Z",
    "code": 408,
    "stackTrace": "TokenError: need token\n    at module.exports.checkAuth (C:\\Users\\MrLipa\\Desktop\\exam-freshcode\\server\\src\\middlewares\\checkToken.js:9:17)\n    at Layer.handle [as handle_request] (C:\\Users\\MrLipa\\Desktop\\exam-freshcode\\server\\node_modules\\express\\lib\\router\\layer.js:95:5)\n    at next (C:\\Users\\MrLipa\\Desktop\\exam-freshcode\\server\\node_modules\\express\\lib\\router\\route.js:144:13)\n    at Route.dispatch (C:\\Users\\MrLipa\\Desktop\\exam-freshcode\\server\\node_modules\\express\\lib\\router\\route.js:114:3)\n    at Layer.handle [as handle_request] (C:\\Users\\MrLipa\\Desktop\\exam-freshcode\\server\\node_modules\\express\\lib\\router\\layer.js:95:5)\n    at C:\\Users\\MrLipa\\Desktop\\exam-freshcode\\server\\node_modules\\express\\lib\\router\\index.js:284:15\n    at Function.process_params (C:\\Users\\MrLipa\\Desktop\\exam-freshcode\\server\\node_modules\\express\\lib\\router\\index.js:346:12)\n    at next (C:\\Users\\MrLipa\\Desktop\\exam-freshcode\\server\\node_modules\\express\\lib\\router\\index.js:280:10)\n    at Function.handle (C:\\Users\\MrLipa\\Desktop\\exam-freshcode\\server\\node_modules\\express\\lib\\router\\index.js:175:3)\n    at router (C:\\Users\\MrLipa\\Desktop\\exam-freshcode\\server\\node_modules\\express\\lib\\router\\index.js:47:12)"
  },
  {
    "message": "need token",
    "time": "2025-02-25T11:38:04.823Z",
    "code": 408,
    "stackTrace": "TokenError: need token\n    at module.exports.checkAuth (C:\\Users\\MrLipa\\Desktop\\exam-freshcode\\server\\src\\middlewares\\checkToken.js:9:17)\n    at Layer.handle [as handle_request] (C:\\Users\\MrLipa\\Desktop\\exam-freshcode\\server\\node_modules\\express\\lib\\router\\layer.js:95:5)\n    at next (C:\\Users\\MrLipa\\Desktop\\exam-freshcode\\server\\node_modules\\express\\lib\\router\\route.js:144:13)\n    at Route.dispatch (C:\\Users\\MrLipa\\Desktop\\exam-freshcode\\server\\node_modules\\express\\lib\\router\\route.js:114:3)\n    at Layer.handle [as handle_request] (C:\\Users\\MrLipa\\Desktop\\exam-freshcode\\server\\node_modules\\express\\lib\\router\\layer.js:95:5)\n    at C:\\Users\\MrLipa\\Desktop\\exam-freshcode\\server\\node_modules\\express\\lib\\router\\index.js:284:15\n    at Function.process_params (C:\\Users\\MrLipa\\Desktop\\exam-freshcode\\server\\node_modules\\express\\lib\\router\\index.js:346:12)\n    at next (C:\\Users\\MrLipa\\Desktop\\exam-freshcode\\server\\node_modules\\express\\lib\\router\\index.js:280:10)\n    at Function.handle (C:\\Users\\MrLipa\\Desktop\\exam-freshcode\\server\\node_modules\\express\\lib\\router\\index.js:175:3)\n    at router (C:\\Users\\MrLipa\\Desktop\\exam-freshcode\\server\\node_modules\\express\\lib\\router\\index.js:47:12)"
  },
  {
    "message": "need token",
    "time": "2025-02-25T11:38:06.949Z",
    "code": 408,
    "stackTrace": "TokenError: need token\n    at module.exports.checkAuth (C:\\Users\\MrLipa\\Desktop\\exam-freshcode\\server\\src\\middlewares\\checkToken.js:9:17)\n    at Layer.handle [as handle_request] (C:\\Users\\MrLipa\\Desktop\\exam-freshcode\\server\\node_modules\\express\\lib\\router\\layer.js:95:5)\n    at next (C:\\Users\\MrLipa\\Desktop\\exam-freshcode\\server\\node_modules\\express\\lib\\router\\route.js:144:13)\n    at Route.dispatch (C:\\Users\\MrLipa\\Desktop\\exam-freshcode\\server\\node_modules\\express\\lib\\router\\route.js:114:3)\n    at Layer.handle [as handle_request] (C:\\Users\\MrLipa\\Desktop\\exam-freshcode\\server\\node_modules\\express\\lib\\router\\layer.js:95:5)\n    at C:\\Users\\MrLipa\\Desktop\\exam-freshcode\\server\\node_modules\\express\\lib\\router\\index.js:284:15\n    at Function.process_params (C:\\Users\\MrLipa\\Desktop\\exam-freshcode\\server\\node_modules\\express\\lib\\router\\index.js:346:12)\n    at next (C:\\Users\\MrLipa\\Desktop\\exam-freshcode\\server\\node_modules\\express\\lib\\router\\index.js:280:10)\n    at Function.handle (C:\\Users\\MrLipa\\Desktop\\exam-freshcode\\server\\node_modules\\express\\lib\\router\\index.js:175:3)\n    at router (C:\\Users\\MrLipa\\Desktop\\exam-freshcode\\server\\node_modules\\express\\lib\\router\\index.js:47:12)"
  },
  {
    "message": "need token",
    "time": "2025-02-25T11:38:06.953Z",
    "code": 408,
    "stackTrace": "TokenError: need token\n    at module.exports.checkAuth (C:\\Users\\MrLipa\\Desktop\\exam-freshcode\\server\\src\\middlewares\\checkToken.js:9:17)\n    at Layer.handle [as handle_request] (C:\\Users\\MrLipa\\Desktop\\exam-freshcode\\server\\node_modules\\express\\lib\\router\\layer.js:95:5)\n    at next (C:\\Users\\MrLipa\\Desktop\\exam-freshcode\\server\\node_modules\\express\\lib\\router\\route.js:144:13)\n    at Route.dispatch (C:\\Users\\MrLipa\\Desktop\\exam-freshcode\\server\\node_modules\\express\\lib\\router\\route.js:114:3)\n    at Layer.handle [as handle_request] (C:\\Users\\MrLipa\\Desktop\\exam-freshcode\\server\\node_modules\\express\\lib\\router\\layer.js:95:5)\n    at C:\\Users\\MrLipa\\Desktop\\exam-freshcode\\server\\node_modules\\express\\lib\\router\\index.js:284:15\n    at Function.process_params (C:\\Users\\MrLipa\\Desktop\\exam-freshcode\\server\\node_modules\\express\\lib\\router\\index.js:346:12)\n    at next (C:\\Users\\MrLipa\\Desktop\\exam-freshcode\\server\\node_modules\\express\\lib\\router\\index.js:280:10)\n    at Function.handle (C:\\Users\\MrLipa\\Desktop\\exam-freshcode\\server\\node_modules\\express\\lib\\router\\index.js:175:3)\n    at router (C:\\Users\\MrLipa\\Desktop\\exam-freshcode\\server\\node_modules\\express\\lib\\router\\index.js:47:12)"
  },
  {
    "message": "need token",
    "time": "2025-02-25T11:38:06.961Z",
    "code": 408,
    "stackTrace": "TokenError: need token\n    at module.exports.checkAuth (C:\\Users\\MrLipa\\Desktop\\exam-freshcode\\server\\src\\middlewares\\checkToken.js:9:17)\n    at Layer.handle [as handle_request] (C:\\Users\\MrLipa\\Desktop\\exam-freshcode\\server\\node_modules\\express\\lib\\router\\layer.js:95:5)\n    at next (C:\\Users\\MrLipa\\Desktop\\exam-freshcode\\server\\node_modules\\express\\lib\\router\\route.js:144:13)\n    at Route.dispatch (C:\\Users\\MrLipa\\Desktop\\exam-freshcode\\server\\node_modules\\express\\lib\\router\\route.js:114:3)\n    at Layer.handle [as handle_request] (C:\\Users\\MrLipa\\Desktop\\exam-freshcode\\server\\node_modules\\express\\lib\\router\\layer.js:95:5)\n    at C:\\Users\\MrLipa\\Desktop\\exam-freshcode\\server\\node_modules\\express\\lib\\router\\index.js:284:15\n    at Function.process_params (C:\\Users\\MrLipa\\Desktop\\exam-freshcode\\server\\node_modules\\express\\lib\\router\\index.js:346:12)\n    at next (C:\\Users\\MrLipa\\Desktop\\exam-freshcode\\server\\node_modules\\express\\lib\\router\\index.js:280:10)\n    at Function.handle (C:\\Users\\MrLipa\\Desktop\\exam-freshcode\\server\\node_modules\\express\\lib\\router\\index.js:175:3)\n    at router (C:\\Users\\MrLipa\\Desktop\\exam-freshcode\\server\\node_modules\\express\\lib\\router\\index.js:47:12)"
  },
  {
    "message": "token error",
    "time": "2025-02-25T11:38:19.669Z",
    "code": 408,
    "stackTrace": "TokenError: token error\n    at module.exports.checkAuth (C:\\Users\\MrLipa\\Desktop\\exam-freshcode\\server\\src\\middlewares\\checkToken.js:25:10)\n    at Layer.handle [as handle_request] (C:\\Users\\MrLipa\\Desktop\\exam-freshcode\\server\\node_modules\\express\\lib\\router\\layer.js:95:5)\n    at next (C:\\Users\\MrLipa\\Desktop\\exam-freshcode\\server\\node_modules\\express\\lib\\router\\route.js:144:13)\n    at Route.dispatch (C:\\Users\\MrLipa\\Desktop\\exam-freshcode\\server\\node_modules\\express\\lib\\router\\route.js:114:3)\n    at Layer.handle [as handle_request] (C:\\Users\\MrLipa\\Desktop\\exam-freshcode\\server\\node_modules\\express\\lib\\router\\layer.js:95:5)\n    at C:\\Users\\MrLipa\\Desktop\\exam-freshcode\\server\\node_modules\\express\\lib\\router\\index.js:284:15\n    at Function.process_params (C:\\Users\\MrLipa\\Desktop\\exam-freshcode\\server\\node_modules\\express\\lib\\router\\index.js:346:12)\n    at next (C:\\Users\\MrLipa\\Desktop\\exam-freshcode\\server\\node_modules\\express\\lib\\router\\index.js:280:10)\n    at Function.handle (C:\\Users\\MrLipa\\Desktop\\exam-freshcode\\server\\node_modules\\express\\lib\\router\\index.js:175:3)\n    at router (C:\\Users\\MrLipa\\Desktop\\exam-freshcode\\server\\node_modules\\express\\lib\\router\\index.js:47:12)"
  },
  {
    "message": "token error",
    "time": "2025-02-25T11:38:19.674Z",
    "code": 408,
    "stackTrace": "TokenError: token error\n    at module.exports.checkAuth (C:\\Users\\MrLipa\\Desktop\\exam-freshcode\\server\\src\\middlewares\\checkToken.js:25:10)\n    at Layer.handle [as handle_request] (C:\\Users\\MrLipa\\Desktop\\exam-freshcode\\server\\node_modules\\express\\lib\\router\\layer.js:95:5)\n    at next (C:\\Users\\MrLipa\\Desktop\\exam-freshcode\\server\\node_modules\\express\\lib\\router\\route.js:144:13)\n    at Route.dispatch (C:\\Users\\MrLipa\\Desktop\\exam-freshcode\\server\\node_modules\\express\\lib\\router\\route.js:114:3)\n    at Layer.handle [as handle_request] (C:\\Users\\MrLipa\\Desktop\\exam-freshcode\\server\\node_modules\\express\\lib\\router\\layer.js:95:5)\n    at C:\\Users\\MrLipa\\Desktop\\exam-freshcode\\server\\node_modules\\express\\lib\\router\\index.js:284:15\n    at Function.process_params (C:\\Users\\MrLipa\\Desktop\\exam-freshcode\\server\\node_modules\\express\\lib\\router\\index.js:346:12)\n    at next (C:\\Users\\MrLipa\\Desktop\\exam-freshcode\\server\\node_modules\\express\\lib\\router\\index.js:280:10)\n    at Function.handle (C:\\Users\\MrLipa\\Desktop\\exam-freshcode\\server\\node_modules\\express\\lib\\router\\index.js:175:3)\n    at router (C:\\Users\\MrLipa\\Desktop\\exam-freshcode\\server\\node_modules\\express\\lib\\router\\index.js:47:12)"
  },
  {
    "message": "not enough rights",
    "time": "2025-02-25T11:44:20.533Z",
    "code": 423,
    "stackTrace": "RightsError: not enough rights\n    at module.exports.onlyForCustomerWhoCreateContest (C:\\Users\\MrLipa\\Desktop\\exam-freshcode\\server\\src\\middlewares\\basicMiddlewares.js:94:19)\n    at process.processTicksAndRejections (node:internal/process/task_queues:95:5)"
  },
  {
    "message": "not enough rights",
    "time": "2025-02-25T12:22:19.868Z",
    "code": 423,
    "stackTrace": "RightsError: not enough rights\n    at module.exports.onlyForCustomerWhoCreateContest (C:\\Users\\MrLipa\\Desktop\\exam-freshcode\\server\\src\\middlewares\\basicMiddlewares.js:94:19)\n    at process.processTicksAndRejections (node:internal/process/task_queues:95:5)"
  },
  {
    "message": "need token",
    "time": "2025-02-25T12:24:55.040Z",
    "code": 408,
    "stackTrace": "TokenError: need token\n    at module.exports.checkAuth (C:\\Users\\MrLipa\\Desktop\\exam-freshcode\\server\\src\\middlewares\\checkToken.js:9:17)\n    at Layer.handle [as handle_request] (C:\\Users\\MrLipa\\Desktop\\exam-freshcode\\server\\node_modules\\express\\lib\\router\\layer.js:95:5)\n    at next (C:\\Users\\MrLipa\\Desktop\\exam-freshcode\\server\\node_modules\\express\\lib\\router\\route.js:144:13)\n    at Route.dispatch (C:\\Users\\MrLipa\\Desktop\\exam-freshcode\\server\\node_modules\\express\\lib\\router\\route.js:114:3)\n    at Layer.handle [as handle_request] (C:\\Users\\MrLipa\\Desktop\\exam-freshcode\\server\\node_modules\\express\\lib\\router\\layer.js:95:5)\n    at C:\\Users\\MrLipa\\Desktop\\exam-freshcode\\server\\node_modules\\express\\lib\\router\\index.js:284:15\n    at Function.process_params (C:\\Users\\MrLipa\\Desktop\\exam-freshcode\\server\\node_modules\\express\\lib\\router\\index.js:346:12)\n    at next (C:\\Users\\MrLipa\\Desktop\\exam-freshcode\\server\\node_modules\\express\\lib\\router\\index.js:280:10)\n    at Function.handle (C:\\Users\\MrLipa\\Desktop\\exam-freshcode\\server\\node_modules\\express\\lib\\router\\index.js:175:3)\n    at router (C:\\Users\\MrLipa\\Desktop\\exam-freshcode\\server\\node_modules\\express\\lib\\router\\index.js:47:12)"
  },
  {
    "message": "need token",
    "time": "2025-02-25T12:24:55.045Z",
    "code": 408,
    "stackTrace": "TokenError: need token\n    at module.exports.checkAuth (C:\\Users\\MrLipa\\Desktop\\exam-freshcode\\server\\src\\middlewares\\checkToken.js:9:17)\n    at Layer.handle [as handle_request] (C:\\Users\\MrLipa\\Desktop\\exam-freshcode\\server\\node_modules\\express\\lib\\router\\layer.js:95:5)\n    at next (C:\\Users\\MrLipa\\Desktop\\exam-freshcode\\server\\node_modules\\express\\lib\\router\\route.js:144:13)\n    at Route.dispatch (C:\\Users\\MrLipa\\Desktop\\exam-freshcode\\server\\node_modules\\express\\lib\\router\\route.js:114:3)\n    at Layer.handle [as handle_request] (C:\\Users\\MrLipa\\Desktop\\exam-freshcode\\server\\node_modules\\express\\lib\\router\\layer.js:95:5)\n    at C:\\Users\\MrLipa\\Desktop\\exam-freshcode\\server\\node_modules\\express\\lib\\router\\index.js:284:15\n    at Function.process_params (C:\\Users\\MrLipa\\Desktop\\exam-freshcode\\server\\node_modules\\express\\lib\\router\\index.js:346:12)\n    at next (C:\\Users\\MrLipa\\Desktop\\exam-freshcode\\server\\node_modules\\express\\lib\\router\\index.js:280:10)\n    at Function.handle (C:\\Users\\MrLipa\\Desktop\\exam-freshcode\\server\\node_modules\\express\\lib\\router\\index.js:175:3)\n    at router (C:\\Users\\MrLipa\\Desktop\\exam-freshcode\\server\\node_modules\\express\\lib\\router\\index.js:47:12)"
  },
  {
    "message": "need token",
    "time": "2025-02-25T12:24:55.429Z",
    "code": 408,
    "stackTrace": "TokenError: need token\n    at module.exports.checkAuth (C:\\Users\\MrLipa\\Desktop\\exam-freshcode\\server\\src\\middlewares\\checkToken.js:9:17)\n    at Layer.handle [as handle_request] (C:\\Users\\MrLipa\\Desktop\\exam-freshcode\\server\\node_modules\\express\\lib\\router\\layer.js:95:5)\n    at next (C:\\Users\\MrLipa\\Desktop\\exam-freshcode\\server\\node_modules\\express\\lib\\router\\route.js:144:13)\n    at Route.dispatch (C:\\Users\\MrLipa\\Desktop\\exam-freshcode\\server\\node_modules\\express\\lib\\router\\route.js:114:3)\n    at Layer.handle [as handle_request] (C:\\Users\\MrLipa\\Desktop\\exam-freshcode\\server\\node_modules\\express\\lib\\router\\layer.js:95:5)\n    at C:\\Users\\MrLipa\\Desktop\\exam-freshcode\\server\\node_modules\\express\\lib\\router\\index.js:284:15\n    at Function.process_params (C:\\Users\\MrLipa\\Desktop\\exam-freshcode\\server\\node_modules\\express\\lib\\router\\index.js:346:12)\n    at next (C:\\Users\\MrLipa\\Desktop\\exam-freshcode\\server\\node_modules\\express\\lib\\router\\index.js:280:10)\n    at Function.handle (C:\\Users\\MrLipa\\Desktop\\exam-freshcode\\server\\node_modules\\express\\lib\\router\\index.js:175:3)\n    at router (C:\\Users\\MrLipa\\Desktop\\exam-freshcode\\server\\node_modules\\express\\lib\\router\\index.js:47:12)"
  },
  {
    "message": "need token",
    "time": "2025-02-25T12:24:55.435Z",
    "code": 408,
    "stackTrace": "TokenError: need token\n    at module.exports.checkAuth (C:\\Users\\MrLipa\\Desktop\\exam-freshcode\\server\\src\\middlewares\\checkToken.js:9:17)\n    at Layer.handle [as handle_request] (C:\\Users\\MrLipa\\Desktop\\exam-freshcode\\server\\node_modules\\express\\lib\\router\\layer.js:95:5)\n    at next (C:\\Users\\MrLipa\\Desktop\\exam-freshcode\\server\\node_modules\\express\\lib\\router\\route.js:144:13)\n    at Route.dispatch (C:\\Users\\MrLipa\\Desktop\\exam-freshcode\\server\\node_modules\\express\\lib\\router\\route.js:114:3)\n    at Layer.handle [as handle_request] (C:\\Users\\MrLipa\\Desktop\\exam-freshcode\\server\\node_modules\\express\\lib\\router\\layer.js:95:5)\n    at C:\\Users\\MrLipa\\Desktop\\exam-freshcode\\server\\node_modules\\express\\lib\\router\\index.js:284:15\n    at Function.process_params (C:\\Users\\MrLipa\\Desktop\\exam-freshcode\\server\\node_modules\\express\\lib\\router\\index.js:346:12)\n    at next (C:\\Users\\MrLipa\\Desktop\\exam-freshcode\\server\\node_modules\\express\\lib\\router\\index.js:280:10)\n    at Function.handle (C:\\Users\\MrLipa\\Desktop\\exam-freshcode\\server\\node_modules\\express\\lib\\router\\index.js:175:3)\n    at router (C:\\Users\\MrLipa\\Desktop\\exam-freshcode\\server\\node_modules\\express\\lib\\router\\index.js:47:12)"
  },
  {
    "message": "need token",
    "time": "2025-02-25T12:24:57.338Z",
    "code": 408,
    "stackTrace": "TokenError: need token\n    at module.exports.checkAuth (C:\\Users\\MrLipa\\Desktop\\exam-freshcode\\server\\src\\middlewares\\checkToken.js:9:17)\n    at Layer.handle [as handle_request] (C:\\Users\\MrLipa\\Desktop\\exam-freshcode\\server\\node_modules\\express\\lib\\router\\layer.js:95:5)\n    at next (C:\\Users\\MrLipa\\Desktop\\exam-freshcode\\server\\node_modules\\express\\lib\\router\\route.js:144:13)\n    at Route.dispatch (C:\\Users\\MrLipa\\Desktop\\exam-freshcode\\server\\node_modules\\express\\lib\\router\\route.js:114:3)\n    at Layer.handle [as handle_request] (C:\\Users\\MrLipa\\Desktop\\exam-freshcode\\server\\node_modules\\express\\lib\\router\\layer.js:95:5)\n    at C:\\Users\\MrLipa\\Desktop\\exam-freshcode\\server\\node_modules\\express\\lib\\router\\index.js:284:15\n    at Function.process_params (C:\\Users\\MrLipa\\Desktop\\exam-freshcode\\server\\node_modules\\express\\lib\\router\\index.js:346:12)\n    at next (C:\\Users\\MrLipa\\Desktop\\exam-freshcode\\server\\node_modules\\express\\lib\\router\\index.js:280:10)\n    at Function.handle (C:\\Users\\MrLipa\\Desktop\\exam-freshcode\\server\\node_modules\\express\\lib\\router\\index.js:175:3)\n    at router (C:\\Users\\MrLipa\\Desktop\\exam-freshcode\\server\\node_modules\\express\\lib\\router\\index.js:47:12)"
  },
  {
    "message": "need token",
    "time": "2025-02-25T12:24:57.345Z",
    "code": 408,
    "stackTrace": "TokenError: need token\n    at module.exports.checkAuth (C:\\Users\\MrLipa\\Desktop\\exam-freshcode\\server\\src\\middlewares\\checkToken.js:9:17)\n    at Layer.handle [as handle_request] (C:\\Users\\MrLipa\\Desktop\\exam-freshcode\\server\\node_modules\\express\\lib\\router\\layer.js:95:5)\n    at next (C:\\Users\\MrLipa\\Desktop\\exam-freshcode\\server\\node_modules\\express\\lib\\router\\route.js:144:13)\n    at Route.dispatch (C:\\Users\\MrLipa\\Desktop\\exam-freshcode\\server\\node_modules\\express\\lib\\router\\route.js:114:3)\n    at Layer.handle [as handle_request] (C:\\Users\\MrLipa\\Desktop\\exam-freshcode\\server\\node_modules\\express\\lib\\router\\layer.js:95:5)\n    at C:\\Users\\MrLipa\\Desktop\\exam-freshcode\\server\\node_modules\\express\\lib\\router\\index.js:284:15\n    at Function.process_params (C:\\Users\\MrLipa\\Desktop\\exam-freshcode\\server\\node_modules\\express\\lib\\router\\index.js:346:12)\n    at next (C:\\Users\\MrLipa\\Desktop\\exam-freshcode\\server\\node_modules\\express\\lib\\router\\index.js:280:10)\n    at Function.handle (C:\\Users\\MrLipa\\Desktop\\exam-freshcode\\server\\node_modules\\express\\lib\\router\\index.js:175:3)\n    at router (C:\\Users\\MrLipa\\Desktop\\exam-freshcode\\server\\node_modules\\express\\lib\\router\\index.js:47:12)"
  },
  {
    "message": "not enough rights",
    "time": "2025-02-25T12:32:23.096Z",
    "code": 423,
    "stackTrace": "RightsError: not enough rights\n    at module.exports.onlyForCustomerWhoCreateContest (C:\\Users\\MrLipa\\Desktop\\exam-freshcode\\server\\src\\middlewares\\basicMiddlewares.js:94:19)\n    at process.processTicksAndRejections (node:internal/process/task_queues:95:5)"
  },
  {
    "message": "token error",
    "time": "2025-02-25T12:39:07.567Z",
    "code": 408,
    "stackTrace": "TokenError: token error\n    at module.exports.checkToken (C:\\Users\\MrLipa\\Desktop\\exam-freshcode\\server\\src\\middlewares\\checkToken.js:38:10)\n    at Layer.handle [as handle_request] (C:\\Users\\MrLipa\\Desktop\\exam-freshcode\\server\\node_modules\\express\\lib\\router\\layer.js:95:5)\n    at next (C:\\Users\\MrLipa\\Desktop\\exam-freshcode\\server\\node_modules\\express\\lib\\router\\route.js:144:13)\n    at Route.dispatch (C:\\Users\\MrLipa\\Desktop\\exam-freshcode\\server\\node_modules\\express\\lib\\router\\route.js:114:3)\n    at Layer.handle [as handle_request] (C:\\Users\\MrLipa\\Desktop\\exam-freshcode\\server\\node_modules\\express\\lib\\router\\layer.js:95:5)\n    at C:\\Users\\MrLipa\\Desktop\\exam-freshcode\\server\\node_modules\\express\\lib\\router\\index.js:284:15\n    at Function.process_params (C:\\Users\\MrLipa\\Desktop\\exam-freshcode\\server\\node_modules\\express\\lib\\router\\index.js:346:12)\n    at next (C:\\Users\\MrLipa\\Desktop\\exam-freshcode\\server\\node_modules\\express\\lib\\router\\index.js:280:10)\n    at Function.handle (C:\\Users\\MrLipa\\Desktop\\exam-freshcode\\server\\node_modules\\express\\lib\\router\\index.js:175:3)\n    at router (C:\\Users\\MrLipa\\Desktop\\exam-freshcode\\server\\node_modules\\express\\lib\\router\\index.js:47:12)"
  },
  {
    "message": "token error",
    "time": "2025-02-25T12:39:07.574Z",
    "code": 408,
    "stackTrace": "TokenError: token error\n    at module.exports.checkToken (C:\\Users\\MrLipa\\Desktop\\exam-freshcode\\server\\src\\middlewares\\checkToken.js:38:10)\n    at Layer.handle [as handle_request] (C:\\Users\\MrLipa\\Desktop\\exam-freshcode\\server\\node_modules\\express\\lib\\router\\layer.js:95:5)\n    at next (C:\\Users\\MrLipa\\Desktop\\exam-freshcode\\server\\node_modules\\express\\lib\\router\\route.js:144:13)\n    at Route.dispatch (C:\\Users\\MrLipa\\Desktop\\exam-freshcode\\server\\node_modules\\express\\lib\\router\\route.js:114:3)\n    at Layer.handle [as handle_request] (C:\\Users\\MrLipa\\Desktop\\exam-freshcode\\server\\node_modules\\express\\lib\\router\\layer.js:95:5)\n    at C:\\Users\\MrLipa\\Desktop\\exam-freshcode\\server\\node_modules\\express\\lib\\router\\index.js:284:15\n    at Function.process_params (C:\\Users\\MrLipa\\Desktop\\exam-freshcode\\server\\node_modules\\express\\lib\\router\\index.js:346:12)\n    at next (C:\\Users\\MrLipa\\Desktop\\exam-freshcode\\server\\node_modules\\express\\lib\\router\\index.js:280:10)\n    at Function.handle (C:\\Users\\MrLipa\\Desktop\\exam-freshcode\\server\\node_modules\\express\\lib\\router\\index.js:175:3)\n    at router (C:\\Users\\MrLipa\\Desktop\\exam-freshcode\\server\\node_modules\\express\\lib\\router\\index.js:47:12)"
  },
  {
    "message": "token error",
    "time": "2025-02-25T12:39:07.660Z",
    "code": 408,
    "stackTrace": "TokenError: token error\n    at module.exports.checkAuth (C:\\Users\\MrLipa\\Desktop\\exam-freshcode\\server\\src\\middlewares\\checkToken.js:25:10)\n    at Layer.handle [as handle_request] (C:\\Users\\MrLipa\\Desktop\\exam-freshcode\\server\\node_modules\\express\\lib\\router\\layer.js:95:5)\n    at next (C:\\Users\\MrLipa\\Desktop\\exam-freshcode\\server\\node_modules\\express\\lib\\router\\route.js:144:13)\n    at Route.dispatch (C:\\Users\\MrLipa\\Desktop\\exam-freshcode\\server\\node_modules\\express\\lib\\router\\route.js:114:3)\n    at Layer.handle [as handle_request] (C:\\Users\\MrLipa\\Desktop\\exam-freshcode\\server\\node_modules\\express\\lib\\router\\layer.js:95:5)\n    at C:\\Users\\MrLipa\\Desktop\\exam-freshcode\\server\\node_modules\\express\\lib\\router\\index.js:284:15\n    at Function.process_params (C:\\Users\\MrLipa\\Desktop\\exam-freshcode\\server\\node_modules\\express\\lib\\router\\index.js:346:12)\n    at next (C:\\Users\\MrLipa\\Desktop\\exam-freshcode\\server\\node_modules\\express\\lib\\router\\index.js:280:10)\n    at Function.handle (C:\\Users\\MrLipa\\Desktop\\exam-freshcode\\server\\node_modules\\express\\lib\\router\\index.js:175:3)\n    at router (C:\\Users\\MrLipa\\Desktop\\exam-freshcode\\server\\node_modules\\express\\lib\\router\\index.js:47:12)"
  },
  {
    "message": "token error",
    "time": "2025-02-25T12:39:07.669Z",
    "code": 408,
    "stackTrace": "TokenError: token error\n    at module.exports.checkAuth (C:\\Users\\MrLipa\\Desktop\\exam-freshcode\\server\\src\\middlewares\\checkToken.js:25:10)\n    at Layer.handle [as handle_request] (C:\\Users\\MrLipa\\Desktop\\exam-freshcode\\server\\node_modules\\express\\lib\\router\\layer.js:95:5)\n    at next (C:\\Users\\MrLipa\\Desktop\\exam-freshcode\\server\\node_modules\\express\\lib\\router\\route.js:144:13)\n    at Route.dispatch (C:\\Users\\MrLipa\\Desktop\\exam-freshcode\\server\\node_modules\\express\\lib\\router\\route.js:114:3)\n    at Layer.handle [as handle_request] (C:\\Users\\MrLipa\\Desktop\\exam-freshcode\\server\\node_modules\\express\\lib\\router\\layer.js:95:5)\n    at C:\\Users\\MrLipa\\Desktop\\exam-freshcode\\server\\node_modules\\express\\lib\\router\\index.js:284:15\n    at Function.process_params (C:\\Users\\MrLipa\\Desktop\\exam-freshcode\\server\\node_modules\\express\\lib\\router\\index.js:346:12)\n    at next (C:\\Users\\MrLipa\\Desktop\\exam-freshcode\\server\\node_modules\\express\\lib\\router\\index.js:280:10)\n    at Function.handle (C:\\Users\\MrLipa\\Desktop\\exam-freshcode\\server\\node_modules\\express\\lib\\router\\index.js:175:3)\n    at router (C:\\Users\\MrLipa\\Desktop\\exam-freshcode\\server\\node_modules\\express\\lib\\router\\index.js:47:12)"
  },
  {
    "message": "token error",
    "time": "2025-02-25T12:39:07.676Z",
    "code": 408,
    "stackTrace": "TokenError: token error\n    at module.exports.checkAuth (C:\\Users\\MrLipa\\Desktop\\exam-freshcode\\server\\src\\middlewares\\checkToken.js:25:10)\n    at Layer.handle [as handle_request] (C:\\Users\\MrLipa\\Desktop\\exam-freshcode\\server\\node_modules\\express\\lib\\router\\layer.js:95:5)\n    at next (C:\\Users\\MrLipa\\Desktop\\exam-freshcode\\server\\node_modules\\express\\lib\\router\\route.js:144:13)\n    at Route.dispatch (C:\\Users\\MrLipa\\Desktop\\exam-freshcode\\server\\node_modules\\express\\lib\\router\\route.js:114:3)\n    at Layer.handle [as handle_request] (C:\\Users\\MrLipa\\Desktop\\exam-freshcode\\server\\node_modules\\express\\lib\\router\\layer.js:95:5)\n    at C:\\Users\\MrLipa\\Desktop\\exam-freshcode\\server\\node_modules\\express\\lib\\router\\index.js:284:15\n    at Function.process_params (C:\\Users\\MrLipa\\Desktop\\exam-freshcode\\server\\node_modules\\express\\lib\\router\\index.js:346:12)\n    at next (C:\\Users\\MrLipa\\Desktop\\exam-freshcode\\server\\node_modules\\express\\lib\\router\\index.js:280:10)\n    at Function.handle (C:\\Users\\MrLipa\\Desktop\\exam-freshcode\\server\\node_modules\\express\\lib\\router\\index.js:175:3)\n    at router (C:\\Users\\MrLipa\\Desktop\\exam-freshcode\\server\\node_modules\\express\\lib\\router\\index.js:47:12)"
  },
  {
    "message": "token error",
    "time": "2025-02-25T12:39:12.141Z",
    "code": 408,
    "stackTrace": "TokenError: token error\n    at module.exports.checkAuth (C:\\Users\\MrLipa\\Desktop\\exam-freshcode\\server\\src\\middlewares\\checkToken.js:25:10)\n    at Layer.handle [as handle_request] (C:\\Users\\MrLipa\\Desktop\\exam-freshcode\\server\\node_modules\\express\\lib\\router\\layer.js:95:5)\n    at next (C:\\Users\\MrLipa\\Desktop\\exam-freshcode\\server\\node_modules\\express\\lib\\router\\route.js:144:13)\n    at Route.dispatch (C:\\Users\\MrLipa\\Desktop\\exam-freshcode\\server\\node_modules\\express\\lib\\router\\route.js:114:3)\n    at Layer.handle [as handle_request] (C:\\Users\\MrLipa\\Desktop\\exam-freshcode\\server\\node_modules\\express\\lib\\router\\layer.js:95:5)\n    at C:\\Users\\MrLipa\\Desktop\\exam-freshcode\\server\\node_modules\\express\\lib\\router\\index.js:284:15\n    at Function.process_params (C:\\Users\\MrLipa\\Desktop\\exam-freshcode\\server\\node_modules\\express\\lib\\router\\index.js:346:12)\n    at next (C:\\Users\\MrLipa\\Desktop\\exam-freshcode\\server\\node_modules\\express\\lib\\router\\index.js:280:10)\n    at Function.handle (C:\\Users\\MrLipa\\Desktop\\exam-freshcode\\server\\node_modules\\express\\lib\\router\\index.js:175:3)\n    at router (C:\\Users\\MrLipa\\Desktop\\exam-freshcode\\server\\node_modules\\express\\lib\\router\\index.js:47:12)"
  },
  {
    "message": "token error",
    "time": "2025-02-25T12:39:12.147Z",
    "code": 408,
    "stackTrace": "TokenError: token error\n    at module.exports.checkAuth (C:\\Users\\MrLipa\\Desktop\\exam-freshcode\\server\\src\\middlewares\\checkToken.js:25:10)\n    at Layer.handle [as handle_request] (C:\\Users\\MrLipa\\Desktop\\exam-freshcode\\server\\node_modules\\express\\lib\\router\\layer.js:95:5)\n    at next (C:\\Users\\MrLipa\\Desktop\\exam-freshcode\\server\\node_modules\\express\\lib\\router\\route.js:144:13)\n    at Route.dispatch (C:\\Users\\MrLipa\\Desktop\\exam-freshcode\\server\\node_modules\\express\\lib\\router\\route.js:114:3)\n    at Layer.handle [as handle_request] (C:\\Users\\MrLipa\\Desktop\\exam-freshcode\\server\\node_modules\\express\\lib\\router\\layer.js:95:5)\n    at C:\\Users\\MrLipa\\Desktop\\exam-freshcode\\server\\node_modules\\express\\lib\\router\\index.js:284:15\n    at Function.process_params (C:\\Users\\MrLipa\\Desktop\\exam-freshcode\\server\\node_modules\\express\\lib\\router\\index.js:346:12)\n    at next (C:\\Users\\MrLipa\\Desktop\\exam-freshcode\\server\\node_modules\\express\\lib\\router\\index.js:280:10)\n    at Function.handle (C:\\Users\\MrLipa\\Desktop\\exam-freshcode\\server\\node_modules\\express\\lib\\router\\index.js:175:3)\n    at router (C:\\Users\\MrLipa\\Desktop\\exam-freshcode\\server\\node_modules\\express\\lib\\router\\index.js:47:12)"
  },
  {
    "message": "token error",
    "time": "2025-02-25T12:39:12.154Z",
    "code": 408,
    "stackTrace": "TokenError: token error\n    at module.exports.checkAuth (C:\\Users\\MrLipa\\Desktop\\exam-freshcode\\server\\src\\middlewares\\checkToken.js:25:10)\n    at Layer.handle [as handle_request] (C:\\Users\\MrLipa\\Desktop\\exam-freshcode\\server\\node_modules\\express\\lib\\router\\layer.js:95:5)\n    at next (C:\\Users\\MrLipa\\Desktop\\exam-freshcode\\server\\node_modules\\express\\lib\\router\\route.js:144:13)\n    at Route.dispatch (C:\\Users\\MrLipa\\Desktop\\exam-freshcode\\server\\node_modules\\express\\lib\\router\\route.js:114:3)\n    at Layer.handle [as handle_request] (C:\\Users\\MrLipa\\Desktop\\exam-freshcode\\server\\node_modules\\express\\lib\\router\\layer.js:95:5)\n    at C:\\Users\\MrLipa\\Desktop\\exam-freshcode\\server\\node_modules\\express\\lib\\router\\index.js:284:15\n    at Function.process_params (C:\\Users\\MrLipa\\Desktop\\exam-freshcode\\server\\node_modules\\express\\lib\\router\\index.js:346:12)\n    at next (C:\\Users\\MrLipa\\Desktop\\exam-freshcode\\server\\node_modules\\express\\lib\\router\\index.js:280:10)\n    at Function.handle (C:\\Users\\MrLipa\\Desktop\\exam-freshcode\\server\\node_modules\\express\\lib\\router\\index.js:175:3)\n    at router (C:\\Users\\MrLipa\\Desktop\\exam-freshcode\\server\\node_modules\\express\\lib\\router\\index.js:47:12)"
  },
  {
    "message": "token error",
    "time": "2025-02-25T12:40:28.733Z",
    "code": 408,
    "stackTrace": "TokenError: token error\n    at module.exports.checkAuth (C:\\Users\\MrLipa\\Desktop\\exam-freshcode\\server\\src\\middlewares\\checkToken.js:25:10)\n    at Layer.handle [as handle_request] (C:\\Users\\MrLipa\\Desktop\\exam-freshcode\\server\\node_modules\\express\\lib\\router\\layer.js:95:5)\n    at next (C:\\Users\\MrLipa\\Desktop\\exam-freshcode\\server\\node_modules\\express\\lib\\router\\route.js:144:13)\n    at Route.dispatch (C:\\Users\\MrLipa\\Desktop\\exam-freshcode\\server\\node_modules\\express\\lib\\router\\route.js:114:3)\n    at Layer.handle [as handle_request] (C:\\Users\\MrLipa\\Desktop\\exam-freshcode\\server\\node_modules\\express\\lib\\router\\layer.js:95:5)\n    at C:\\Users\\MrLipa\\Desktop\\exam-freshcode\\server\\node_modules\\express\\lib\\router\\index.js:284:15\n    at Function.process_params (C:\\Users\\MrLipa\\Desktop\\exam-freshcode\\server\\node_modules\\express\\lib\\router\\index.js:346:12)\n    at next (C:\\Users\\MrLipa\\Desktop\\exam-freshcode\\server\\node_modules\\express\\lib\\router\\index.js:280:10)\n    at Function.handle (C:\\Users\\MrLipa\\Desktop\\exam-freshcode\\server\\node_modules\\express\\lib\\router\\index.js:175:3)\n    at router (C:\\Users\\MrLipa\\Desktop\\exam-freshcode\\server\\node_modules\\express\\lib\\router\\index.js:47:12)"
  },
  {
    "message": "token error",
    "time": "2025-02-25T12:40:28.738Z",
    "code": 408,
    "stackTrace": "TokenError: token error\n    at module.exports.checkAuth (C:\\Users\\MrLipa\\Desktop\\exam-freshcode\\server\\src\\middlewares\\checkToken.js:25:10)\n    at Layer.handle [as handle_request] (C:\\Users\\MrLipa\\Desktop\\exam-freshcode\\server\\node_modules\\express\\lib\\router\\layer.js:95:5)\n    at next (C:\\Users\\MrLipa\\Desktop\\exam-freshcode\\server\\node_modules\\express\\lib\\router\\route.js:144:13)\n    at Route.dispatch (C:\\Users\\MrLipa\\Desktop\\exam-freshcode\\server\\node_modules\\express\\lib\\router\\route.js:114:3)\n    at Layer.handle [as handle_request] (C:\\Users\\MrLipa\\Desktop\\exam-freshcode\\server\\node_modules\\express\\lib\\router\\layer.js:95:5)\n    at C:\\Users\\MrLipa\\Desktop\\exam-freshcode\\server\\node_modules\\express\\lib\\router\\index.js:284:15\n    at Function.process_params (C:\\Users\\MrLipa\\Desktop\\exam-freshcode\\server\\node_modules\\express\\lib\\router\\index.js:346:12)\n    at next (C:\\Users\\MrLipa\\Desktop\\exam-freshcode\\server\\node_modules\\express\\lib\\router\\index.js:280:10)\n    at Function.handle (C:\\Users\\MrLipa\\Desktop\\exam-freshcode\\server\\node_modules\\express\\lib\\router\\index.js:175:3)\n    at router (C:\\Users\\MrLipa\\Desktop\\exam-freshcode\\server\\node_modules\\express\\lib\\router\\index.js:47:12)"
  },
  {
    "message": "token error",
    "time": "2025-02-25T12:40:28.744Z",
    "code": 408,
    "stackTrace": "TokenError: token error\n    at module.exports.checkAuth (C:\\Users\\MrLipa\\Desktop\\exam-freshcode\\server\\src\\middlewares\\checkToken.js:25:10)\n    at Layer.handle [as handle_request] (C:\\Users\\MrLipa\\Desktop\\exam-freshcode\\server\\node_modules\\express\\lib\\router\\layer.js:95:5)\n    at next (C:\\Users\\MrLipa\\Desktop\\exam-freshcode\\server\\node_modules\\express\\lib\\router\\route.js:144:13)\n    at Route.dispatch (C:\\Users\\MrLipa\\Desktop\\exam-freshcode\\server\\node_modules\\express\\lib\\router\\route.js:114:3)\n    at Layer.handle [as handle_request] (C:\\Users\\MrLipa\\Desktop\\exam-freshcode\\server\\node_modules\\express\\lib\\router\\layer.js:95:5)\n    at C:\\Users\\MrLipa\\Desktop\\exam-freshcode\\server\\node_modules\\express\\lib\\router\\index.js:284:15\n    at Function.process_params (C:\\Users\\MrLipa\\Desktop\\exam-freshcode\\server\\node_modules\\express\\lib\\router\\index.js:346:12)\n    at next (C:\\Users\\MrLipa\\Desktop\\exam-freshcode\\server\\node_modules\\express\\lib\\router\\index.js:280:10)\n    at Function.handle (C:\\Users\\MrLipa\\Desktop\\exam-freshcode\\server\\node_modules\\express\\lib\\router\\index.js:175:3)\n    at router (C:\\Users\\MrLipa\\Desktop\\exam-freshcode\\server\\node_modules\\express\\lib\\router\\index.js:47:12)"
  },
  {
    "message": "token error",
    "time": "2025-02-25T12:40:28.850Z",
    "code": 408,
    "stackTrace": "TokenError: token error\n    at module.exports.checkAuth (C:\\Users\\MrLipa\\Desktop\\exam-freshcode\\server\\src\\middlewares\\checkToken.js:25:10)\n    at Layer.handle [as handle_request] (C:\\Users\\MrLipa\\Desktop\\exam-freshcode\\server\\node_modules\\express\\lib\\router\\layer.js:95:5)\n    at next (C:\\Users\\MrLipa\\Desktop\\exam-freshcode\\server\\node_modules\\express\\lib\\router\\route.js:144:13)\n    at Route.dispatch (C:\\Users\\MrLipa\\Desktop\\exam-freshcode\\server\\node_modules\\express\\lib\\router\\route.js:114:3)\n    at Layer.handle [as handle_request] (C:\\Users\\MrLipa\\Desktop\\exam-freshcode\\server\\node_modules\\express\\lib\\router\\layer.js:95:5)\n    at C:\\Users\\MrLipa\\Desktop\\exam-freshcode\\server\\node_modules\\express\\lib\\router\\index.js:284:15\n    at Function.process_params (C:\\Users\\MrLipa\\Desktop\\exam-freshcode\\server\\node_modules\\express\\lib\\router\\index.js:346:12)\n    at next (C:\\Users\\MrLipa\\Desktop\\exam-freshcode\\server\\node_modules\\express\\lib\\router\\index.js:280:10)\n    at Function.handle (C:\\Users\\MrLipa\\Desktop\\exam-freshcode\\server\\node_modules\\express\\lib\\router\\index.js:175:3)\n    at router (C:\\Users\\MrLipa\\Desktop\\exam-freshcode\\server\\node_modules\\express\\lib\\router\\index.js:47:12)"
  },
  {
    "message": "token error",
    "time": "2025-02-25T12:40:28.856Z",
    "code": 408,
    "stackTrace": "TokenError: token error\n    at module.exports.checkAuth (C:\\Users\\MrLipa\\Desktop\\exam-freshcode\\server\\src\\middlewares\\checkToken.js:25:10)\n    at Layer.handle [as handle_request] (C:\\Users\\MrLipa\\Desktop\\exam-freshcode\\server\\node_modules\\express\\lib\\router\\layer.js:95:5)\n    at next (C:\\Users\\MrLipa\\Desktop\\exam-freshcode\\server\\node_modules\\express\\lib\\router\\route.js:144:13)\n    at Route.dispatch (C:\\Users\\MrLipa\\Desktop\\exam-freshcode\\server\\node_modules\\express\\lib\\router\\route.js:114:3)\n    at Layer.handle [as handle_request] (C:\\Users\\MrLipa\\Desktop\\exam-freshcode\\server\\node_modules\\express\\lib\\router\\layer.js:95:5)\n    at C:\\Users\\MrLipa\\Desktop\\exam-freshcode\\server\\node_modules\\express\\lib\\router\\index.js:284:15\n    at Function.process_params (C:\\Users\\MrLipa\\Desktop\\exam-freshcode\\server\\node_modules\\express\\lib\\router\\index.js:346:12)\n    at next (C:\\Users\\MrLipa\\Desktop\\exam-freshcode\\server\\node_modules\\express\\lib\\router\\index.js:280:10)\n    at Function.handle (C:\\Users\\MrLipa\\Desktop\\exam-freshcode\\server\\node_modules\\express\\lib\\router\\index.js:175:3)\n    at router (C:\\Users\\MrLipa\\Desktop\\exam-freshcode\\server\\node_modules\\express\\lib\\router\\index.js:47:12)"
  },
  {
    "message": "token error",
    "time": "2025-02-25T12:40:42.857Z",
    "code": 408,
    "stackTrace": "TokenError: token error\n    at module.exports.checkAuth (C:\\Users\\MrLipa\\Desktop\\exam-freshcode\\server\\src\\middlewares\\checkToken.js:25:10)\n    at Layer.handle [as handle_request] (C:\\Users\\MrLipa\\Desktop\\exam-freshcode\\server\\node_modules\\express\\lib\\router\\layer.js:95:5)\n    at next (C:\\Users\\MrLipa\\Desktop\\exam-freshcode\\server\\node_modules\\express\\lib\\router\\route.js:144:13)\n    at Route.dispatch (C:\\Users\\MrLipa\\Desktop\\exam-freshcode\\server\\node_modules\\express\\lib\\router\\route.js:114:3)\n    at Layer.handle [as handle_request] (C:\\Users\\MrLipa\\Desktop\\exam-freshcode\\server\\node_modules\\express\\lib\\router\\layer.js:95:5)\n    at C:\\Users\\MrLipa\\Desktop\\exam-freshcode\\server\\node_modules\\express\\lib\\router\\index.js:284:15\n    at Function.process_params (C:\\Users\\MrLipa\\Desktop\\exam-freshcode\\server\\node_modules\\express\\lib\\router\\index.js:346:12)\n    at next (C:\\Users\\MrLipa\\Desktop\\exam-freshcode\\server\\node_modules\\express\\lib\\router\\index.js:280:10)\n    at Function.handle (C:\\Users\\MrLipa\\Desktop\\exam-freshcode\\server\\node_modules\\express\\lib\\router\\index.js:175:3)\n    at router (C:\\Users\\MrLipa\\Desktop\\exam-freshcode\\server\\node_modules\\express\\lib\\router\\index.js:47:12)"
  },
  {
    "message": "token error",
    "time": "2025-02-25T12:40:42.862Z",
    "code": 408,
    "stackTrace": "TokenError: token error\n    at module.exports.checkAuth (C:\\Users\\MrLipa\\Desktop\\exam-freshcode\\server\\src\\middlewares\\checkToken.js:25:10)\n    at Layer.handle [as handle_request] (C:\\Users\\MrLipa\\Desktop\\exam-freshcode\\server\\node_modules\\express\\lib\\router\\layer.js:95:5)\n    at next (C:\\Users\\MrLipa\\Desktop\\exam-freshcode\\server\\node_modules\\express\\lib\\router\\route.js:144:13)\n    at Route.dispatch (C:\\Users\\MrLipa\\Desktop\\exam-freshcode\\server\\node_modules\\express\\lib\\router\\route.js:114:3)\n    at Layer.handle [as handle_request] (C:\\Users\\MrLipa\\Desktop\\exam-freshcode\\server\\node_modules\\express\\lib\\router\\layer.js:95:5)\n    at C:\\Users\\MrLipa\\Desktop\\exam-freshcode\\server\\node_modules\\express\\lib\\router\\index.js:284:15\n    at Function.process_params (C:\\Users\\MrLipa\\Desktop\\exam-freshcode\\server\\node_modules\\express\\lib\\router\\index.js:346:12)\n    at next (C:\\Users\\MrLipa\\Desktop\\exam-freshcode\\server\\node_modules\\express\\lib\\router\\index.js:280:10)\n    at Function.handle (C:\\Users\\MrLipa\\Desktop\\exam-freshcode\\server\\node_modules\\express\\lib\\router\\index.js:175:3)\n    at router (C:\\Users\\MrLipa\\Desktop\\exam-freshcode\\server\\node_modules\\express\\lib\\router\\index.js:47:12)"
  },
  {
    "message": "token error",
    "time": "2025-02-25T12:40:43.101Z",
    "code": 408,
    "stackTrace": "TokenError: token error\n    at module.exports.checkAuth (C:\\Users\\MrLipa\\Desktop\\exam-freshcode\\server\\src\\middlewares\\checkToken.js:25:10)\n    at Layer.handle [as handle_request] (C:\\Users\\MrLipa\\Desktop\\exam-freshcode\\server\\node_modules\\express\\lib\\router\\layer.js:95:5)\n    at next (C:\\Users\\MrLipa\\Desktop\\exam-freshcode\\server\\node_modules\\express\\lib\\router\\route.js:144:13)\n    at Route.dispatch (C:\\Users\\MrLipa\\Desktop\\exam-freshcode\\server\\node_modules\\express\\lib\\router\\route.js:114:3)\n    at Layer.handle [as handle_request] (C:\\Users\\MrLipa\\Desktop\\exam-freshcode\\server\\node_modules\\express\\lib\\router\\layer.js:95:5)\n    at C:\\Users\\MrLipa\\Desktop\\exam-freshcode\\server\\node_modules\\express\\lib\\router\\index.js:284:15\n    at Function.process_params (C:\\Users\\MrLipa\\Desktop\\exam-freshcode\\server\\node_modules\\express\\lib\\router\\index.js:346:12)\n    at next (C:\\Users\\MrLipa\\Desktop\\exam-freshcode\\server\\node_modules\\express\\lib\\router\\index.js:280:10)\n    at Function.handle (C:\\Users\\MrLipa\\Desktop\\exam-freshcode\\server\\node_modules\\express\\lib\\router\\index.js:175:3)\n    at router (C:\\Users\\MrLipa\\Desktop\\exam-freshcode\\server\\node_modules\\express\\lib\\router\\index.js:47:12)"
  },
  {
    "message": "token error",
    "time": "2025-02-25T12:40:43.108Z",
    "code": 408,
    "stackTrace": "TokenError: token error\n    at module.exports.checkAuth (C:\\Users\\MrLipa\\Desktop\\exam-freshcode\\server\\src\\middlewares\\checkToken.js:25:10)\n    at Layer.handle [as handle_request] (C:\\Users\\MrLipa\\Desktop\\exam-freshcode\\server\\node_modules\\express\\lib\\router\\layer.js:95:5)\n    at next (C:\\Users\\MrLipa\\Desktop\\exam-freshcode\\server\\node_modules\\express\\lib\\router\\route.js:144:13)\n    at Route.dispatch (C:\\Users\\MrLipa\\Desktop\\exam-freshcode\\server\\node_modules\\express\\lib\\router\\route.js:114:3)\n    at Layer.handle [as handle_request] (C:\\Users\\MrLipa\\Desktop\\exam-freshcode\\server\\node_modules\\express\\lib\\router\\layer.js:95:5)\n    at C:\\Users\\MrLipa\\Desktop\\exam-freshcode\\server\\node_modules\\express\\lib\\router\\index.js:284:15\n    at Function.process_params (C:\\Users\\MrLipa\\Desktop\\exam-freshcode\\server\\node_modules\\express\\lib\\router\\index.js:346:12)\n    at next (C:\\Users\\MrLipa\\Desktop\\exam-freshcode\\server\\node_modules\\express\\lib\\router\\index.js:280:10)\n    at Function.handle (C:\\Users\\MrLipa\\Desktop\\exam-freshcode\\server\\node_modules\\express\\lib\\router\\index.js:175:3)\n    at router (C:\\Users\\MrLipa\\Desktop\\exam-freshcode\\server\\node_modules\\express\\lib\\router\\index.js:47:12)"
  },
  {
    "message": "not enough rights",
    "time": "2025-02-25T12:47:02.745Z",
    "code": 423,
    "stackTrace": "RightsError: not enough rights\n    at module.exports.onlyForCustomerWhoCreateContest (C:\\Users\\MrLipa\\Desktop\\exam-freshcode\\server\\src\\middlewares\\basicMiddlewares.js:94:19)\n    at process.processTicksAndRejections (node:internal/process/task_queues:95:5)"
  },
  {
    "message": "not enough rights",
    "time": "2025-02-25T13:13:54.793Z",
    "code": 423,
    "stackTrace": "RightsError: not enough rights\n    at module.exports.onlyForCustomerWhoCreateContest (C:\\Users\\MrLipa\\Desktop\\exam-freshcode\\server\\src\\middlewares\\basicMiddlewares.js:94:19)\n    at process.processTicksAndRejections (node:internal/process/task_queues:95:5)"
  },
  {
    "message": "Transaction cannot be rolled back because it has been finished with state: commit",
    "time": "2025-02-25T13:24:55.995Z",
    "code": 500,
    "stackTrace": "Error: Transaction cannot be rolled back because it has been finished with state: commit\n    at Transaction.rollback (C:\\Users\\MrLipa\\Desktop\\exam-freshcode\\server\\node_modules\\sequelize\\lib\\transaction.js:59:13)\n    at module.exports.setOfferStatus (C:\\Users\\MrLipa\\Desktop\\exam-freshcode\\server\\src\\controllers\\contestController.js:253:40)\n    at process.processTicksAndRejections (node:internal/process/task_queues:95:5)"
  },
  {
    "message": "token error",
    "time": "2025-02-25T13:41:57.997Z",
    "code": 408,
    "stackTrace": "TokenError: token error\n    at module.exports.checkAuth (C:\\Users\\MrLipa\\Desktop\\exam-freshcode\\server\\src\\middlewares\\checkToken.js:25:10)\n    at Layer.handle [as handle_request] (C:\\Users\\MrLipa\\Desktop\\exam-freshcode\\server\\node_modules\\express\\lib\\router\\layer.js:95:5)\n    at next (C:\\Users\\MrLipa\\Desktop\\exam-freshcode\\server\\node_modules\\express\\lib\\router\\route.js:144:13)\n    at Route.dispatch (C:\\Users\\MrLipa\\Desktop\\exam-freshcode\\server\\node_modules\\express\\lib\\router\\route.js:114:3)\n    at Layer.handle [as handle_request] (C:\\Users\\MrLipa\\Desktop\\exam-freshcode\\server\\node_modules\\express\\lib\\router\\layer.js:95:5)\n    at C:\\Users\\MrLipa\\Desktop\\exam-freshcode\\server\\node_modules\\express\\lib\\router\\index.js:284:15\n    at Function.process_params (C:\\Users\\MrLipa\\Desktop\\exam-freshcode\\server\\node_modules\\express\\lib\\router\\index.js:346:12)\n    at next (C:\\Users\\MrLipa\\Desktop\\exam-freshcode\\server\\node_modules\\express\\lib\\router\\index.js:280:10)\n    at Function.handle (C:\\Users\\MrLipa\\Desktop\\exam-freshcode\\server\\node_modules\\express\\lib\\router\\index.js:175:3)\n    at router (C:\\Users\\MrLipa\\Desktop\\exam-freshcode\\server\\node_modules\\express\\lib\\router\\index.js:47:12)"
  },
  {
    "message": "token error",
    "time": "2025-02-25T13:41:58.009Z",
    "code": 408,
    "stackTrace": "TokenError: token error\n    at module.exports.checkAuth (C:\\Users\\MrLipa\\Desktop\\exam-freshcode\\server\\src\\middlewares\\checkToken.js:25:10)\n    at Layer.handle [as handle_request] (C:\\Users\\MrLipa\\Desktop\\exam-freshcode\\server\\node_modules\\express\\lib\\router\\layer.js:95:5)\n    at next (C:\\Users\\MrLipa\\Desktop\\exam-freshcode\\server\\node_modules\\express\\lib\\router\\route.js:144:13)\n    at Route.dispatch (C:\\Users\\MrLipa\\Desktop\\exam-freshcode\\server\\node_modules\\express\\lib\\router\\route.js:114:3)\n    at Layer.handle [as handle_request] (C:\\Users\\MrLipa\\Desktop\\exam-freshcode\\server\\node_modules\\express\\lib\\router\\layer.js:95:5)\n    at C:\\Users\\MrLipa\\Desktop\\exam-freshcode\\server\\node_modules\\express\\lib\\router\\index.js:284:15\n    at Function.process_params (C:\\Users\\MrLipa\\Desktop\\exam-freshcode\\server\\node_modules\\express\\lib\\router\\index.js:346:12)\n    at next (C:\\Users\\MrLipa\\Desktop\\exam-freshcode\\server\\node_modules\\express\\lib\\router\\index.js:280:10)\n    at Function.handle (C:\\Users\\MrLipa\\Desktop\\exam-freshcode\\server\\node_modules\\express\\lib\\router\\index.js:175:3)\n    at router (C:\\Users\\MrLipa\\Desktop\\exam-freshcode\\server\\node_modules\\express\\lib\\router\\index.js:47:12)"
  },
  {
    "message": "token error",
    "time": "2025-02-25T13:41:58.014Z",
    "code": 408,
    "stackTrace": "TokenError: token error\n    at module.exports.checkAuth (C:\\Users\\MrLipa\\Desktop\\exam-freshcode\\server\\src\\middlewares\\checkToken.js:25:10)\n    at Layer.handle [as handle_request] (C:\\Users\\MrLipa\\Desktop\\exam-freshcode\\server\\node_modules\\express\\lib\\router\\layer.js:95:5)\n    at next (C:\\Users\\MrLipa\\Desktop\\exam-freshcode\\server\\node_modules\\express\\lib\\router\\route.js:144:13)\n    at Route.dispatch (C:\\Users\\MrLipa\\Desktop\\exam-freshcode\\server\\node_modules\\express\\lib\\router\\route.js:114:3)\n    at Layer.handle [as handle_request] (C:\\Users\\MrLipa\\Desktop\\exam-freshcode\\server\\node_modules\\express\\lib\\router\\layer.js:95:5)\n    at C:\\Users\\MrLipa\\Desktop\\exam-freshcode\\server\\node_modules\\express\\lib\\router\\index.js:284:15\n    at Function.process_params (C:\\Users\\MrLipa\\Desktop\\exam-freshcode\\server\\node_modules\\express\\lib\\router\\index.js:346:12)\n    at next (C:\\Users\\MrLipa\\Desktop\\exam-freshcode\\server\\node_modules\\express\\lib\\router\\index.js:280:10)\n    at Function.handle (C:\\Users\\MrLipa\\Desktop\\exam-freshcode\\server\\node_modules\\express\\lib\\router\\index.js:175:3)\n    at router (C:\\Users\\MrLipa\\Desktop\\exam-freshcode\\server\\node_modules\\express\\lib\\router\\index.js:47:12)"
  },
  {
    "message": "token error",
    "time": "2025-02-25T13:41:58.021Z",
    "code": 408,
    "stackTrace": "TokenError: token error\n    at module.exports.checkAuth (C:\\Users\\MrLipa\\Desktop\\exam-freshcode\\server\\src\\middlewares\\checkToken.js:25:10)\n    at Layer.handle [as handle_request] (C:\\Users\\MrLipa\\Desktop\\exam-freshcode\\server\\node_modules\\express\\lib\\router\\layer.js:95:5)\n    at next (C:\\Users\\MrLipa\\Desktop\\exam-freshcode\\server\\node_modules\\express\\lib\\router\\route.js:144:13)\n    at Route.dispatch (C:\\Users\\MrLipa\\Desktop\\exam-freshcode\\server\\node_modules\\express\\lib\\router\\route.js:114:3)\n    at Layer.handle [as handle_request] (C:\\Users\\MrLipa\\Desktop\\exam-freshcode\\server\\node_modules\\express\\lib\\router\\layer.js:95:5)\n    at C:\\Users\\MrLipa\\Desktop\\exam-freshcode\\server\\node_modules\\express\\lib\\router\\index.js:284:15\n    at Function.process_params (C:\\Users\\MrLipa\\Desktop\\exam-freshcode\\server\\node_modules\\express\\lib\\router\\index.js:346:12)\n    at next (C:\\Users\\MrLipa\\Desktop\\exam-freshcode\\server\\node_modules\\express\\lib\\router\\index.js:280:10)\n    at Function.handle (C:\\Users\\MrLipa\\Desktop\\exam-freshcode\\server\\node_modules\\express\\lib\\router\\index.js:175:3)\n    at router (C:\\Users\\MrLipa\\Desktop\\exam-freshcode\\server\\node_modules\\express\\lib\\router\\index.js:47:12)"
  },
  {
    "message": "token error",
    "time": "2025-02-25T13:41:58.148Z",
    "code": 408,
    "stackTrace": "TokenError: token error\n    at module.exports.checkAuth (C:\\Users\\MrLipa\\Desktop\\exam-freshcode\\server\\src\\middlewares\\checkToken.js:25:10)\n    at Layer.handle [as handle_request] (C:\\Users\\MrLipa\\Desktop\\exam-freshcode\\server\\node_modules\\express\\lib\\router\\layer.js:95:5)\n    at next (C:\\Users\\MrLipa\\Desktop\\exam-freshcode\\server\\node_modules\\express\\lib\\router\\route.js:144:13)\n    at Route.dispatch (C:\\Users\\MrLipa\\Desktop\\exam-freshcode\\server\\node_modules\\express\\lib\\router\\route.js:114:3)\n    at Layer.handle [as handle_request] (C:\\Users\\MrLipa\\Desktop\\exam-freshcode\\server\\node_modules\\express\\lib\\router\\layer.js:95:5)\n    at C:\\Users\\MrLipa\\Desktop\\exam-freshcode\\server\\node_modules\\express\\lib\\router\\index.js:284:15\n    at Function.process_params (C:\\Users\\MrLipa\\Desktop\\exam-freshcode\\server\\node_modules\\express\\lib\\router\\index.js:346:12)\n    at next (C:\\Users\\MrLipa\\Desktop\\exam-freshcode\\server\\node_modules\\express\\lib\\router\\index.js:280:10)\n    at Function.handle (C:\\Users\\MrLipa\\Desktop\\exam-freshcode\\server\\node_modules\\express\\lib\\router\\index.js:175:3)\n    at router (C:\\Users\\MrLipa\\Desktop\\exam-freshcode\\server\\node_modules\\express\\lib\\router\\index.js:47:12)"
  },
  {
    "message": "token error",
    "time": "2025-02-25T13:41:58.153Z",
    "code": 408,
    "stackTrace": "TokenError: token error\n    at module.exports.checkAuth (C:\\Users\\MrLipa\\Desktop\\exam-freshcode\\server\\src\\middlewares\\checkToken.js:25:10)\n    at Layer.handle [as handle_request] (C:\\Users\\MrLipa\\Desktop\\exam-freshcode\\server\\node_modules\\express\\lib\\router\\layer.js:95:5)\n    at next (C:\\Users\\MrLipa\\Desktop\\exam-freshcode\\server\\node_modules\\express\\lib\\router\\route.js:144:13)\n    at Route.dispatch (C:\\Users\\MrLipa\\Desktop\\exam-freshcode\\server\\node_modules\\express\\lib\\router\\route.js:114:3)\n    at Layer.handle [as handle_request] (C:\\Users\\MrLipa\\Desktop\\exam-freshcode\\server\\node_modules\\express\\lib\\router\\layer.js:95:5)\n    at C:\\Users\\MrLipa\\Desktop\\exam-freshcode\\server\\node_modules\\express\\lib\\router\\index.js:284:15\n    at Function.process_params (C:\\Users\\MrLipa\\Desktop\\exam-freshcode\\server\\node_modules\\express\\lib\\router\\index.js:346:12)\n    at next (C:\\Users\\MrLipa\\Desktop\\exam-freshcode\\server\\node_modules\\express\\lib\\router\\index.js:280:10)\n    at Function.handle (C:\\Users\\MrLipa\\Desktop\\exam-freshcode\\server\\node_modules\\express\\lib\\router\\index.js:175:3)\n    at router (C:\\Users\\MrLipa\\Desktop\\exam-freshcode\\server\\node_modules\\express\\lib\\router\\index.js:47:12)"
  },
  {
    "message": "token error",
    "time": "2025-02-25T13:42:51.044Z",
    "code": 408,
    "stackTrace": "TokenError: token error\n    at module.exports.checkToken (C:\\Users\\MrLipa\\Desktop\\exam-freshcode\\server\\src\\middlewares\\checkToken.js:38:10)\n    at Layer.handle [as handle_request] (C:\\Users\\MrLipa\\Desktop\\exam-freshcode\\server\\node_modules\\express\\lib\\router\\layer.js:95:5)\n    at next (C:\\Users\\MrLipa\\Desktop\\exam-freshcode\\server\\node_modules\\express\\lib\\router\\route.js:144:13)\n    at Route.dispatch (C:\\Users\\MrLipa\\Desktop\\exam-freshcode\\server\\node_modules\\express\\lib\\router\\route.js:114:3)\n    at Layer.handle [as handle_request] (C:\\Users\\MrLipa\\Desktop\\exam-freshcode\\server\\node_modules\\express\\lib\\router\\layer.js:95:5)\n    at C:\\Users\\MrLipa\\Desktop\\exam-freshcode\\server\\node_modules\\express\\lib\\router\\index.js:284:15\n    at Function.process_params (C:\\Users\\MrLipa\\Desktop\\exam-freshcode\\server\\node_modules\\express\\lib\\router\\index.js:346:12)\n    at next (C:\\Users\\MrLipa\\Desktop\\exam-freshcode\\server\\node_modules\\express\\lib\\router\\index.js:280:10)\n    at Function.handle (C:\\Users\\MrLipa\\Desktop\\exam-freshcode\\server\\node_modules\\express\\lib\\router\\index.js:175:3)\n    at router (C:\\Users\\MrLipa\\Desktop\\exam-freshcode\\server\\node_modules\\express\\lib\\router\\index.js:47:12)"
  },
  {
    "message": "token error",
    "time": "2025-02-25T13:42:51.048Z",
    "code": 408,
    "stackTrace": "TokenError: token error\n    at module.exports.checkToken (C:\\Users\\MrLipa\\Desktop\\exam-freshcode\\server\\src\\middlewares\\checkToken.js:38:10)\n    at Layer.handle [as handle_request] (C:\\Users\\MrLipa\\Desktop\\exam-freshcode\\server\\node_modules\\express\\lib\\router\\layer.js:95:5)\n    at next (C:\\Users\\MrLipa\\Desktop\\exam-freshcode\\server\\node_modules\\express\\lib\\router\\route.js:144:13)\n    at Route.dispatch (C:\\Users\\MrLipa\\Desktop\\exam-freshcode\\server\\node_modules\\express\\lib\\router\\route.js:114:3)\n    at Layer.handle [as handle_request] (C:\\Users\\MrLipa\\Desktop\\exam-freshcode\\server\\node_modules\\express\\lib\\router\\layer.js:95:5)\n    at C:\\Users\\MrLipa\\Desktop\\exam-freshcode\\server\\node_modules\\express\\lib\\router\\index.js:284:15\n    at Function.process_params (C:\\Users\\MrLipa\\Desktop\\exam-freshcode\\server\\node_modules\\express\\lib\\router\\index.js:346:12)\n    at next (C:\\Users\\MrLipa\\Desktop\\exam-freshcode\\server\\node_modules\\express\\lib\\router\\index.js:280:10)\n    at Function.handle (C:\\Users\\MrLipa\\Desktop\\exam-freshcode\\server\\node_modules\\express\\lib\\router\\index.js:175:3)\n    at router (C:\\Users\\MrLipa\\Desktop\\exam-freshcode\\server\\node_modules\\express\\lib\\router\\index.js:47:12)"
  },
  {
    "message": "token error",
    "time": "2025-02-25T13:42:51.117Z",
    "code": 408,
    "stackTrace": "TokenError: token error\n    at module.exports.checkAuth (C:\\Users\\MrLipa\\Desktop\\exam-freshcode\\server\\src\\middlewares\\checkToken.js:25:10)\n    at Layer.handle [as handle_request] (C:\\Users\\MrLipa\\Desktop\\exam-freshcode\\server\\node_modules\\express\\lib\\router\\layer.js:95:5)\n    at next (C:\\Users\\MrLipa\\Desktop\\exam-freshcode\\server\\node_modules\\express\\lib\\router\\route.js:144:13)\n    at Route.dispatch (C:\\Users\\MrLipa\\Desktop\\exam-freshcode\\server\\node_modules\\express\\lib\\router\\route.js:114:3)\n    at Layer.handle [as handle_request] (C:\\Users\\MrLipa\\Desktop\\exam-freshcode\\server\\node_modules\\express\\lib\\router\\layer.js:95:5)\n    at C:\\Users\\MrLipa\\Desktop\\exam-freshcode\\server\\node_modules\\express\\lib\\router\\index.js:284:15\n    at Function.process_params (C:\\Users\\MrLipa\\Desktop\\exam-freshcode\\server\\node_modules\\express\\lib\\router\\index.js:346:12)\n    at next (C:\\Users\\MrLipa\\Desktop\\exam-freshcode\\server\\node_modules\\express\\lib\\router\\index.js:280:10)\n    at Function.handle (C:\\Users\\MrLipa\\Desktop\\exam-freshcode\\server\\node_modules\\express\\lib\\router\\index.js:175:3)\n    at router (C:\\Users\\MrLipa\\Desktop\\exam-freshcode\\server\\node_modules\\express\\lib\\router\\index.js:47:12)"
  },
  {
    "message": "token error",
    "time": "2025-02-25T13:42:51.122Z",
    "code": 408,
    "stackTrace": "TokenError: token error\n    at module.exports.checkAuth (C:\\Users\\MrLipa\\Desktop\\exam-freshcode\\server\\src\\middlewares\\checkToken.js:25:10)\n    at Layer.handle [as handle_request] (C:\\Users\\MrLipa\\Desktop\\exam-freshcode\\server\\node_modules\\express\\lib\\router\\layer.js:95:5)\n    at next (C:\\Users\\MrLipa\\Desktop\\exam-freshcode\\server\\node_modules\\express\\lib\\router\\route.js:144:13)\n    at Route.dispatch (C:\\Users\\MrLipa\\Desktop\\exam-freshcode\\server\\node_modules\\express\\lib\\router\\route.js:114:3)\n    at Layer.handle [as handle_request] (C:\\Users\\MrLipa\\Desktop\\exam-freshcode\\server\\node_modules\\express\\lib\\router\\layer.js:95:5)\n    at C:\\Users\\MrLipa\\Desktop\\exam-freshcode\\server\\node_modules\\express\\lib\\router\\index.js:284:15\n    at Function.process_params (C:\\Users\\MrLipa\\Desktop\\exam-freshcode\\server\\node_modules\\express\\lib\\router\\index.js:346:12)\n    at next (C:\\Users\\MrLipa\\Desktop\\exam-freshcode\\server\\node_modules\\express\\lib\\router\\index.js:280:10)\n    at Function.handle (C:\\Users\\MrLipa\\Desktop\\exam-freshcode\\server\\node_modules\\express\\lib\\router\\index.js:175:3)\n    at router (C:\\Users\\MrLipa\\Desktop\\exam-freshcode\\server\\node_modules\\express\\lib\\router\\index.js:47:12)"
  },
  {
    "message": "token error",
    "time": "2025-02-25T13:42:51.128Z",
    "code": 408,
    "stackTrace": "TokenError: token error\n    at module.exports.checkAuth (C:\\Users\\MrLipa\\Desktop\\exam-freshcode\\server\\src\\middlewares\\checkToken.js:25:10)\n    at Layer.handle [as handle_request] (C:\\Users\\MrLipa\\Desktop\\exam-freshcode\\server\\node_modules\\express\\lib\\router\\layer.js:95:5)\n    at next (C:\\Users\\MrLipa\\Desktop\\exam-freshcode\\server\\node_modules\\express\\lib\\router\\route.js:144:13)\n    at Route.dispatch (C:\\Users\\MrLipa\\Desktop\\exam-freshcode\\server\\node_modules\\express\\lib\\router\\route.js:114:3)\n    at Layer.handle [as handle_request] (C:\\Users\\MrLipa\\Desktop\\exam-freshcode\\server\\node_modules\\express\\lib\\router\\layer.js:95:5)\n    at C:\\Users\\MrLipa\\Desktop\\exam-freshcode\\server\\node_modules\\express\\lib\\router\\index.js:284:15\n    at Function.process_params (C:\\Users\\MrLipa\\Desktop\\exam-freshcode\\server\\node_modules\\express\\lib\\router\\index.js:346:12)\n    at next (C:\\Users\\MrLipa\\Desktop\\exam-freshcode\\server\\node_modules\\express\\lib\\router\\index.js:280:10)\n    at Function.handle (C:\\Users\\MrLipa\\Desktop\\exam-freshcode\\server\\node_modules\\express\\lib\\router\\index.js:175:3)\n    at router (C:\\Users\\MrLipa\\Desktop\\exam-freshcode\\server\\node_modules\\express\\lib\\router\\index.js:47:12)"
  },
  {
    "message": "token error",
    "time": "2025-02-25T13:42:51.131Z",
    "code": 408,
    "stackTrace": "TokenError: token error\n    at module.exports.checkAuth (C:\\Users\\MrLipa\\Desktop\\exam-freshcode\\server\\src\\middlewares\\checkToken.js:25:10)\n    at Layer.handle [as handle_request] (C:\\Users\\MrLipa\\Desktop\\exam-freshcode\\server\\node_modules\\express\\lib\\router\\layer.js:95:5)\n    at next (C:\\Users\\MrLipa\\Desktop\\exam-freshcode\\server\\node_modules\\express\\lib\\router\\route.js:144:13)\n    at Route.dispatch (C:\\Users\\MrLipa\\Desktop\\exam-freshcode\\server\\node_modules\\express\\lib\\router\\route.js:114:3)\n    at Layer.handle [as handle_request] (C:\\Users\\MrLipa\\Desktop\\exam-freshcode\\server\\node_modules\\express\\lib\\router\\layer.js:95:5)\n    at C:\\Users\\MrLipa\\Desktop\\exam-freshcode\\server\\node_modules\\express\\lib\\router\\index.js:284:15\n    at Function.process_params (C:\\Users\\MrLipa\\Desktop\\exam-freshcode\\server\\node_modules\\express\\lib\\router\\index.js:346:12)\n    at next (C:\\Users\\MrLipa\\Desktop\\exam-freshcode\\server\\node_modules\\express\\lib\\router\\index.js:280:10)\n    at Function.handle (C:\\Users\\MrLipa\\Desktop\\exam-freshcode\\server\\node_modules\\express\\lib\\router\\index.js:175:3)\n    at router (C:\\Users\\MrLipa\\Desktop\\exam-freshcode\\server\\node_modules\\express\\lib\\router\\index.js:47:12)"
  },
  {
    "message": "token error",
    "time": "2025-02-25T13:43:09.826Z",
    "code": 408,
    "stackTrace": "TokenError: token error\n    at module.exports.checkAuth (C:\\Users\\MrLipa\\Desktop\\exam-freshcode\\server\\src\\middlewares\\checkToken.js:25:10)\n    at Layer.handle [as handle_request] (C:\\Users\\MrLipa\\Desktop\\exam-freshcode\\server\\node_modules\\express\\lib\\router\\layer.js:95:5)\n    at next (C:\\Users\\MrLipa\\Desktop\\exam-freshcode\\server\\node_modules\\express\\lib\\router\\route.js:144:13)\n    at Route.dispatch (C:\\Users\\MrLipa\\Desktop\\exam-freshcode\\server\\node_modules\\express\\lib\\router\\route.js:114:3)\n    at Layer.handle [as handle_request] (C:\\Users\\MrLipa\\Desktop\\exam-freshcode\\server\\node_modules\\express\\lib\\router\\layer.js:95:5)\n    at C:\\Users\\MrLipa\\Desktop\\exam-freshcode\\server\\node_modules\\express\\lib\\router\\index.js:284:15\n    at Function.process_params (C:\\Users\\MrLipa\\Desktop\\exam-freshcode\\server\\node_modules\\express\\lib\\router\\index.js:346:12)\n    at next (C:\\Users\\MrLipa\\Desktop\\exam-freshcode\\server\\node_modules\\express\\lib\\router\\index.js:280:10)\n    at Function.handle (C:\\Users\\MrLipa\\Desktop\\exam-freshcode\\server\\node_modules\\express\\lib\\router\\index.js:175:3)\n    at router (C:\\Users\\MrLipa\\Desktop\\exam-freshcode\\server\\node_modules\\express\\lib\\router\\index.js:47:12)"
  },
  {
    "message": "token error",
    "time": "2025-02-25T13:43:09.829Z",
    "code": 408,
    "stackTrace": "TokenError: token error\n    at module.exports.checkAuth (C:\\Users\\MrLipa\\Desktop\\exam-freshcode\\server\\src\\middlewares\\checkToken.js:25:10)\n    at Layer.handle [as handle_request] (C:\\Users\\MrLipa\\Desktop\\exam-freshcode\\server\\node_modules\\express\\lib\\router\\layer.js:95:5)\n    at next (C:\\Users\\MrLipa\\Desktop\\exam-freshcode\\server\\node_modules\\express\\lib\\router\\route.js:144:13)\n    at Route.dispatch (C:\\Users\\MrLipa\\Desktop\\exam-freshcode\\server\\node_modules\\express\\lib\\router\\route.js:114:3)\n    at Layer.handle [as handle_request] (C:\\Users\\MrLipa\\Desktop\\exam-freshcode\\server\\node_modules\\express\\lib\\router\\layer.js:95:5)\n    at C:\\Users\\MrLipa\\Desktop\\exam-freshcode\\server\\node_modules\\express\\lib\\router\\index.js:284:15\n    at Function.process_params (C:\\Users\\MrLipa\\Desktop\\exam-freshcode\\server\\node_modules\\express\\lib\\router\\index.js:346:12)\n    at next (C:\\Users\\MrLipa\\Desktop\\exam-freshcode\\server\\node_modules\\express\\lib\\router\\index.js:280:10)\n    at Function.handle (C:\\Users\\MrLipa\\Desktop\\exam-freshcode\\server\\node_modules\\express\\lib\\router\\index.js:175:3)\n    at router (C:\\Users\\MrLipa\\Desktop\\exam-freshcode\\server\\node_modules\\express\\lib\\router\\index.js:47:12)"
  },
  {
    "message": "token error",
    "time": "2025-02-25T13:43:22.911Z",
    "code": 408,
    "stackTrace": "TokenError: token error\n    at module.exports.checkAuth (C:\\Users\\MrLipa\\Desktop\\exam-freshcode\\server\\src\\middlewares\\checkToken.js:25:10)\n    at Layer.handle [as handle_request] (C:\\Users\\MrLipa\\Desktop\\exam-freshcode\\server\\node_modules\\express\\lib\\router\\layer.js:95:5)\n    at next (C:\\Users\\MrLipa\\Desktop\\exam-freshcode\\server\\node_modules\\express\\lib\\router\\route.js:144:13)\n    at Route.dispatch (C:\\Users\\MrLipa\\Desktop\\exam-freshcode\\server\\node_modules\\express\\lib\\router\\route.js:114:3)\n    at Layer.handle [as handle_request] (C:\\Users\\MrLipa\\Desktop\\exam-freshcode\\server\\node_modules\\express\\lib\\router\\layer.js:95:5)\n    at C:\\Users\\MrLipa\\Desktop\\exam-freshcode\\server\\node_modules\\express\\lib\\router\\index.js:284:15\n    at Function.process_params (C:\\Users\\MrLipa\\Desktop\\exam-freshcode\\server\\node_modules\\express\\lib\\router\\index.js:346:12)\n    at next (C:\\Users\\MrLipa\\Desktop\\exam-freshcode\\server\\node_modules\\express\\lib\\router\\index.js:280:10)\n    at Function.handle (C:\\Users\\MrLipa\\Desktop\\exam-freshcode\\server\\node_modules\\express\\lib\\router\\index.js:175:3)\n    at router (C:\\Users\\MrLipa\\Desktop\\exam-freshcode\\server\\node_modules\\express\\lib\\router\\index.js:47:12)"
  },
  {
    "message": "token error",
    "time": "2025-02-25T13:43:22.914Z",
    "code": 408,
    "stackTrace": "TokenError: token error\n    at module.exports.checkAuth (C:\\Users\\MrLipa\\Desktop\\exam-freshcode\\server\\src\\middlewares\\checkToken.js:25:10)\n    at Layer.handle [as handle_request] (C:\\Users\\MrLipa\\Desktop\\exam-freshcode\\server\\node_modules\\express\\lib\\router\\layer.js:95:5)\n    at next (C:\\Users\\MrLipa\\Desktop\\exam-freshcode\\server\\node_modules\\express\\lib\\router\\route.js:144:13)\n    at Route.dispatch (C:\\Users\\MrLipa\\Desktop\\exam-freshcode\\server\\node_modules\\express\\lib\\router\\route.js:114:3)\n    at Layer.handle [as handle_request] (C:\\Users\\MrLipa\\Desktop\\exam-freshcode\\server\\node_modules\\express\\lib\\router\\layer.js:95:5)\n    at C:\\Users\\MrLipa\\Desktop\\exam-freshcode\\server\\node_modules\\express\\lib\\router\\index.js:284:15\n    at Function.process_params (C:\\Users\\MrLipa\\Desktop\\exam-freshcode\\server\\node_modules\\express\\lib\\router\\index.js:346:12)\n    at next (C:\\Users\\MrLipa\\Desktop\\exam-freshcode\\server\\node_modules\\express\\lib\\router\\index.js:280:10)\n    at Function.handle (C:\\Users\\MrLipa\\Desktop\\exam-freshcode\\server\\node_modules\\express\\lib\\router\\index.js:175:3)\n    at router (C:\\Users\\MrLipa\\Desktop\\exam-freshcode\\server\\node_modules\\express\\lib\\router\\index.js:47:12)"
  },
  {
    "message": "token error",
    "time": "2025-02-25T13:43:22.919Z",
    "code": 408,
    "stackTrace": "TokenError: token error\n    at module.exports.checkAuth (C:\\Users\\MrLipa\\Desktop\\exam-freshcode\\server\\src\\middlewares\\checkToken.js:25:10)\n    at Layer.handle [as handle_request] (C:\\Users\\MrLipa\\Desktop\\exam-freshcode\\server\\node_modules\\express\\lib\\router\\layer.js:95:5)\n    at next (C:\\Users\\MrLipa\\Desktop\\exam-freshcode\\server\\node_modules\\express\\lib\\router\\route.js:144:13)\n    at Route.dispatch (C:\\Users\\MrLipa\\Desktop\\exam-freshcode\\server\\node_modules\\express\\lib\\router\\route.js:114:3)\n    at Layer.handle [as handle_request] (C:\\Users\\MrLipa\\Desktop\\exam-freshcode\\server\\node_modules\\express\\lib\\router\\layer.js:95:5)\n    at C:\\Users\\MrLipa\\Desktop\\exam-freshcode\\server\\node_modules\\express\\lib\\router\\index.js:284:15\n    at Function.process_params (C:\\Users\\MrLipa\\Desktop\\exam-freshcode\\server\\node_modules\\express\\lib\\router\\index.js:346:12)\n    at next (C:\\Users\\MrLipa\\Desktop\\exam-freshcode\\server\\node_modules\\express\\lib\\router\\index.js:280:10)\n    at Function.handle (C:\\Users\\MrLipa\\Desktop\\exam-freshcode\\server\\node_modules\\express\\lib\\router\\index.js:175:3)\n    at router (C:\\Users\\MrLipa\\Desktop\\exam-freshcode\\server\\node_modules\\express\\lib\\router\\index.js:47:12)"
  },
  {
    "message": "token error",
    "time": "2025-02-25T13:43:23.036Z",
    "code": 408,
    "stackTrace": "TokenError: token error\n    at module.exports.checkAuth (C:\\Users\\MrLipa\\Desktop\\exam-freshcode\\server\\src\\middlewares\\checkToken.js:25:10)\n    at Layer.handle [as handle_request] (C:\\Users\\MrLipa\\Desktop\\exam-freshcode\\server\\node_modules\\express\\lib\\router\\layer.js:95:5)\n    at next (C:\\Users\\MrLipa\\Desktop\\exam-freshcode\\server\\node_modules\\express\\lib\\router\\route.js:144:13)\n    at Route.dispatch (C:\\Users\\MrLipa\\Desktop\\exam-freshcode\\server\\node_modules\\express\\lib\\router\\route.js:114:3)\n    at Layer.handle [as handle_request] (C:\\Users\\MrLipa\\Desktop\\exam-freshcode\\server\\node_modules\\express\\lib\\router\\layer.js:95:5)\n    at C:\\Users\\MrLipa\\Desktop\\exam-freshcode\\server\\node_modules\\express\\lib\\router\\index.js:284:15\n    at Function.process_params (C:\\Users\\MrLipa\\Desktop\\exam-freshcode\\server\\node_modules\\express\\lib\\router\\index.js:346:12)\n    at next (C:\\Users\\MrLipa\\Desktop\\exam-freshcode\\server\\node_modules\\express\\lib\\router\\index.js:280:10)\n    at Function.handle (C:\\Users\\MrLipa\\Desktop\\exam-freshcode\\server\\node_modules\\express\\lib\\router\\index.js:175:3)\n    at router (C:\\Users\\MrLipa\\Desktop\\exam-freshcode\\server\\node_modules\\express\\lib\\router\\index.js:47:12)"
  },
  {
    "message": "bd is not defined",
    "time": "2025-02-25T13:44:50.325Z",
    "code": 500,
    "stackTrace": "ReferenceError: bd is not defined\n    at module.exports.updateOfferStatus (C:\\Users\\MrLipa\\Desktop\\exam-freshcode\\server\\src\\controllers\\offerController.js:44:23)\n    at Layer.handle [as handle_request] (C:\\Users\\MrLipa\\Desktop\\exam-freshcode\\server\\node_modules\\express\\lib\\router\\layer.js:95:5)\n    at next (C:\\Users\\MrLipa\\Desktop\\exam-freshcode\\server\\node_modules\\express\\lib\\router\\route.js:144:13)\n    at module.exports.checkModerator (C:\\Users\\MrLipa\\Desktop\\exam-freshcode\\server\\src\\middlewares\\checkToken.js:56:5)\n    at process.processTicksAndRejections (node:internal/process/task_queues:95:5)"
  },
  {
    "message": "bd is not defined",
    "time": "2025-02-25T13:44:51.752Z",
    "code": 500,
    "stackTrace": "ReferenceError: bd is not defined\n    at module.exports.updateOfferStatus (C:\\Users\\MrLipa\\Desktop\\exam-freshcode\\server\\src\\controllers\\offerController.js:44:23)\n    at Layer.handle [as handle_request] (C:\\Users\\MrLipa\\Desktop\\exam-freshcode\\server\\node_modules\\express\\lib\\router\\layer.js:95:5)\n    at next (C:\\Users\\MrLipa\\Desktop\\exam-freshcode\\server\\node_modules\\express\\lib\\router\\route.js:144:13)\n    at module.exports.checkModerator (C:\\Users\\MrLipa\\Desktop\\exam-freshcode\\server\\src\\middlewares\\checkToken.js:56:5)\n    at process.processTicksAndRejections (node:internal/process/task_queues:95:5)"
  },
  {
    "message": "sendOfferStatusMail is not defined",
    "time": "2025-02-25T13:46:56.037Z",
    "code": 500,
    "stackTrace": "ReferenceError: sendOfferStatusMail is not defined\n    at module.exports.updateOfferStatus (C:\\Users\\MrLipa\\Desktop\\exam-freshcode\\server\\src\\controllers\\offerController.js:74:5)\n    at process.processTicksAndRejections (node:internal/process/task_queues:95:5)"
  },
  {
    "message": "sendOfferStatusMail is not a function",
    "time": "2025-02-25T13:48:33.853Z",
    "code": 500,
    "stackTrace": "TypeError: sendOfferStatusMail is not a function\n    at module.exports.updateOfferStatus (C:\\Users\\MrLipa\\Desktop\\exam-freshcode\\server\\src\\controllers\\offerController.js:75:11)\n    at process.processTicksAndRejections (node:internal/process/task_queues:95:5)"
  },
  {
    "message": "not enough rights",
    "time": "2025-02-25T14:24:24.972Z",
    "code": 423,
    "stackTrace": "RightsError: not enough rights\n    at module.exports.onlyForCustomerWhoCreateContest (C:\\Users\\MrLipa\\Desktop\\exam-freshcode\\server\\src\\middlewares\\basicMiddlewares.js:94:19)\n    at process.processTicksAndRejections (node:internal/process/task_queues:95:5)"
  }
]