[
  {
    "message": "token error",
    "time": "2025-05-27T19:41:33.165Z",
    "code": 408,
    "stackTrace": "TokenError: token error\n    at module.exports.checkAuth (C:\\Users\\MrLipa\\Desktop\\exam-freshcode\\server\\src\\middlewares\\checkToken.js:25:10)\n    at process.processTicksAndRejections (node:internal/process/task_queues:95:5)"
  },
  {
    "message": "token error",
    "time": "2025-05-27T19:41:33.199Z",
    "code": 408,
    "stackTrace": "TokenError: token error\n    at module.exports.checkAuth (C:\\Users\\MrLipa\\Desktop\\exam-freshcode\\server\\src\\middlewares\\checkToken.js:25:10)\n    at process.processTicksAndRejections (node:internal/process/task_queues:95:5)"
  },
  {
    "message": "token error",
    "time": "2025-05-27T19:41:33.209Z",
    "code": 408,
    "stackTrace": "TokenError: token error\n    at module.exports.checkAuth (C:\\Users\\MrLipa\\Desktop\\exam-freshcode\\server\\src\\middlewares\\checkToken.js:25:10)\n    at process.processTicksAndRejections (node:internal/process/task_queues:95:5)"
  },
  {
    "message": "token error",
    "time": "2025-05-27T19:41:33.220Z",
    "code": 408,
    "stackTrace": "TokenError: token error\n    at module.exports.checkAuth (C:\\Users\\MrLipa\\Desktop\\exam-freshcode\\server\\src\\middlewares\\checkToken.js:25:10)\n    at process.processTicksAndRejections (node:internal/process/task_queues:95:5)"
  },
  {
    "message": "token error",
    "time": "2025-05-27T19:41:40.917Z",
    "code": 408,
    "stackTrace": "TokenError: token error\n    at module.exports.checkAuth (C:\\Users\\MrLipa\\Desktop\\exam-freshcode\\server\\src\\middlewares\\checkToken.js:25:10)\n    at process.processTicksAndRejections (node:internal/process/task_queues:95:5)"
  },
  {
    "message": "token error",
    "time": "2025-05-27T19:41:40.931Z",
    "code": 408,
    "stackTrace": "TokenError: token error\n    at module.exports.checkAuth (C:\\Users\\MrLipa\\Desktop\\exam-freshcode\\server\\src\\middlewares\\checkToken.js:25:10)\n    at process.processTicksAndRejections (node:internal/process/task_queues:95:5)"
  },
  {
    "message": "token error",
    "time": "2025-05-27T19:41:47.345Z",
    "code": 408,
    "stackTrace": "TokenError: token error\n    at module.exports.checkAuth (C:\\Users\\MrLipa\\Desktop\\exam-freshcode\\server\\src\\middlewares\\checkToken.js:25:10)\n    at process.processTicksAndRejections (node:internal/process/task_queues:95:5)"
  },
  {
    "message": "token error",
    "time": "2025-05-27T19:41:47.358Z",
    "code": 408,
    "stackTrace": "TokenError: token error\n    at module.exports.checkAuth (C:\\Users\\MrLipa\\Desktop\\exam-freshcode\\server\\src\\middlewares\\checkToken.js:25:10)\n    at process.processTicksAndRejections (node:internal/process/task_queues:95:5)"
  },
  {
    "message": "token error",
    "time": "2025-05-27T19:41:49.022Z",
    "code": 408,
    "stackTrace": "TokenError: token error\n    at module.exports.checkAuth (C:\\Users\\MrLipa\\Desktop\\exam-freshcode\\server\\src\\middlewares\\checkToken.js:25:10)\n    at process.processTicksAndRejections (node:internal/process/task_queues:95:5)"
  },
  {
    "message": "token error",
    "time": "2025-05-27T19:41:49.038Z",
    "code": 408,
    "stackTrace": "TokenError: token error\n    at module.exports.checkAuth (C:\\Users\\MrLipa\\Desktop\\exam-freshcode\\server\\src\\middlewares\\checkToken.js:25:10)\n    at process.processTicksAndRejections (node:internal/process/task_queues:95:5)"
  },
  {
    "message": "token error",
    "time": "2025-05-27T19:41:49.798Z",
    "code": 408,
    "stackTrace": "TokenError: token error\n    at module.exports.checkAuth (C:\\Users\\MrLipa\\Desktop\\exam-freshcode\\server\\src\\middlewares\\checkToken.js:25:10)\n    at process.processTicksAndRejections (node:internal/process/task_queues:95:5)"
  },
  {
    "message": "token error",
    "time": "2025-05-27T19:41:49.811Z",
    "code": 408,
    "stackTrace": "TokenError: token error\n    at module.exports.checkAuth (C:\\Users\\MrLipa\\Desktop\\exam-freshcode\\server\\src\\middlewares\\checkToken.js:25:10)\n    at process.processTicksAndRejections (node:internal/process/task_queues:95:5)"
  },
  {
    "message": "token error",
    "time": "2025-05-28T18:10:34.028Z",
    "code": 408,
    "stackTrace": "TokenError: token error\n    at module.exports.checkAuth (C:\\Users\\MrLipa\\Desktop\\exam-freshcode\\server\\src\\middlewares\\checkToken.js:25:10)\n    at Layer.handle [as handle_request] (C:\\Users\\MrLipa\\Desktop\\exam-freshcode\\server\\node_modules\\express\\lib\\router\\layer.js:95:5)\n    at next (C:\\Users\\MrLipa\\Desktop\\exam-freshcode\\server\\node_modules\\express\\lib\\router\\route.js:144:13)\n    at Route.dispatch (C:\\Users\\MrLipa\\Desktop\\exam-freshcode\\server\\node_modules\\express\\lib\\router\\route.js:114:3)\n    at Layer.handle [as handle_request] (C:\\Users\\MrLipa\\Desktop\\exam-freshcode\\server\\node_modules\\express\\lib\\router\\layer.js:95:5)\n    at C:\\Users\\MrLipa\\Desktop\\exam-freshcode\\server\\node_modules\\express\\lib\\router\\index.js:284:15\n    at Function.process_params (C:\\Users\\MrLipa\\Desktop\\exam-freshcode\\server\\node_modules\\express\\lib\\router\\index.js:346:12)\n    at next (C:\\Users\\MrLipa\\Desktop\\exam-freshcode\\server\\node_modules\\express\\lib\\router\\index.js:280:10)\n    at Function.handle (C:\\Users\\MrLipa\\Desktop\\exam-freshcode\\server\\node_modules\\express\\lib\\router\\index.js:175:3)\n    at router (C:\\Users\\MrLipa\\Desktop\\exam-freshcode\\server\\node_modules\\express\\lib\\router\\index.js:47:12)"
  },
  {
    "message": "token error",
    "time": "2025-05-28T18:10:34.064Z",
    "code": 408,
    "stackTrace": "TokenError: token error\n    at module.exports.checkAuth (C:\\Users\\MrLipa\\Desktop\\exam-freshcode\\server\\src\\middlewares\\checkToken.js:25:10)\n    at Layer.handle [as handle_request] (C:\\Users\\MrLipa\\Desktop\\exam-freshcode\\server\\node_modules\\express\\lib\\router\\layer.js:95:5)\n    at next (C:\\Users\\MrLipa\\Desktop\\exam-freshcode\\server\\node_modules\\express\\lib\\router\\route.js:144:13)\n    at Route.dispatch (C:\\Users\\MrLipa\\Desktop\\exam-freshcode\\server\\node_modules\\express\\lib\\router\\route.js:114:3)\n    at Layer.handle [as handle_request] (C:\\Users\\MrLipa\\Desktop\\exam-freshcode\\server\\node_modules\\express\\lib\\router\\layer.js:95:5)\n    at C:\\Users\\MrLipa\\Desktop\\exam-freshcode\\server\\node_modules\\express\\lib\\router\\index.js:284:15\n    at Function.process_params (C:\\Users\\MrLipa\\Desktop\\exam-freshcode\\server\\node_modules\\express\\lib\\router\\index.js:346:12)\n    at next (C:\\Users\\MrLipa\\Desktop\\exam-freshcode\\server\\node_modules\\express\\lib\\router\\index.js:280:10)\n    at Function.handle (C:\\Users\\MrLipa\\Desktop\\exam-freshcode\\server\\node_modules\\express\\lib\\router\\index.js:175:3)\n    at router (C:\\Users\\MrLipa\\Desktop\\exam-freshcode\\server\\node_modules\\express\\lib\\router\\index.js:47:12)"
  },
  {
    "message": "token error",
    "time": "2025-05-28T18:10:34.075Z",
    "code": 408,
    "stackTrace": "TokenError: token error\n    at module.exports.checkAuth (C:\\Users\\MrLipa\\Desktop\\exam-freshcode\\server\\src\\middlewares\\checkToken.js:25:10)\n    at Layer.handle [as handle_request] (C:\\Users\\MrLipa\\Desktop\\exam-freshcode\\server\\node_modules\\express\\lib\\router\\layer.js:95:5)\n    at next (C:\\Users\\MrLipa\\Desktop\\exam-freshcode\\server\\node_modules\\express\\lib\\router\\route.js:144:13)\n    at Route.dispatch (C:\\Users\\MrLipa\\Desktop\\exam-freshcode\\server\\node_modules\\express\\lib\\router\\route.js:114:3)\n    at Layer.handle [as handle_request] (C:\\Users\\MrLipa\\Desktop\\exam-freshcode\\server\\node_modules\\express\\lib\\router\\layer.js:95:5)\n    at C:\\Users\\MrLipa\\Desktop\\exam-freshcode\\server\\node_modules\\express\\lib\\router\\index.js:284:15\n    at Function.process_params (C:\\Users\\MrLipa\\Desktop\\exam-freshcode\\server\\node_modules\\express\\lib\\router\\index.js:346:12)\n    at next (C:\\Users\\MrLipa\\Desktop\\exam-freshcode\\server\\node_modules\\express\\lib\\router\\index.js:280:10)\n    at Function.handle (C:\\Users\\MrLipa\\Desktop\\exam-freshcode\\server\\node_modules\\express\\lib\\router\\index.js:175:3)\n    at router (C:\\Users\\MrLipa\\Desktop\\exam-freshcode\\server\\node_modules\\express\\lib\\router\\index.js:47:12)"
  },
  {
    "message": "token error",
    "time": "2025-05-28T18:10:34.298Z",
    "code": 408,
    "stackTrace": "TokenError: token error\n    at module.exports.checkAuth (C:\\Users\\MrLipa\\Desktop\\exam-freshcode\\server\\src\\middlewares\\checkToken.js:25:10)\n    at Layer.handle [as handle_request] (C:\\Users\\MrLipa\\Desktop\\exam-freshcode\\server\\node_modules\\express\\lib\\router\\layer.js:95:5)\n    at next (C:\\Users\\MrLipa\\Desktop\\exam-freshcode\\server\\node_modules\\express\\lib\\router\\route.js:144:13)\n    at Route.dispatch (C:\\Users\\MrLipa\\Desktop\\exam-freshcode\\server\\node_modules\\express\\lib\\router\\route.js:114:3)\n    at Layer.handle [as handle_request] (C:\\Users\\MrLipa\\Desktop\\exam-freshcode\\server\\node_modules\\express\\lib\\router\\layer.js:95:5)\n    at C:\\Users\\MrLipa\\Desktop\\exam-freshcode\\server\\node_modules\\express\\lib\\router\\index.js:284:15\n    at Function.process_params (C:\\Users\\MrLipa\\Desktop\\exam-freshcode\\server\\node_modules\\express\\lib\\router\\index.js:346:12)\n    at next (C:\\Users\\MrLipa\\Desktop\\exam-freshcode\\server\\node_modules\\express\\lib\\router\\index.js:280:10)\n    at Function.handle (C:\\Users\\MrLipa\\Desktop\\exam-freshcode\\server\\node_modules\\express\\lib\\router\\index.js:175:3)\n    at router (C:\\Users\\MrLipa\\Desktop\\exam-freshcode\\server\\node_modules\\express\\lib\\router\\index.js:47:12)"
  },
  {
    "message": "token error",
    "time": "2025-05-28T18:10:34.305Z",
    "code": 408,
    "stackTrace": "TokenError: token error\n    at module.exports.checkAuth (C:\\Users\\MrLipa\\Desktop\\exam-freshcode\\server\\src\\middlewares\\checkToken.js:25:10)\n    at Layer.handle [as handle_request] (C:\\Users\\MrLipa\\Desktop\\exam-freshcode\\server\\node_modules\\express\\lib\\router\\layer.js:95:5)\n    at next (C:\\Users\\MrLipa\\Desktop\\exam-freshcode\\server\\node_modules\\express\\lib\\router\\route.js:144:13)\n    at Route.dispatch (C:\\Users\\MrLipa\\Desktop\\exam-freshcode\\server\\node_modules\\express\\lib\\router\\route.js:114:3)\n    at Layer.handle [as handle_request] (C:\\Users\\MrLipa\\Desktop\\exam-freshcode\\server\\node_modules\\express\\lib\\router\\layer.js:95:5)\n    at C:\\Users\\MrLipa\\Desktop\\exam-freshcode\\server\\node_modules\\express\\lib\\router\\index.js:284:15\n    at Function.process_params (C:\\Users\\MrLipa\\Desktop\\exam-freshcode\\server\\node_modules\\express\\lib\\router\\index.js:346:12)\n    at next (C:\\Users\\MrLipa\\Desktop\\exam-freshcode\\server\\node_modules\\express\\lib\\router\\index.js:280:10)\n    at Function.handle (C:\\Users\\MrLipa\\Desktop\\exam-freshcode\\server\\node_modules\\express\\lib\\router\\index.js:175:3)\n    at router (C:\\Users\\MrLipa\\Desktop\\exam-freshcode\\server\\node_modules\\express\\lib\\router\\index.js:47:12)"
  },
  {
    "message": "token error",
    "time": "2025-05-28T18:10:34.312Z",
    "code": 408,
    "stackTrace": "TokenError: token error\n    at module.exports.checkAuth (C:\\Users\\MrLipa\\Desktop\\exam-freshcode\\server\\src\\middlewares\\checkToken.js:25:10)\n    at Layer.handle [as handle_request] (C:\\Users\\MrLipa\\Desktop\\exam-freshcode\\server\\node_modules\\express\\lib\\router\\layer.js:95:5)\n    at next (C:\\Users\\MrLipa\\Desktop\\exam-freshcode\\server\\node_modules\\express\\lib\\router\\route.js:144:13)\n    at Route.dispatch (C:\\Users\\MrLipa\\Desktop\\exam-freshcode\\server\\node_modules\\express\\lib\\router\\route.js:114:3)\n    at Layer.handle [as handle_request] (C:\\Users\\MrLipa\\Desktop\\exam-freshcode\\server\\node_modules\\express\\lib\\router\\layer.js:95:5)\n    at C:\\Users\\MrLipa\\Desktop\\exam-freshcode\\server\\node_modules\\express\\lib\\router\\index.js:284:15\n    at Function.process_params (C:\\Users\\MrLipa\\Desktop\\exam-freshcode\\server\\node_modules\\express\\lib\\router\\index.js:346:12)\n    at next (C:\\Users\\MrLipa\\Desktop\\exam-freshcode\\server\\node_modules\\express\\lib\\router\\index.js:280:10)\n    at Function.handle (C:\\Users\\MrLipa\\Desktop\\exam-freshcode\\server\\node_modules\\express\\lib\\router\\index.js:175:3)\n    at router (C:\\Users\\MrLipa\\Desktop\\exam-freshcode\\server\\node_modules\\express\\lib\\router\\index.js:47:12)"
  },
  {
    "message": "token error",
    "time": "2025-05-28T18:10:38.192Z",
    "code": 408,
    "stackTrace": "TokenError: token error\n    at module.exports.checkAuth (C:\\Users\\MrLipa\\Desktop\\exam-freshcode\\server\\src\\middlewares\\checkToken.js:25:10)\n    at Layer.handle [as handle_request] (C:\\Users\\MrLipa\\Desktop\\exam-freshcode\\server\\node_modules\\express\\lib\\router\\layer.js:95:5)\n    at next (C:\\Users\\MrLipa\\Desktop\\exam-freshcode\\server\\node_modules\\express\\lib\\router\\route.js:144:13)\n    at Route.dispatch (C:\\Users\\MrLipa\\Desktop\\exam-freshcode\\server\\node_modules\\express\\lib\\router\\route.js:114:3)\n    at Layer.handle [as handle_request] (C:\\Users\\MrLipa\\Desktop\\exam-freshcode\\server\\node_modules\\express\\lib\\router\\layer.js:95:5)\n    at C:\\Users\\MrLipa\\Desktop\\exam-freshcode\\server\\node_modules\\express\\lib\\router\\index.js:284:15\n    at Function.process_params (C:\\Users\\MrLipa\\Desktop\\exam-freshcode\\server\\node_modules\\express\\lib\\router\\index.js:346:12)\n    at next (C:\\Users\\MrLipa\\Desktop\\exam-freshcode\\server\\node_modules\\express\\lib\\router\\index.js:280:10)\n    at Function.handle (C:\\Users\\MrLipa\\Desktop\\exam-freshcode\\server\\node_modules\\express\\lib\\router\\index.js:175:3)\n    at router (C:\\Users\\MrLipa\\Desktop\\exam-freshcode\\server\\node_modules\\express\\lib\\router\\index.js:47:12)"
  },
  {
    "message": "token error",
    "time": "2025-05-28T18:10:38.195Z",
    "code": 408,
    "stackTrace": "TokenError: token error\n    at module.exports.checkAuth (C:\\Users\\MrLipa\\Desktop\\exam-freshcode\\server\\src\\middlewares\\checkToken.js:25:10)\n    at Layer.handle [as handle_request] (C:\\Users\\MrLipa\\Desktop\\exam-freshcode\\server\\node_modules\\express\\lib\\router\\layer.js:95:5)\n    at next (C:\\Users\\MrLipa\\Desktop\\exam-freshcode\\server\\node_modules\\express\\lib\\router\\route.js:144:13)\n    at Route.dispatch (C:\\Users\\MrLipa\\Desktop\\exam-freshcode\\server\\node_modules\\express\\lib\\router\\route.js:114:3)\n    at Layer.handle [as handle_request] (C:\\Users\\MrLipa\\Desktop\\exam-freshcode\\server\\node_modules\\express\\lib\\router\\layer.js:95:5)\n    at C:\\Users\\MrLipa\\Desktop\\exam-freshcode\\server\\node_modules\\express\\lib\\router\\index.js:284:15\n    at Function.process_params (C:\\Users\\MrLipa\\Desktop\\exam-freshcode\\server\\node_modules\\express\\lib\\router\\index.js:346:12)\n    at next (C:\\Users\\MrLipa\\Desktop\\exam-freshcode\\server\\node_modules\\express\\lib\\router\\index.js:280:10)\n    at Function.handle (C:\\Users\\MrLipa\\Desktop\\exam-freshcode\\server\\node_modules\\express\\lib\\router\\index.js:175:3)\n    at router (C:\\Users\\MrLipa\\Desktop\\exam-freshcode\\server\\node_modules\\express\\lib\\router\\index.js:47:12)"
  },
  {
    "message": "token error",
    "time": "2025-05-28T18:10:38.198Z",
    "code": 408,
    "stackTrace": "TokenError: token error\n    at module.exports.checkAuth (C:\\Users\\MrLipa\\Desktop\\exam-freshcode\\server\\src\\middlewares\\checkToken.js:25:10)\n    at Layer.handle [as handle_request] (C:\\Users\\MrLipa\\Desktop\\exam-freshcode\\server\\node_modules\\express\\lib\\router\\layer.js:95:5)\n    at next (C:\\Users\\MrLipa\\Desktop\\exam-freshcode\\server\\node_modules\\express\\lib\\router\\route.js:144:13)\n    at Route.dispatch (C:\\Users\\MrLipa\\Desktop\\exam-freshcode\\server\\node_modules\\express\\lib\\router\\route.js:114:3)\n    at Layer.handle [as handle_request] (C:\\Users\\MrLipa\\Desktop\\exam-freshcode\\server\\node_modules\\express\\lib\\router\\layer.js:95:5)\n    at C:\\Users\\MrLipa\\Desktop\\exam-freshcode\\server\\node_modules\\express\\lib\\router\\index.js:284:15\n    at Function.process_params (C:\\Users\\MrLipa\\Desktop\\exam-freshcode\\server\\node_modules\\express\\lib\\router\\index.js:346:12)\n    at next (C:\\Users\\MrLipa\\Desktop\\exam-freshcode\\server\\node_modules\\express\\lib\\router\\index.js:280:10)\n    at Function.handle (C:\\Users\\MrLipa\\Desktop\\exam-freshcode\\server\\node_modules\\express\\lib\\router\\index.js:175:3)\n    at router (C:\\Users\\MrLipa\\Desktop\\exam-freshcode\\server\\node_modules\\express\\lib\\router\\index.js:47:12)"
  },
  {
    "message": "token error",
    "time": "2025-05-28T18:10:39.542Z",
    "code": 408,
    "stackTrace": "TokenError: token error\n    at module.exports.checkAuth (C:\\Users\\MrLipa\\Desktop\\exam-freshcode\\server\\src\\middlewares\\checkToken.js:25:10)\n    at Layer.handle [as handle_request] (C:\\Users\\MrLipa\\Desktop\\exam-freshcode\\server\\node_modules\\express\\lib\\router\\layer.js:95:5)\n    at next (C:\\Users\\MrLipa\\Desktop\\exam-freshcode\\server\\node_modules\\express\\lib\\router\\route.js:144:13)\n    at Route.dispatch (C:\\Users\\MrLipa\\Desktop\\exam-freshcode\\server\\node_modules\\express\\lib\\router\\route.js:114:3)\n    at Layer.handle [as handle_request] (C:\\Users\\MrLipa\\Desktop\\exam-freshcode\\server\\node_modules\\express\\lib\\router\\layer.js:95:5)\n    at C:\\Users\\MrLipa\\Desktop\\exam-freshcode\\server\\node_modules\\express\\lib\\router\\index.js:284:15\n    at Function.process_params (C:\\Users\\MrLipa\\Desktop\\exam-freshcode\\server\\node_modules\\express\\lib\\router\\index.js:346:12)\n    at next (C:\\Users\\MrLipa\\Desktop\\exam-freshcode\\server\\node_modules\\express\\lib\\router\\index.js:280:10)\n    at Function.handle (C:\\Users\\MrLipa\\Desktop\\exam-freshcode\\server\\node_modules\\express\\lib\\router\\index.js:175:3)\n    at router (C:\\Users\\MrLipa\\Desktop\\exam-freshcode\\server\\node_modules\\express\\lib\\router\\index.js:47:12)"
  },
  {
    "message": "token error",
    "time": "2025-05-28T18:10:39.546Z",
    "code": 408,
    "stackTrace": "TokenError: token error\n    at module.exports.checkAuth (C:\\Users\\MrLipa\\Desktop\\exam-freshcode\\server\\src\\middlewares\\checkToken.js:25:10)\n    at Layer.handle [as handle_request] (C:\\Users\\MrLipa\\Desktop\\exam-freshcode\\server\\node_modules\\express\\lib\\router\\layer.js:95:5)\n    at next (C:\\Users\\MrLipa\\Desktop\\exam-freshcode\\server\\node_modules\\express\\lib\\router\\route.js:144:13)\n    at Route.dispatch (C:\\Users\\MrLipa\\Desktop\\exam-freshcode\\server\\node_modules\\express\\lib\\router\\route.js:114:3)\n    at Layer.handle [as handle_request] (C:\\Users\\MrLipa\\Desktop\\exam-freshcode\\server\\node_modules\\express\\lib\\router\\layer.js:95:5)\n    at C:\\Users\\MrLipa\\Desktop\\exam-freshcode\\server\\node_modules\\express\\lib\\router\\index.js:284:15\n    at Function.process_params (C:\\Users\\MrLipa\\Desktop\\exam-freshcode\\server\\node_modules\\express\\lib\\router\\index.js:346:12)\n    at next (C:\\Users\\MrLipa\\Desktop\\exam-freshcode\\server\\node_modules\\express\\lib\\router\\index.js:280:10)\n    at Function.handle (C:\\Users\\MrLipa\\Desktop\\exam-freshcode\\server\\node_modules\\express\\lib\\router\\index.js:175:3)\n    at router (C:\\Users\\MrLipa\\Desktop\\exam-freshcode\\server\\node_modules\\express\\lib\\router\\index.js:47:12)"
  },
  {
    "message": "token error",
    "time": "2025-05-28T18:10:40.797Z",
    "code": 408,
    "stackTrace": "TokenError: token error\n    at module.exports.checkAuth (C:\\Users\\MrLipa\\Desktop\\exam-freshcode\\server\\src\\middlewares\\checkToken.js:25:10)\n    at Layer.handle [as handle_request] (C:\\Users\\MrLipa\\Desktop\\exam-freshcode\\server\\node_modules\\express\\lib\\router\\layer.js:95:5)\n    at next (C:\\Users\\MrLipa\\Desktop\\exam-freshcode\\server\\node_modules\\express\\lib\\router\\route.js:144:13)\n    at Route.dispatch (C:\\Users\\MrLipa\\Desktop\\exam-freshcode\\server\\node_modules\\express\\lib\\router\\route.js:114:3)\n    at Layer.handle [as handle_request] (C:\\Users\\MrLipa\\Desktop\\exam-freshcode\\server\\node_modules\\express\\lib\\router\\layer.js:95:5)\n    at C:\\Users\\MrLipa\\Desktop\\exam-freshcode\\server\\node_modules\\express\\lib\\router\\index.js:284:15\n    at Function.process_params (C:\\Users\\MrLipa\\Desktop\\exam-freshcode\\server\\node_modules\\express\\lib\\router\\index.js:346:12)\n    at next (C:\\Users\\MrLipa\\Desktop\\exam-freshcode\\server\\node_modules\\express\\lib\\router\\index.js:280:10)\n    at Function.handle (C:\\Users\\MrLipa\\Desktop\\exam-freshcode\\server\\node_modules\\express\\lib\\router\\index.js:175:3)\n    at router (C:\\Users\\MrLipa\\Desktop\\exam-freshcode\\server\\node_modules\\express\\lib\\router\\index.js:47:12)"
  },
  {
    "message": "token error",
    "time": "2025-05-28T18:10:40.802Z",
    "code": 408,
    "stackTrace": "TokenError: token error\n    at module.exports.checkAuth (C:\\Users\\MrLipa\\Desktop\\exam-freshcode\\server\\src\\middlewares\\checkToken.js:25:10)\n    at Layer.handle [as handle_request] (C:\\Users\\MrLipa\\Desktop\\exam-freshcode\\server\\node_modules\\express\\lib\\router\\layer.js:95:5)\n    at next (C:\\Users\\MrLipa\\Desktop\\exam-freshcode\\server\\node_modules\\express\\lib\\router\\route.js:144:13)\n    at Route.dispatch (C:\\Users\\MrLipa\\Desktop\\exam-freshcode\\server\\node_modules\\express\\lib\\router\\route.js:114:3)\n    at Layer.handle [as handle_request] (C:\\Users\\MrLipa\\Desktop\\exam-freshcode\\server\\node_modules\\express\\lib\\router\\layer.js:95:5)\n    at C:\\Users\\MrLipa\\Desktop\\exam-freshcode\\server\\node_modules\\express\\lib\\router\\index.js:284:15\n    at Function.process_params (C:\\Users\\MrLipa\\Desktop\\exam-freshcode\\server\\node_modules\\express\\lib\\router\\index.js:346:12)\n    at next (C:\\Users\\MrLipa\\Desktop\\exam-freshcode\\server\\node_modules\\express\\lib\\router\\index.js:280:10)\n    at Function.handle (C:\\Users\\MrLipa\\Desktop\\exam-freshcode\\server\\node_modules\\express\\lib\\router\\index.js:175:3)\n    at router (C:\\Users\\MrLipa\\Desktop\\exam-freshcode\\server\\node_modules\\express\\lib\\router\\index.js:47:12)"
  },
  {
    "message": "token error",
    "time": "2025-05-28T18:14:47.753Z",
    "code": 408,
    "stackTrace": "TokenError: token error\n    at module.exports.checkAuth (C:\\Users\\MrLipa\\Desktop\\exam-freshcode\\server\\src\\middlewares\\checkToken.js:25:10)\n    at Layer.handle [as handle_request] (C:\\Users\\MrLipa\\Desktop\\exam-freshcode\\server\\node_modules\\express\\lib\\router\\layer.js:95:5)\n    at next (C:\\Users\\MrLipa\\Desktop\\exam-freshcode\\server\\node_modules\\express\\lib\\router\\route.js:144:13)\n    at Route.dispatch (C:\\Users\\MrLipa\\Desktop\\exam-freshcode\\server\\node_modules\\express\\lib\\router\\route.js:114:3)\n    at Layer.handle [as handle_request] (C:\\Users\\MrLipa\\Desktop\\exam-freshcode\\server\\node_modules\\express\\lib\\router\\layer.js:95:5)\n    at C:\\Users\\MrLipa\\Desktop\\exam-freshcode\\server\\node_modules\\express\\lib\\router\\index.js:284:15\n    at Function.process_params (C:\\Users\\MrLipa\\Desktop\\exam-freshcode\\server\\node_modules\\express\\lib\\router\\index.js:346:12)\n    at next (C:\\Users\\MrLipa\\Desktop\\exam-freshcode\\server\\node_modules\\express\\lib\\router\\index.js:280:10)\n    at Function.handle (C:\\Users\\MrLipa\\Desktop\\exam-freshcode\\server\\node_modules\\express\\lib\\router\\index.js:175:3)\n    at router (C:\\Users\\MrLipa\\Desktop\\exam-freshcode\\server\\node_modules\\express\\lib\\router\\index.js:47:12)"
  },
  {
    "message": "token error",
    "time": "2025-05-28T18:14:47.757Z",
    "code": 408,
    "stackTrace": "TokenError: token error\n    at module.exports.checkAuth (C:\\Users\\MrLipa\\Desktop\\exam-freshcode\\server\\src\\middlewares\\checkToken.js:25:10)\n    at Layer.handle [as handle_request] (C:\\Users\\MrLipa\\Desktop\\exam-freshcode\\server\\node_modules\\express\\lib\\router\\layer.js:95:5)\n    at next (C:\\Users\\MrLipa\\Desktop\\exam-freshcode\\server\\node_modules\\express\\lib\\router\\route.js:144:13)\n    at Route.dispatch (C:\\Users\\MrLipa\\Desktop\\exam-freshcode\\server\\node_modules\\express\\lib\\router\\route.js:114:3)\n    at Layer.handle [as handle_request] (C:\\Users\\MrLipa\\Desktop\\exam-freshcode\\server\\node_modules\\express\\lib\\router\\layer.js:95:5)\n    at C:\\Users\\MrLipa\\Desktop\\exam-freshcode\\server\\node_modules\\express\\lib\\router\\index.js:284:15\n    at Function.process_params (C:\\Users\\MrLipa\\Desktop\\exam-freshcode\\server\\node_modules\\express\\lib\\router\\index.js:346:12)\n    at next (C:\\Users\\MrLipa\\Desktop\\exam-freshcode\\server\\node_modules\\express\\lib\\router\\index.js:280:10)\n    at Function.handle (C:\\Users\\MrLipa\\Desktop\\exam-freshcode\\server\\node_modules\\express\\lib\\router\\index.js:175:3)\n    at router (C:\\Users\\MrLipa\\Desktop\\exam-freshcode\\server\\node_modules\\express\\lib\\router\\index.js:47:12)"
  },
  {
    "message": "token error",
    "time": "2025-05-28T18:14:47.761Z",
    "code": 408,
    "stackTrace": "TokenError: token error\n    at module.exports.checkAuth (C:\\Users\\MrLipa\\Desktop\\exam-freshcode\\server\\src\\middlewares\\checkToken.js:25:10)\n    at Layer.handle [as handle_request] (C:\\Users\\MrLipa\\Desktop\\exam-freshcode\\server\\node_modules\\express\\lib\\router\\layer.js:95:5)\n    at next (C:\\Users\\MrLipa\\Desktop\\exam-freshcode\\server\\node_modules\\express\\lib\\router\\route.js:144:13)\n    at Route.dispatch (C:\\Users\\MrLipa\\Desktop\\exam-freshcode\\server\\node_modules\\express\\lib\\router\\route.js:114:3)\n    at Layer.handle [as handle_request] (C:\\Users\\MrLipa\\Desktop\\exam-freshcode\\server\\node_modules\\express\\lib\\router\\layer.js:95:5)\n    at C:\\Users\\MrLipa\\Desktop\\exam-freshcode\\server\\node_modules\\express\\lib\\router\\index.js:284:15\n    at Function.process_params (C:\\Users\\MrLipa\\Desktop\\exam-freshcode\\server\\node_modules\\express\\lib\\router\\index.js:346:12)\n    at next (C:\\Users\\MrLipa\\Desktop\\exam-freshcode\\server\\node_modules\\express\\lib\\router\\index.js:280:10)\n    at Function.handle (C:\\Users\\MrLipa\\Desktop\\exam-freshcode\\server\\node_modules\\express\\lib\\router\\index.js:175:3)\n    at router (C:\\Users\\MrLipa\\Desktop\\exam-freshcode\\server\\node_modules\\express\\lib\\router\\index.js:47:12)"
  },
  {
    "message": "token error",
    "time": "2025-05-28T18:14:49.682Z",
    "code": 408,
    "stackTrace": "TokenError: token error\n    at module.exports.checkAuth (C:\\Users\\MrLipa\\Desktop\\exam-freshcode\\server\\src\\middlewares\\checkToken.js:25:10)\n    at Layer.handle [as handle_request] (C:\\Users\\MrLipa\\Desktop\\exam-freshcode\\server\\node_modules\\express\\lib\\router\\layer.js:95:5)\n    at next (C:\\Users\\MrLipa\\Desktop\\exam-freshcode\\server\\node_modules\\express\\lib\\router\\route.js:144:13)\n    at Route.dispatch (C:\\Users\\MrLipa\\Desktop\\exam-freshcode\\server\\node_modules\\express\\lib\\router\\route.js:114:3)\n    at Layer.handle [as handle_request] (C:\\Users\\MrLipa\\Desktop\\exam-freshcode\\server\\node_modules\\express\\lib\\router\\layer.js:95:5)\n    at C:\\Users\\MrLipa\\Desktop\\exam-freshcode\\server\\node_modules\\express\\lib\\router\\index.js:284:15\n    at Function.process_params (C:\\Users\\MrLipa\\Desktop\\exam-freshcode\\server\\node_modules\\express\\lib\\router\\index.js:346:12)\n    at next (C:\\Users\\MrLipa\\Desktop\\exam-freshcode\\server\\node_modules\\express\\lib\\router\\index.js:280:10)\n    at Function.handle (C:\\Users\\MrLipa\\Desktop\\exam-freshcode\\server\\node_modules\\express\\lib\\router\\index.js:175:3)\n    at router (C:\\Users\\MrLipa\\Desktop\\exam-freshcode\\server\\node_modules\\express\\lib\\router\\index.js:47:12)"
  },
  {
    "message": "token error",
    "time": "2025-05-28T18:14:49.685Z",
    "code": 408,
    "stackTrace": "TokenError: token error\n    at module.exports.checkAuth (C:\\Users\\MrLipa\\Desktop\\exam-freshcode\\server\\src\\middlewares\\checkToken.js:25:10)\n    at Layer.handle [as handle_request] (C:\\Users\\MrLipa\\Desktop\\exam-freshcode\\server\\node_modules\\express\\lib\\router\\layer.js:95:5)\n    at next (C:\\Users\\MrLipa\\Desktop\\exam-freshcode\\server\\node_modules\\express\\lib\\router\\route.js:144:13)\n    at Route.dispatch (C:\\Users\\MrLipa\\Desktop\\exam-freshcode\\server\\node_modules\\express\\lib\\router\\route.js:114:3)\n    at Layer.handle [as handle_request] (C:\\Users\\MrLipa\\Desktop\\exam-freshcode\\server\\node_modules\\express\\lib\\router\\layer.js:95:5)\n    at C:\\Users\\MrLipa\\Desktop\\exam-freshcode\\server\\node_modules\\express\\lib\\router\\index.js:284:15\n    at Function.process_params (C:\\Users\\MrLipa\\Desktop\\exam-freshcode\\server\\node_modules\\express\\lib\\router\\index.js:346:12)\n    at next (C:\\Users\\MrLipa\\Desktop\\exam-freshcode\\server\\node_modules\\express\\lib\\router\\index.js:280:10)\n    at Function.handle (C:\\Users\\MrLipa\\Desktop\\exam-freshcode\\server\\node_modules\\express\\lib\\router\\index.js:175:3)\n    at router (C:\\Users\\MrLipa\\Desktop\\exam-freshcode\\server\\node_modules\\express\\lib\\router\\index.js:47:12)"
  },
  {
    "message": "Messages is associated to Conversations using an alias. You've included an alias (messages), but it does not match the alias(es) defined in your association (Messages).",
    "time": "2025-05-28T18:47:40.958Z",
    "code": 500,
    "stackTrace": "SequelizeEagerLoadingError: Messages is associated to Conversations using an alias. You've included an alias (messages), but it does not match the alias(es) defined in your association (Messages).\n    at Conversations._getIncludedAssociation (C:\\Users\\MrLipa\\Desktop\\exam-freshcode\\server\\node_modules\\sequelize\\lib\\model.js:574:15)\n    at Conversations._validateIncludedElement (C:\\Users\\MrLipa\\Desktop\\exam-freshcode\\server\\node_modules\\sequelize\\lib\\model.js:502:53)\n    at C:\\Users\\MrLipa\\Desktop\\exam-freshcode\\server\\node_modules\\sequelize\\lib\\model.js:421:37\n    at Array.map (<anonymous>)\n    at Conversations._validateIncludedElements (C:\\Users\\MrLipa\\Desktop\\exam-freshcode\\server\\node_modules\\sequelize\\lib\\model.js:417:39)\n    at Conversations.findAll (C:\\Users\\MrLipa\\Desktop\\exam-freshcode\\server\\node_modules\\sequelize\\lib\\model.js:1124:12)\n    at process.processTicksAndRejections (node:internal/process/task_queues:95:5)\n    at async module.exports.getConversationPreview (C:\\Users\\MrLipa\\Desktop\\exam-freshcode\\server\\src\\controllers\\queries\\chatQueries.js:93:25)\n    at async module.exports.getPreview (C:\\Users\\MrLipa\\Desktop\\exam-freshcode\\server\\src\\controllers\\chatController.js:61:25)"
  },
  {
    "message": "Messages is associated to Conversations using an alias. You've included an alias (messages), but it does not match the alias(es) defined in your association (Messages).",
    "time": "2025-05-28T18:47:43.107Z",
    "code": 500,
    "stackTrace": "SequelizeEagerLoadingError: Messages is associated to Conversations using an alias. You've included an alias (messages), but it does not match the alias(es) defined in your association (Messages).\n    at Conversations._getIncludedAssociation (C:\\Users\\MrLipa\\Desktop\\exam-freshcode\\server\\node_modules\\sequelize\\lib\\model.js:574:15)\n    at Conversations._validateIncludedElement (C:\\Users\\MrLipa\\Desktop\\exam-freshcode\\server\\node_modules\\sequelize\\lib\\model.js:502:53)\n    at C:\\Users\\MrLipa\\Desktop\\exam-freshcode\\server\\node_modules\\sequelize\\lib\\model.js:421:37\n    at Array.map (<anonymous>)\n    at Conversations._validateIncludedElements (C:\\Users\\MrLipa\\Desktop\\exam-freshcode\\server\\node_modules\\sequelize\\lib\\model.js:417:39)\n    at Conversations.findAll (C:\\Users\\MrLipa\\Desktop\\exam-freshcode\\server\\node_modules\\sequelize\\lib\\model.js:1124:12)\n    at process.processTicksAndRejections (node:internal/process/task_queues:95:5)\n    at async module.exports.getConversationPreview (C:\\Users\\MrLipa\\Desktop\\exam-freshcode\\server\\src\\controllers\\queries\\chatQueries.js:93:25)\n    at async module.exports.getPreview (C:\\Users\\MrLipa\\Desktop\\exam-freshcode\\server\\src\\controllers\\chatController.js:61:25)"
  },
  {
    "message": "Messages is associated to Conversations using an alias. You've included an alias (messages), but it does not match the alias(es) defined in your association (Messages).",
    "time": "2025-05-28T18:47:45.851Z",
    "code": 500,
    "stackTrace": "SequelizeEagerLoadingError: Messages is associated to Conversations using an alias. You've included an alias (messages), but it does not match the alias(es) defined in your association (Messages).\n    at Conversations._getIncludedAssociation (C:\\Users\\MrLipa\\Desktop\\exam-freshcode\\server\\node_modules\\sequelize\\lib\\model.js:574:15)\n    at Conversations._validateIncludedElement (C:\\Users\\MrLipa\\Desktop\\exam-freshcode\\server\\node_modules\\sequelize\\lib\\model.js:502:53)\n    at C:\\Users\\MrLipa\\Desktop\\exam-freshcode\\server\\node_modules\\sequelize\\lib\\model.js:421:37\n    at Array.map (<anonymous>)\n    at Conversations._validateIncludedElements (C:\\Users\\MrLipa\\Desktop\\exam-freshcode\\server\\node_modules\\sequelize\\lib\\model.js:417:39)\n    at Conversations.findAll (C:\\Users\\MrLipa\\Desktop\\exam-freshcode\\server\\node_modules\\sequelize\\lib\\model.js:1124:12)\n    at process.processTicksAndRejections (node:internal/process/task_queues:95:5)\n    at async module.exports.getConversationPreview (C:\\Users\\MrLipa\\Desktop\\exam-freshcode\\server\\src\\controllers\\queries\\chatQueries.js:93:25)\n    at async module.exports.getPreview (C:\\Users\\MrLipa\\Desktop\\exam-freshcode\\server\\src\\controllers\\chatController.js:61:25)"
  },
  {
    "message": "token error",
    "time": "2025-05-28T19:08:59.684Z",
    "code": 408,
    "stackTrace": "TokenError: token error\n    at module.exports.checkAuth (C:\\Users\\MrLipa\\Desktop\\exam-freshcode\\server\\src\\middlewares\\checkToken.js:25:10)\n    at Layer.handle [as handle_request] (C:\\Users\\MrLipa\\Desktop\\exam-freshcode\\server\\node_modules\\express\\lib\\router\\layer.js:95:5)\n    at next (C:\\Users\\MrLipa\\Desktop\\exam-freshcode\\server\\node_modules\\express\\lib\\router\\route.js:144:13)\n    at Route.dispatch (C:\\Users\\MrLipa\\Desktop\\exam-freshcode\\server\\node_modules\\express\\lib\\router\\route.js:114:3)\n    at Layer.handle [as handle_request] (C:\\Users\\MrLipa\\Desktop\\exam-freshcode\\server\\node_modules\\express\\lib\\router\\layer.js:95:5)\n    at C:\\Users\\MrLipa\\Desktop\\exam-freshcode\\server\\node_modules\\express\\lib\\router\\index.js:284:15\n    at Function.process_params (C:\\Users\\MrLipa\\Desktop\\exam-freshcode\\server\\node_modules\\express\\lib\\router\\index.js:346:12)\n    at next (C:\\Users\\MrLipa\\Desktop\\exam-freshcode\\server\\node_modules\\express\\lib\\router\\index.js:280:10)\n    at Function.handle (C:\\Users\\MrLipa\\Desktop\\exam-freshcode\\server\\node_modules\\express\\lib\\router\\index.js:175:3)\n    at router (C:\\Users\\MrLipa\\Desktop\\exam-freshcode\\server\\node_modules\\express\\lib\\router\\index.js:47:12)"
  },
  {
    "message": "token error",
    "time": "2025-05-28T19:08:59.700Z",
    "code": 408,
    "stackTrace": "TokenError: token error\n    at module.exports.checkAuth (C:\\Users\\MrLipa\\Desktop\\exam-freshcode\\server\\src\\middlewares\\checkToken.js:25:10)\n    at Layer.handle [as handle_request] (C:\\Users\\MrLipa\\Desktop\\exam-freshcode\\server\\node_modules\\express\\lib\\router\\layer.js:95:5)\n    at next (C:\\Users\\MrLipa\\Desktop\\exam-freshcode\\server\\node_modules\\express\\lib\\router\\route.js:144:13)\n    at Route.dispatch (C:\\Users\\MrLipa\\Desktop\\exam-freshcode\\server\\node_modules\\express\\lib\\router\\route.js:114:3)\n    at Layer.handle [as handle_request] (C:\\Users\\MrLipa\\Desktop\\exam-freshcode\\server\\node_modules\\express\\lib\\router\\layer.js:95:5)\n    at C:\\Users\\MrLipa\\Desktop\\exam-freshcode\\server\\node_modules\\express\\lib\\router\\index.js:284:15\n    at Function.process_params (C:\\Users\\MrLipa\\Desktop\\exam-freshcode\\server\\node_modules\\express\\lib\\router\\index.js:346:12)\n    at next (C:\\Users\\MrLipa\\Desktop\\exam-freshcode\\server\\node_modules\\express\\lib\\router\\index.js:280:10)\n    at Function.handle (C:\\Users\\MrLipa\\Desktop\\exam-freshcode\\server\\node_modules\\express\\lib\\router\\index.js:175:3)\n    at router (C:\\Users\\MrLipa\\Desktop\\exam-freshcode\\server\\node_modules\\express\\lib\\router\\index.js:47:12)"
  },
  {
    "message": "token error",
    "time": "2025-05-28T19:08:59.705Z",
    "code": 408,
    "stackTrace": "TokenError: token error\n    at module.exports.checkAuth (C:\\Users\\MrLipa\\Desktop\\exam-freshcode\\server\\src\\middlewares\\checkToken.js:25:10)\n    at Layer.handle [as handle_request] (C:\\Users\\MrLipa\\Desktop\\exam-freshcode\\server\\node_modules\\express\\lib\\router\\layer.js:95:5)\n    at next (C:\\Users\\MrLipa\\Desktop\\exam-freshcode\\server\\node_modules\\express\\lib\\router\\route.js:144:13)\n    at Route.dispatch (C:\\Users\\MrLipa\\Desktop\\exam-freshcode\\server\\node_modules\\express\\lib\\router\\route.js:114:3)\n    at Layer.handle [as handle_request] (C:\\Users\\MrLipa\\Desktop\\exam-freshcode\\server\\node_modules\\express\\lib\\router\\layer.js:95:5)\n    at C:\\Users\\MrLipa\\Desktop\\exam-freshcode\\server\\node_modules\\express\\lib\\router\\index.js:284:15\n    at Function.process_params (C:\\Users\\MrLipa\\Desktop\\exam-freshcode\\server\\node_modules\\express\\lib\\router\\index.js:346:12)\n    at next (C:\\Users\\MrLipa\\Desktop\\exam-freshcode\\server\\node_modules\\express\\lib\\router\\index.js:280:10)\n    at Function.handle (C:\\Users\\MrLipa\\Desktop\\exam-freshcode\\server\\node_modules\\express\\lib\\router\\index.js:175:3)\n    at router (C:\\Users\\MrLipa\\Desktop\\exam-freshcode\\server\\node_modules\\express\\lib\\router\\index.js:47:12)"
  },
  {
    "message": "token error",
    "time": "2025-05-28T19:09:00.905Z",
    "code": 408,
    "stackTrace": "TokenError: token error\n    at module.exports.checkAuth (C:\\Users\\MrLipa\\Desktop\\exam-freshcode\\server\\src\\middlewares\\checkToken.js:25:10)\n    at Layer.handle [as handle_request] (C:\\Users\\MrLipa\\Desktop\\exam-freshcode\\server\\node_modules\\express\\lib\\router\\layer.js:95:5)\n    at next (C:\\Users\\MrLipa\\Desktop\\exam-freshcode\\server\\node_modules\\express\\lib\\router\\route.js:144:13)\n    at Route.dispatch (C:\\Users\\MrLipa\\Desktop\\exam-freshcode\\server\\node_modules\\express\\lib\\router\\route.js:114:3)\n    at Layer.handle [as handle_request] (C:\\Users\\MrLipa\\Desktop\\exam-freshcode\\server\\node_modules\\express\\lib\\router\\layer.js:95:5)\n    at C:\\Users\\MrLipa\\Desktop\\exam-freshcode\\server\\node_modules\\express\\lib\\router\\index.js:284:15\n    at Function.process_params (C:\\Users\\MrLipa\\Desktop\\exam-freshcode\\server\\node_modules\\express\\lib\\router\\index.js:346:12)\n    at next (C:\\Users\\MrLipa\\Desktop\\exam-freshcode\\server\\node_modules\\express\\lib\\router\\index.js:280:10)\n    at Function.handle (C:\\Users\\MrLipa\\Desktop\\exam-freshcode\\server\\node_modules\\express\\lib\\router\\index.js:175:3)\n    at router (C:\\Users\\MrLipa\\Desktop\\exam-freshcode\\server\\node_modules\\express\\lib\\router\\index.js:47:12)"
  },
  {
    "message": "token error",
    "time": "2025-05-28T19:09:00.908Z",
    "code": 408,
    "stackTrace": "TokenError: token error\n    at module.exports.checkAuth (C:\\Users\\MrLipa\\Desktop\\exam-freshcode\\server\\src\\middlewares\\checkToken.js:25:10)\n    at Layer.handle [as handle_request] (C:\\Users\\MrLipa\\Desktop\\exam-freshcode\\server\\node_modules\\express\\lib\\router\\layer.js:95:5)\n    at next (C:\\Users\\MrLipa\\Desktop\\exam-freshcode\\server\\node_modules\\express\\lib\\router\\route.js:144:13)\n    at Route.dispatch (C:\\Users\\MrLipa\\Desktop\\exam-freshcode\\server\\node_modules\\express\\lib\\router\\route.js:114:3)\n    at Layer.handle [as handle_request] (C:\\Users\\MrLipa\\Desktop\\exam-freshcode\\server\\node_modules\\express\\lib\\router\\layer.js:95:5)\n    at C:\\Users\\MrLipa\\Desktop\\exam-freshcode\\server\\node_modules\\express\\lib\\router\\index.js:284:15\n    at Function.process_params (C:\\Users\\MrLipa\\Desktop\\exam-freshcode\\server\\node_modules\\express\\lib\\router\\index.js:346:12)\n    at next (C:\\Users\\MrLipa\\Desktop\\exam-freshcode\\server\\node_modules\\express\\lib\\router\\index.js:280:10)\n    at Function.handle (C:\\Users\\MrLipa\\Desktop\\exam-freshcode\\server\\node_modules\\express\\lib\\router\\index.js:175:3)\n    at router (C:\\Users\\MrLipa\\Desktop\\exam-freshcode\\server\\node_modules\\express\\lib\\router\\index.js:47:12)"
  },
  {
    "message": "token error",
    "time": "2025-05-28T19:09:00.911Z",
    "code": 408,
    "stackTrace": "TokenError: token error\n    at module.exports.checkAuth (C:\\Users\\MrLipa\\Desktop\\exam-freshcode\\server\\src\\middlewares\\checkToken.js:25:10)\n    at Layer.handle [as handle_request] (C:\\Users\\MrLipa\\Desktop\\exam-freshcode\\server\\node_modules\\express\\lib\\router\\layer.js:95:5)\n    at next (C:\\Users\\MrLipa\\Desktop\\exam-freshcode\\server\\node_modules\\express\\lib\\router\\route.js:144:13)\n    at Route.dispatch (C:\\Users\\MrLipa\\Desktop\\exam-freshcode\\server\\node_modules\\express\\lib\\router\\route.js:114:3)\n    at Layer.handle [as handle_request] (C:\\Users\\MrLipa\\Desktop\\exam-freshcode\\server\\node_modules\\express\\lib\\router\\layer.js:95:5)\n    at C:\\Users\\MrLipa\\Desktop\\exam-freshcode\\server\\node_modules\\express\\lib\\router\\index.js:284:15\n    at Function.process_params (C:\\Users\\MrLipa\\Desktop\\exam-freshcode\\server\\node_modules\\express\\lib\\router\\index.js:346:12)\n    at next (C:\\Users\\MrLipa\\Desktop\\exam-freshcode\\server\\node_modules\\express\\lib\\router\\index.js:280:10)\n    at Function.handle (C:\\Users\\MrLipa\\Desktop\\exam-freshcode\\server\\node_modules\\express\\lib\\router\\index.js:175:3)\n    at router (C:\\Users\\MrLipa\\Desktop\\exam-freshcode\\server\\node_modules\\express\\lib\\router\\index.js:47:12)"
  },
  {
    "message": "token error",
    "time": "2025-05-28T19:11:53.361Z",
    "code": 408,
    "stackTrace": "TokenError: token error\n    at module.exports.checkAuth (C:\\Users\\MrLipa\\Desktop\\exam-freshcode\\server\\src\\middlewares\\checkToken.js:25:10)\n    at Layer.handle [as handle_request] (C:\\Users\\MrLipa\\Desktop\\exam-freshcode\\server\\node_modules\\express\\lib\\router\\layer.js:95:5)\n    at next (C:\\Users\\MrLipa\\Desktop\\exam-freshcode\\server\\node_modules\\express\\lib\\router\\route.js:144:13)\n    at Route.dispatch (C:\\Users\\MrLipa\\Desktop\\exam-freshcode\\server\\node_modules\\express\\lib\\router\\route.js:114:3)\n    at Layer.handle [as handle_request] (C:\\Users\\MrLipa\\Desktop\\exam-freshcode\\server\\node_modules\\express\\lib\\router\\layer.js:95:5)\n    at C:\\Users\\MrLipa\\Desktop\\exam-freshcode\\server\\node_modules\\express\\lib\\router\\index.js:284:15\n    at Function.process_params (C:\\Users\\MrLipa\\Desktop\\exam-freshcode\\server\\node_modules\\express\\lib\\router\\index.js:346:12)\n    at next (C:\\Users\\MrLipa\\Desktop\\exam-freshcode\\server\\node_modules\\express\\lib\\router\\index.js:280:10)\n    at Function.handle (C:\\Users\\MrLipa\\Desktop\\exam-freshcode\\server\\node_modules\\express\\lib\\router\\index.js:175:3)\n    at router (C:\\Users\\MrLipa\\Desktop\\exam-freshcode\\server\\node_modules\\express\\lib\\router\\index.js:47:12)"
  },
  {
    "message": "token error",
    "time": "2025-05-28T19:11:53.365Z",
    "code": 408,
    "stackTrace": "TokenError: token error\n    at module.exports.checkAuth (C:\\Users\\MrLipa\\Desktop\\exam-freshcode\\server\\src\\middlewares\\checkToken.js:25:10)\n    at Layer.handle [as handle_request] (C:\\Users\\MrLipa\\Desktop\\exam-freshcode\\server\\node_modules\\express\\lib\\router\\layer.js:95:5)\n    at next (C:\\Users\\MrLipa\\Desktop\\exam-freshcode\\server\\node_modules\\express\\lib\\router\\route.js:144:13)\n    at Route.dispatch (C:\\Users\\MrLipa\\Desktop\\exam-freshcode\\server\\node_modules\\express\\lib\\router\\route.js:114:3)\n    at Layer.handle [as handle_request] (C:\\Users\\MrLipa\\Desktop\\exam-freshcode\\server\\node_modules\\express\\lib\\router\\layer.js:95:5)\n    at C:\\Users\\MrLipa\\Desktop\\exam-freshcode\\server\\node_modules\\express\\lib\\router\\index.js:284:15\n    at Function.process_params (C:\\Users\\MrLipa\\Desktop\\exam-freshcode\\server\\node_modules\\express\\lib\\router\\index.js:346:12)\n    at next (C:\\Users\\MrLipa\\Desktop\\exam-freshcode\\server\\node_modules\\express\\lib\\router\\index.js:280:10)\n    at Function.handle (C:\\Users\\MrLipa\\Desktop\\exam-freshcode\\server\\node_modules\\express\\lib\\router\\index.js:175:3)\n    at router (C:\\Users\\MrLipa\\Desktop\\exam-freshcode\\server\\node_modules\\express\\lib\\router\\index.js:47:12)"
  },
  {
    "message": "token error",
    "time": "2025-05-28T19:11:53.371Z",
    "code": 408,
    "stackTrace": "TokenError: token error\n    at module.exports.checkAuth (C:\\Users\\MrLipa\\Desktop\\exam-freshcode\\server\\src\\middlewares\\checkToken.js:25:10)\n    at Layer.handle [as handle_request] (C:\\Users\\MrLipa\\Desktop\\exam-freshcode\\server\\node_modules\\express\\lib\\router\\layer.js:95:5)\n    at next (C:\\Users\\MrLipa\\Desktop\\exam-freshcode\\server\\node_modules\\express\\lib\\router\\route.js:144:13)\n    at Route.dispatch (C:\\Users\\MrLipa\\Desktop\\exam-freshcode\\server\\node_modules\\express\\lib\\router\\route.js:114:3)\n    at Layer.handle [as handle_request] (C:\\Users\\MrLipa\\Desktop\\exam-freshcode\\server\\node_modules\\express\\lib\\router\\layer.js:95:5)\n    at C:\\Users\\MrLipa\\Desktop\\exam-freshcode\\server\\node_modules\\express\\lib\\router\\index.js:284:15\n    at Function.process_params (C:\\Users\\MrLipa\\Desktop\\exam-freshcode\\server\\node_modules\\express\\lib\\router\\index.js:346:12)\n    at next (C:\\Users\\MrLipa\\Desktop\\exam-freshcode\\server\\node_modules\\express\\lib\\router\\index.js:280:10)\n    at Function.handle (C:\\Users\\MrLipa\\Desktop\\exam-freshcode\\server\\node_modules\\express\\lib\\router\\index.js:175:3)\n    at router (C:\\Users\\MrLipa\\Desktop\\exam-freshcode\\server\\node_modules\\express\\lib\\router\\index.js:47:12)"
  },
  {
    "message": "token error",
    "time": "2025-05-28T19:11:53.463Z",
    "code": 408,
    "stackTrace": "TokenError: token error\n    at module.exports.checkAuth (C:\\Users\\MrLipa\\Desktop\\exam-freshcode\\server\\src\\middlewares\\checkToken.js:25:10)\n    at Layer.handle [as handle_request] (C:\\Users\\MrLipa\\Desktop\\exam-freshcode\\server\\node_modules\\express\\lib\\router\\layer.js:95:5)\n    at next (C:\\Users\\MrLipa\\Desktop\\exam-freshcode\\server\\node_modules\\express\\lib\\router\\route.js:144:13)\n    at Route.dispatch (C:\\Users\\MrLipa\\Desktop\\exam-freshcode\\server\\node_modules\\express\\lib\\router\\route.js:114:3)\n    at Layer.handle [as handle_request] (C:\\Users\\MrLipa\\Desktop\\exam-freshcode\\server\\node_modules\\express\\lib\\router\\layer.js:95:5)\n    at C:\\Users\\MrLipa\\Desktop\\exam-freshcode\\server\\node_modules\\express\\lib\\router\\index.js:284:15\n    at Function.process_params (C:\\Users\\MrLipa\\Desktop\\exam-freshcode\\server\\node_modules\\express\\lib\\router\\index.js:346:12)\n    at next (C:\\Users\\MrLipa\\Desktop\\exam-freshcode\\server\\node_modules\\express\\lib\\router\\index.js:280:10)\n    at Function.handle (C:\\Users\\MrLipa\\Desktop\\exam-freshcode\\server\\node_modules\\express\\lib\\router\\index.js:175:3)\n    at router (C:\\Users\\MrLipa\\Desktop\\exam-freshcode\\server\\node_modules\\express\\lib\\router\\index.js:47:12)"
  },
  {
    "message": "token error",
    "time": "2025-05-28T19:11:53.467Z",
    "code": 408,
    "stackTrace": "TokenError: token error\n    at module.exports.checkAuth (C:\\Users\\MrLipa\\Desktop\\exam-freshcode\\server\\src\\middlewares\\checkToken.js:25:10)\n    at Layer.handle [as handle_request] (C:\\Users\\MrLipa\\Desktop\\exam-freshcode\\server\\node_modules\\express\\lib\\router\\layer.js:95:5)\n    at next (C:\\Users\\MrLipa\\Desktop\\exam-freshcode\\server\\node_modules\\express\\lib\\router\\route.js:144:13)\n    at Route.dispatch (C:\\Users\\MrLipa\\Desktop\\exam-freshcode\\server\\node_modules\\express\\lib\\router\\route.js:114:3)\n    at Layer.handle [as handle_request] (C:\\Users\\MrLipa\\Desktop\\exam-freshcode\\server\\node_modules\\express\\lib\\router\\layer.js:95:5)\n    at C:\\Users\\MrLipa\\Desktop\\exam-freshcode\\server\\node_modules\\express\\lib\\router\\index.js:284:15\n    at Function.process_params (C:\\Users\\MrLipa\\Desktop\\exam-freshcode\\server\\node_modules\\express\\lib\\router\\index.js:346:12)\n    at next (C:\\Users\\MrLipa\\Desktop\\exam-freshcode\\server\\node_modules\\express\\lib\\router\\index.js:280:10)\n    at Function.handle (C:\\Users\\MrLipa\\Desktop\\exam-freshcode\\server\\node_modules\\express\\lib\\router\\index.js:175:3)\n    at router (C:\\Users\\MrLipa\\Desktop\\exam-freshcode\\server\\node_modules\\express\\lib\\router\\index.js:47:12)"
  },
  {
    "message": "token error",
    "time": "2025-05-28T19:11:53.471Z",
    "code": 408,
    "stackTrace": "TokenError: token error\n    at module.exports.checkAuth (C:\\Users\\MrLipa\\Desktop\\exam-freshcode\\server\\src\\middlewares\\checkToken.js:25:10)\n    at Layer.handle [as handle_request] (C:\\Users\\MrLipa\\Desktop\\exam-freshcode\\server\\node_modules\\express\\lib\\router\\layer.js:95:5)\n    at next (C:\\Users\\MrLipa\\Desktop\\exam-freshcode\\server\\node_modules\\express\\lib\\router\\route.js:144:13)\n    at Route.dispatch (C:\\Users\\MrLipa\\Desktop\\exam-freshcode\\server\\node_modules\\express\\lib\\router\\route.js:114:3)\n    at Layer.handle [as handle_request] (C:\\Users\\MrLipa\\Desktop\\exam-freshcode\\server\\node_modules\\express\\lib\\router\\layer.js:95:5)\n    at C:\\Users\\MrLipa\\Desktop\\exam-freshcode\\server\\node_modules\\express\\lib\\router\\index.js:284:15\n    at Function.process_params (C:\\Users\\MrLipa\\Desktop\\exam-freshcode\\server\\node_modules\\express\\lib\\router\\index.js:346:12)\n    at next (C:\\Users\\MrLipa\\Desktop\\exam-freshcode\\server\\node_modules\\express\\lib\\router\\index.js:280:10)\n    at Function.handle (C:\\Users\\MrLipa\\Desktop\\exam-freshcode\\server\\node_modules\\express\\lib\\router\\index.js:175:3)\n    at router (C:\\Users\\MrLipa\\Desktop\\exam-freshcode\\server\\node_modules\\express\\lib\\router\\index.js:47:12)"
  },
  {
    "message": "user with this data didn`t exist",
    "time": "2025-05-28T19:12:14.559Z",
    "code": 404,
    "stackTrace": "UserNotFoundError: user with this data didn`t exist\n    at module.exports.findUser (C:\\Users\\MrLipa\\Desktop\\exam-freshcode\\server\\src\\controllers\\queries\\userQueries.js:21:11)\n    at process.processTicksAndRejections (node:internal/process/task_queues:95:5)\n    at async module.exports.login (C:\\Users\\MrLipa\\Desktop\\exam-freshcode\\server\\src\\controllers\\userController.js:14:23)"
  },
  {
    "message": "token error",
    "time": "2025-05-28T19:12:24.675Z",
    "code": 408,
    "stackTrace": "TokenError: token error\n    at module.exports.checkAuth (C:\\Users\\MrLipa\\Desktop\\exam-freshcode\\server\\src\\middlewares\\checkToken.js:25:10)\n    at Layer.handle [as handle_request] (C:\\Users\\MrLipa\\Desktop\\exam-freshcode\\server\\node_modules\\express\\lib\\router\\layer.js:95:5)\n    at next (C:\\Users\\MrLipa\\Desktop\\exam-freshcode\\server\\node_modules\\express\\lib\\router\\route.js:144:13)\n    at Route.dispatch (C:\\Users\\MrLipa\\Desktop\\exam-freshcode\\server\\node_modules\\express\\lib\\router\\route.js:114:3)\n    at Layer.handle [as handle_request] (C:\\Users\\MrLipa\\Desktop\\exam-freshcode\\server\\node_modules\\express\\lib\\router\\layer.js:95:5)\n    at C:\\Users\\MrLipa\\Desktop\\exam-freshcode\\server\\node_modules\\express\\lib\\router\\index.js:284:15\n    at Function.process_params (C:\\Users\\MrLipa\\Desktop\\exam-freshcode\\server\\node_modules\\express\\lib\\router\\index.js:346:12)\n    at next (C:\\Users\\MrLipa\\Desktop\\exam-freshcode\\server\\node_modules\\express\\lib\\router\\index.js:280:10)\n    at Function.handle (C:\\Users\\MrLipa\\Desktop\\exam-freshcode\\server\\node_modules\\express\\lib\\router\\index.js:175:3)\n    at router (C:\\Users\\MrLipa\\Desktop\\exam-freshcode\\server\\node_modules\\express\\lib\\router\\index.js:47:12)"
  },
  {
    "message": "token error",
    "time": "2025-05-28T19:12:24.678Z",
    "code": 408,
    "stackTrace": "TokenError: token error\n    at module.exports.checkAuth (C:\\Users\\MrLipa\\Desktop\\exam-freshcode\\server\\src\\middlewares\\checkToken.js:25:10)\n    at Layer.handle [as handle_request] (C:\\Users\\MrLipa\\Desktop\\exam-freshcode\\server\\node_modules\\express\\lib\\router\\layer.js:95:5)\n    at next (C:\\Users\\MrLipa\\Desktop\\exam-freshcode\\server\\node_modules\\express\\lib\\router\\route.js:144:13)\n    at Route.dispatch (C:\\Users\\MrLipa\\Desktop\\exam-freshcode\\server\\node_modules\\express\\lib\\router\\route.js:114:3)\n    at Layer.handle [as handle_request] (C:\\Users\\MrLipa\\Desktop\\exam-freshcode\\server\\node_modules\\express\\lib\\router\\layer.js:95:5)\n    at C:\\Users\\MrLipa\\Desktop\\exam-freshcode\\server\\node_modules\\express\\lib\\router\\index.js:284:15\n    at Function.process_params (C:\\Users\\MrLipa\\Desktop\\exam-freshcode\\server\\node_modules\\express\\lib\\router\\index.js:346:12)\n    at next (C:\\Users\\MrLipa\\Desktop\\exam-freshcode\\server\\node_modules\\express\\lib\\router\\index.js:280:10)\n    at Function.handle (C:\\Users\\MrLipa\\Desktop\\exam-freshcode\\server\\node_modules\\express\\lib\\router\\index.js:175:3)\n    at router (C:\\Users\\MrLipa\\Desktop\\exam-freshcode\\server\\node_modules\\express\\lib\\router\\index.js:47:12)"
  },
  {
    "message": "token error",
    "time": "2025-05-28T19:12:24.684Z",
    "code": 408,
    "stackTrace": "TokenError: token error\n    at module.exports.checkAuth (C:\\Users\\MrLipa\\Desktop\\exam-freshcode\\server\\src\\middlewares\\checkToken.js:25:10)\n    at Layer.handle [as handle_request] (C:\\Users\\MrLipa\\Desktop\\exam-freshcode\\server\\node_modules\\express\\lib\\router\\layer.js:95:5)\n    at next (C:\\Users\\MrLipa\\Desktop\\exam-freshcode\\server\\node_modules\\express\\lib\\router\\route.js:144:13)\n    at Route.dispatch (C:\\Users\\MrLipa\\Desktop\\exam-freshcode\\server\\node_modules\\express\\lib\\router\\route.js:114:3)\n    at Layer.handle [as handle_request] (C:\\Users\\MrLipa\\Desktop\\exam-freshcode\\server\\node_modules\\express\\lib\\router\\layer.js:95:5)\n    at C:\\Users\\MrLipa\\Desktop\\exam-freshcode\\server\\node_modules\\express\\lib\\router\\index.js:284:15\n    at Function.process_params (C:\\Users\\MrLipa\\Desktop\\exam-freshcode\\server\\node_modules\\express\\lib\\router\\index.js:346:12)\n    at next (C:\\Users\\MrLipa\\Desktop\\exam-freshcode\\server\\node_modules\\express\\lib\\router\\index.js:280:10)\n    at Function.handle (C:\\Users\\MrLipa\\Desktop\\exam-freshcode\\server\\node_modules\\express\\lib\\router\\index.js:175:3)\n    at router (C:\\Users\\MrLipa\\Desktop\\exam-freshcode\\server\\node_modules\\express\\lib\\router\\index.js:47:12)"
  },
  {
    "message": "token error",
    "time": "2025-05-28T19:12:50.498Z",
    "code": 408,
    "stackTrace": "TokenError: token error\n    at module.exports.checkAuth (C:\\Users\\MrLipa\\Desktop\\exam-freshcode\\server\\src\\middlewares\\checkToken.js:25:10)\n    at Layer.handle [as handle_request] (C:\\Users\\MrLipa\\Desktop\\exam-freshcode\\server\\node_modules\\express\\lib\\router\\layer.js:95:5)\n    at next (C:\\Users\\MrLipa\\Desktop\\exam-freshcode\\server\\node_modules\\express\\lib\\router\\route.js:144:13)\n    at Route.dispatch (C:\\Users\\MrLipa\\Desktop\\exam-freshcode\\server\\node_modules\\express\\lib\\router\\route.js:114:3)\n    at Layer.handle [as handle_request] (C:\\Users\\MrLipa\\Desktop\\exam-freshcode\\server\\node_modules\\express\\lib\\router\\layer.js:95:5)\n    at C:\\Users\\MrLipa\\Desktop\\exam-freshcode\\server\\node_modules\\express\\lib\\router\\index.js:284:15\n    at Function.process_params (C:\\Users\\MrLipa\\Desktop\\exam-freshcode\\server\\node_modules\\express\\lib\\router\\index.js:346:12)\n    at next (C:\\Users\\MrLipa\\Desktop\\exam-freshcode\\server\\node_modules\\express\\lib\\router\\index.js:280:10)\n    at Function.handle (C:\\Users\\MrLipa\\Desktop\\exam-freshcode\\server\\node_modules\\express\\lib\\router\\index.js:175:3)\n    at router (C:\\Users\\MrLipa\\Desktop\\exam-freshcode\\server\\node_modules\\express\\lib\\router\\index.js:47:12)"
  },
  {
    "message": "token error",
    "time": "2025-05-28T19:12:50.502Z",
    "code": 408,
    "stackTrace": "TokenError: token error\n    at module.exports.checkAuth (C:\\Users\\MrLipa\\Desktop\\exam-freshcode\\server\\src\\middlewares\\checkToken.js:25:10)\n    at Layer.handle [as handle_request] (C:\\Users\\MrLipa\\Desktop\\exam-freshcode\\server\\node_modules\\express\\lib\\router\\layer.js:95:5)\n    at next (C:\\Users\\MrLipa\\Desktop\\exam-freshcode\\server\\node_modules\\express\\lib\\router\\route.js:144:13)\n    at Route.dispatch (C:\\Users\\MrLipa\\Desktop\\exam-freshcode\\server\\node_modules\\express\\lib\\router\\route.js:114:3)\n    at Layer.handle [as handle_request] (C:\\Users\\MrLipa\\Desktop\\exam-freshcode\\server\\node_modules\\express\\lib\\router\\layer.js:95:5)\n    at C:\\Users\\MrLipa\\Desktop\\exam-freshcode\\server\\node_modules\\express\\lib\\router\\index.js:284:15\n    at Function.process_params (C:\\Users\\MrLipa\\Desktop\\exam-freshcode\\server\\node_modules\\express\\lib\\router\\index.js:346:12)\n    at next (C:\\Users\\MrLipa\\Desktop\\exam-freshcode\\server\\node_modules\\express\\lib\\router\\index.js:280:10)\n    at Function.handle (C:\\Users\\MrLipa\\Desktop\\exam-freshcode\\server\\node_modules\\express\\lib\\router\\index.js:175:3)\n    at router (C:\\Users\\MrLipa\\Desktop\\exam-freshcode\\server\\node_modules\\express\\lib\\router\\index.js:47:12)"
  },
  {
    "message": "token error",
    "time": "2025-05-28T19:26:59.648Z",
    "code": 408,
    "stackTrace": "TokenError: token error\n    at module.exports.checkAuth (C:\\Users\\MrLipa\\Desktop\\exam-freshcode\\server\\src\\middlewares\\checkToken.js:25:10)\n    at Layer.handle [as handle_request] (C:\\Users\\MrLipa\\Desktop\\exam-freshcode\\server\\node_modules\\express\\lib\\router\\layer.js:95:5)\n    at next (C:\\Users\\MrLipa\\Desktop\\exam-freshcode\\server\\node_modules\\express\\lib\\router\\route.js:144:13)\n    at Route.dispatch (C:\\Users\\MrLipa\\Desktop\\exam-freshcode\\server\\node_modules\\express\\lib\\router\\route.js:114:3)\n    at Layer.handle [as handle_request] (C:\\Users\\MrLipa\\Desktop\\exam-freshcode\\server\\node_modules\\express\\lib\\router\\layer.js:95:5)\n    at C:\\Users\\MrLipa\\Desktop\\exam-freshcode\\server\\node_modules\\express\\lib\\router\\index.js:284:15\n    at Function.process_params (C:\\Users\\MrLipa\\Desktop\\exam-freshcode\\server\\node_modules\\express\\lib\\router\\index.js:346:12)\n    at next (C:\\Users\\MrLipa\\Desktop\\exam-freshcode\\server\\node_modules\\express\\lib\\router\\index.js:280:10)\n    at Function.handle (C:\\Users\\MrLipa\\Desktop\\exam-freshcode\\server\\node_modules\\express\\lib\\router\\index.js:175:3)\n    at router (C:\\Users\\MrLipa\\Desktop\\exam-freshcode\\server\\node_modules\\express\\lib\\router\\index.js:47:12)"
  },
  {
    "message": "token error",
    "time": "2025-05-28T19:26:59.681Z",
    "code": 408,
    "stackTrace": "TokenError: token error\n    at module.exports.checkAuth (C:\\Users\\MrLipa\\Desktop\\exam-freshcode\\server\\src\\middlewares\\checkToken.js:25:10)\n    at Layer.handle [as handle_request] (C:\\Users\\MrLipa\\Desktop\\exam-freshcode\\server\\node_modules\\express\\lib\\router\\layer.js:95:5)\n    at next (C:\\Users\\MrLipa\\Desktop\\exam-freshcode\\server\\node_modules\\express\\lib\\router\\route.js:144:13)\n    at Route.dispatch (C:\\Users\\MrLipa\\Desktop\\exam-freshcode\\server\\node_modules\\express\\lib\\router\\route.js:114:3)\n    at Layer.handle [as handle_request] (C:\\Users\\MrLipa\\Desktop\\exam-freshcode\\server\\node_modules\\express\\lib\\router\\layer.js:95:5)\n    at C:\\Users\\MrLipa\\Desktop\\exam-freshcode\\server\\node_modules\\express\\lib\\router\\index.js:284:15\n    at Function.process_params (C:\\Users\\MrLipa\\Desktop\\exam-freshcode\\server\\node_modules\\express\\lib\\router\\index.js:346:12)\n    at next (C:\\Users\\MrLipa\\Desktop\\exam-freshcode\\server\\node_modules\\express\\lib\\router\\index.js:280:10)\n    at Function.handle (C:\\Users\\MrLipa\\Desktop\\exam-freshcode\\server\\node_modules\\express\\lib\\router\\index.js:175:3)\n    at router (C:\\Users\\MrLipa\\Desktop\\exam-freshcode\\server\\node_modules\\express\\lib\\router\\index.js:47:12)"
  },
  {
    "message": "token error",
    "time": "2025-05-28T19:26:59.888Z",
    "code": 408,
    "stackTrace": "TokenError: token error\n    at module.exports.checkAuth (C:\\Users\\MrLipa\\Desktop\\exam-freshcode\\server\\src\\middlewares\\checkToken.js:25:10)\n    at Layer.handle [as handle_request] (C:\\Users\\MrLipa\\Desktop\\exam-freshcode\\server\\node_modules\\express\\lib\\router\\layer.js:95:5)\n    at next (C:\\Users\\MrLipa\\Desktop\\exam-freshcode\\server\\node_modules\\express\\lib\\router\\route.js:144:13)\n    at Route.dispatch (C:\\Users\\MrLipa\\Desktop\\exam-freshcode\\server\\node_modules\\express\\lib\\router\\route.js:114:3)\n    at Layer.handle [as handle_request] (C:\\Users\\MrLipa\\Desktop\\exam-freshcode\\server\\node_modules\\express\\lib\\router\\layer.js:95:5)\n    at C:\\Users\\MrLipa\\Desktop\\exam-freshcode\\server\\node_modules\\express\\lib\\router\\index.js:284:15\n    at Function.process_params (C:\\Users\\MrLipa\\Desktop\\exam-freshcode\\server\\node_modules\\express\\lib\\router\\index.js:346:12)\n    at next (C:\\Users\\MrLipa\\Desktop\\exam-freshcode\\server\\node_modules\\express\\lib\\router\\index.js:280:10)\n    at Function.handle (C:\\Users\\MrLipa\\Desktop\\exam-freshcode\\server\\node_modules\\express\\lib\\router\\index.js:175:3)\n    at router (C:\\Users\\MrLipa\\Desktop\\exam-freshcode\\server\\node_modules\\express\\lib\\router\\index.js:47:12)"
  },
  {
    "message": "token error",
    "time": "2025-05-28T19:26:59.895Z",
    "code": 408,
    "stackTrace": "TokenError: token error\n    at module.exports.checkAuth (C:\\Users\\MrLipa\\Desktop\\exam-freshcode\\server\\src\\middlewares\\checkToken.js:25:10)\n    at Layer.handle [as handle_request] (C:\\Users\\MrLipa\\Desktop\\exam-freshcode\\server\\node_modules\\express\\lib\\router\\layer.js:95:5)\n    at next (C:\\Users\\MrLipa\\Desktop\\exam-freshcode\\server\\node_modules\\express\\lib\\router\\route.js:144:13)\n    at Route.dispatch (C:\\Users\\MrLipa\\Desktop\\exam-freshcode\\server\\node_modules\\express\\lib\\router\\route.js:114:3)\n    at Layer.handle [as handle_request] (C:\\Users\\MrLipa\\Desktop\\exam-freshcode\\server\\node_modules\\express\\lib\\router\\layer.js:95:5)\n    at C:\\Users\\MrLipa\\Desktop\\exam-freshcode\\server\\node_modules\\express\\lib\\router\\index.js:284:15\n    at Function.process_params (C:\\Users\\MrLipa\\Desktop\\exam-freshcode\\server\\node_modules\\express\\lib\\router\\index.js:346:12)\n    at next (C:\\Users\\MrLipa\\Desktop\\exam-freshcode\\server\\node_modules\\express\\lib\\router\\index.js:280:10)\n    at Function.handle (C:\\Users\\MrLipa\\Desktop\\exam-freshcode\\server\\node_modules\\express\\lib\\router\\index.js:175:3)\n    at router (C:\\Users\\MrLipa\\Desktop\\exam-freshcode\\server\\node_modules\\express\\lib\\router\\index.js:47:12)"
  },
  {
    "message": "token error",
    "time": "2025-05-28T19:26:59.899Z",
    "code": 408,
    "stackTrace": "TokenError: token error\n    at module.exports.checkAuth (C:\\Users\\MrLipa\\Desktop\\exam-freshcode\\server\\src\\middlewares\\checkToken.js:25:10)\n    at Layer.handle [as handle_request] (C:\\Users\\MrLipa\\Desktop\\exam-freshcode\\server\\node_modules\\express\\lib\\router\\layer.js:95:5)\n    at next (C:\\Users\\MrLipa\\Desktop\\exam-freshcode\\server\\node_modules\\express\\lib\\router\\route.js:144:13)\n    at Route.dispatch (C:\\Users\\MrLipa\\Desktop\\exam-freshcode\\server\\node_modules\\express\\lib\\router\\route.js:114:3)\n    at Layer.handle [as handle_request] (C:\\Users\\MrLipa\\Desktop\\exam-freshcode\\server\\node_modules\\express\\lib\\router\\layer.js:95:5)\n    at C:\\Users\\MrLipa\\Desktop\\exam-freshcode\\server\\node_modules\\express\\lib\\router\\index.js:284:15\n    at Function.process_params (C:\\Users\\MrLipa\\Desktop\\exam-freshcode\\server\\node_modules\\express\\lib\\router\\index.js:346:12)\n    at next (C:\\Users\\MrLipa\\Desktop\\exam-freshcode\\server\\node_modules\\express\\lib\\router\\index.js:280:10)\n    at Function.handle (C:\\Users\\MrLipa\\Desktop\\exam-freshcode\\server\\node_modules\\express\\lib\\router\\index.js:175:3)\n    at router (C:\\Users\\MrLipa\\Desktop\\exam-freshcode\\server\\node_modules\\express\\lib\\router\\index.js:47:12)"
  },
  {
    "message": "token error",
    "time": "2025-05-28T19:26:59.906Z",
    "code": 408,
    "stackTrace": "TokenError: token error\n    at module.exports.checkAuth (C:\\Users\\MrLipa\\Desktop\\exam-freshcode\\server\\src\\middlewares\\checkToken.js:25:10)\n    at Layer.handle [as handle_request] (C:\\Users\\MrLipa\\Desktop\\exam-freshcode\\server\\node_modules\\express\\lib\\router\\layer.js:95:5)\n    at next (C:\\Users\\MrLipa\\Desktop\\exam-freshcode\\server\\node_modules\\express\\lib\\router\\route.js:144:13)\n    at Route.dispatch (C:\\Users\\MrLipa\\Desktop\\exam-freshcode\\server\\node_modules\\express\\lib\\router\\route.js:114:3)\n    at Layer.handle [as handle_request] (C:\\Users\\MrLipa\\Desktop\\exam-freshcode\\server\\node_modules\\express\\lib\\router\\layer.js:95:5)\n    at C:\\Users\\MrLipa\\Desktop\\exam-freshcode\\server\\node_modules\\express\\lib\\router\\index.js:284:15\n    at Function.process_params (C:\\Users\\MrLipa\\Desktop\\exam-freshcode\\server\\node_modules\\express\\lib\\router\\index.js:346:12)\n    at next (C:\\Users\\MrLipa\\Desktop\\exam-freshcode\\server\\node_modules\\express\\lib\\router\\index.js:280:10)\n    at Function.handle (C:\\Users\\MrLipa\\Desktop\\exam-freshcode\\server\\node_modules\\express\\lib\\router\\index.js:175:3)\n    at router (C:\\Users\\MrLipa\\Desktop\\exam-freshcode\\server\\node_modules\\express\\lib\\router\\index.js:47:12)"
  },
  {
    "message": "token error",
    "time": "2025-05-28T19:27:10.486Z",
    "code": 408,
    "stackTrace": "TokenError: token error\n    at module.exports.checkAuth (C:\\Users\\MrLipa\\Desktop\\exam-freshcode\\server\\src\\middlewares\\checkToken.js:25:10)\n    at Layer.handle [as handle_request] (C:\\Users\\MrLipa\\Desktop\\exam-freshcode\\server\\node_modules\\express\\lib\\router\\layer.js:95:5)\n    at next (C:\\Users\\MrLipa\\Desktop\\exam-freshcode\\server\\node_modules\\express\\lib\\router\\route.js:144:13)\n    at Route.dispatch (C:\\Users\\MrLipa\\Desktop\\exam-freshcode\\server\\node_modules\\express\\lib\\router\\route.js:114:3)\n    at Layer.handle [as handle_request] (C:\\Users\\MrLipa\\Desktop\\exam-freshcode\\server\\node_modules\\express\\lib\\router\\layer.js:95:5)\n    at C:\\Users\\MrLipa\\Desktop\\exam-freshcode\\server\\node_modules\\express\\lib\\router\\index.js:284:15\n    at Function.process_params (C:\\Users\\MrLipa\\Desktop\\exam-freshcode\\server\\node_modules\\express\\lib\\router\\index.js:346:12)\n    at next (C:\\Users\\MrLipa\\Desktop\\exam-freshcode\\server\\node_modules\\express\\lib\\router\\index.js:280:10)\n    at Function.handle (C:\\Users\\MrLipa\\Desktop\\exam-freshcode\\server\\node_modules\\express\\lib\\router\\index.js:175:3)\n    at router (C:\\Users\\MrLipa\\Desktop\\exam-freshcode\\server\\node_modules\\express\\lib\\router\\index.js:47:12)"
  },
  {
    "message": "token error",
    "time": "2025-05-28T19:27:10.491Z",
    "code": 408,
    "stackTrace": "TokenError: token error\n    at module.exports.checkAuth (C:\\Users\\MrLipa\\Desktop\\exam-freshcode\\server\\src\\middlewares\\checkToken.js:25:10)\n    at Layer.handle [as handle_request] (C:\\Users\\MrLipa\\Desktop\\exam-freshcode\\server\\node_modules\\express\\lib\\router\\layer.js:95:5)\n    at next (C:\\Users\\MrLipa\\Desktop\\exam-freshcode\\server\\node_modules\\express\\lib\\router\\route.js:144:13)\n    at Route.dispatch (C:\\Users\\MrLipa\\Desktop\\exam-freshcode\\server\\node_modules\\express\\lib\\router\\route.js:114:3)\n    at Layer.handle [as handle_request] (C:\\Users\\MrLipa\\Desktop\\exam-freshcode\\server\\node_modules\\express\\lib\\router\\layer.js:95:5)\n    at C:\\Users\\MrLipa\\Desktop\\exam-freshcode\\server\\node_modules\\express\\lib\\router\\index.js:284:15\n    at Function.process_params (C:\\Users\\MrLipa\\Desktop\\exam-freshcode\\server\\node_modules\\express\\lib\\router\\index.js:346:12)\n    at next (C:\\Users\\MrLipa\\Desktop\\exam-freshcode\\server\\node_modules\\express\\lib\\router\\index.js:280:10)\n    at Function.handle (C:\\Users\\MrLipa\\Desktop\\exam-freshcode\\server\\node_modules\\express\\lib\\router\\index.js:175:3)\n    at router (C:\\Users\\MrLipa\\Desktop\\exam-freshcode\\server\\node_modules\\express\\lib\\router\\index.js:47:12)"
  },
  {
    "message": "token error",
    "time": "2025-05-28T19:27:25.541Z",
    "code": 408,
    "stackTrace": "TokenError: token error\n    at module.exports.checkAuth (C:\\Users\\MrLipa\\Desktop\\exam-freshcode\\server\\src\\middlewares\\checkToken.js:25:10)\n    at Layer.handle [as handle_request] (C:\\Users\\MrLipa\\Desktop\\exam-freshcode\\server\\node_modules\\express\\lib\\router\\layer.js:95:5)\n    at next (C:\\Users\\MrLipa\\Desktop\\exam-freshcode\\server\\node_modules\\express\\lib\\router\\route.js:144:13)\n    at Route.dispatch (C:\\Users\\MrLipa\\Desktop\\exam-freshcode\\server\\node_modules\\express\\lib\\router\\route.js:114:3)\n    at Layer.handle [as handle_request] (C:\\Users\\MrLipa\\Desktop\\exam-freshcode\\server\\node_modules\\express\\lib\\router\\layer.js:95:5)\n    at C:\\Users\\MrLipa\\Desktop\\exam-freshcode\\server\\node_modules\\express\\lib\\router\\index.js:284:15\n    at Function.process_params (C:\\Users\\MrLipa\\Desktop\\exam-freshcode\\server\\node_modules\\express\\lib\\router\\index.js:346:12)\n    at next (C:\\Users\\MrLipa\\Desktop\\exam-freshcode\\server\\node_modules\\express\\lib\\router\\index.js:280:10)\n    at Function.handle (C:\\Users\\MrLipa\\Desktop\\exam-freshcode\\server\\node_modules\\express\\lib\\router\\index.js:175:3)\n    at router (C:\\Users\\MrLipa\\Desktop\\exam-freshcode\\server\\node_modules\\express\\lib\\router\\index.js:47:12)"
  },
  {
    "message": "token error",
    "time": "2025-05-28T19:27:25.548Z",
    "code": 408,
    "stackTrace": "TokenError: token error\n    at module.exports.checkAuth (C:\\Users\\MrLipa\\Desktop\\exam-freshcode\\server\\src\\middlewares\\checkToken.js:25:10)\n    at Layer.handle [as handle_request] (C:\\Users\\MrLipa\\Desktop\\exam-freshcode\\server\\node_modules\\express\\lib\\router\\layer.js:95:5)\n    at next (C:\\Users\\MrLipa\\Desktop\\exam-freshcode\\server\\node_modules\\express\\lib\\router\\route.js:144:13)\n    at Route.dispatch (C:\\Users\\MrLipa\\Desktop\\exam-freshcode\\server\\node_modules\\express\\lib\\router\\route.js:114:3)\n    at Layer.handle [as handle_request] (C:\\Users\\MrLipa\\Desktop\\exam-freshcode\\server\\node_modules\\express\\lib\\router\\layer.js:95:5)\n    at C:\\Users\\MrLipa\\Desktop\\exam-freshcode\\server\\node_modules\\express\\lib\\router\\index.js:284:15\n    at Function.process_params (C:\\Users\\MrLipa\\Desktop\\exam-freshcode\\server\\node_modules\\express\\lib\\router\\index.js:346:12)\n    at next (C:\\Users\\MrLipa\\Desktop\\exam-freshcode\\server\\node_modules\\express\\lib\\router\\index.js:280:10)\n    at Function.handle (C:\\Users\\MrLipa\\Desktop\\exam-freshcode\\server\\node_modules\\express\\lib\\router\\index.js:175:3)\n    at router (C:\\Users\\MrLipa\\Desktop\\exam-freshcode\\server\\node_modules\\express\\lib\\router\\index.js:47:12)"
  },
  {
    "message": "token error",
    "time": "2025-05-28T19:27:29.100Z",
    "code": 408,
    "stackTrace": "TokenError: token error\n    at module.exports.checkAuth (C:\\Users\\MrLipa\\Desktop\\exam-freshcode\\server\\src\\middlewares\\checkToken.js:25:10)\n    at Layer.handle [as handle_request] (C:\\Users\\MrLipa\\Desktop\\exam-freshcode\\server\\node_modules\\express\\lib\\router\\layer.js:95:5)\n    at next (C:\\Users\\MrLipa\\Desktop\\exam-freshcode\\server\\node_modules\\express\\lib\\router\\route.js:144:13)\n    at Route.dispatch (C:\\Users\\MrLipa\\Desktop\\exam-freshcode\\server\\node_modules\\express\\lib\\router\\route.js:114:3)\n    at Layer.handle [as handle_request] (C:\\Users\\MrLipa\\Desktop\\exam-freshcode\\server\\node_modules\\express\\lib\\router\\layer.js:95:5)\n    at C:\\Users\\MrLipa\\Desktop\\exam-freshcode\\server\\node_modules\\express\\lib\\router\\index.js:284:15\n    at Function.process_params (C:\\Users\\MrLipa\\Desktop\\exam-freshcode\\server\\node_modules\\express\\lib\\router\\index.js:346:12)\n    at next (C:\\Users\\MrLipa\\Desktop\\exam-freshcode\\server\\node_modules\\express\\lib\\router\\index.js:280:10)\n    at Function.handle (C:\\Users\\MrLipa\\Desktop\\exam-freshcode\\server\\node_modules\\express\\lib\\router\\index.js:175:3)\n    at router (C:\\Users\\MrLipa\\Desktop\\exam-freshcode\\server\\node_modules\\express\\lib\\router\\index.js:47:12)"
  },
  {
    "message": "token error",
    "time": "2025-05-28T19:27:29.118Z",
    "code": 408,
    "stackTrace": "TokenError: token error\n    at module.exports.checkAuth (C:\\Users\\MrLipa\\Desktop\\exam-freshcode\\server\\src\\middlewares\\checkToken.js:25:10)\n    at Layer.handle [as handle_request] (C:\\Users\\MrLipa\\Desktop\\exam-freshcode\\server\\node_modules\\express\\lib\\router\\layer.js:95:5)\n    at next (C:\\Users\\MrLipa\\Desktop\\exam-freshcode\\server\\node_modules\\express\\lib\\router\\route.js:144:13)\n    at Route.dispatch (C:\\Users\\MrLipa\\Desktop\\exam-freshcode\\server\\node_modules\\express\\lib\\router\\route.js:114:3)\n    at Layer.handle [as handle_request] (C:\\Users\\MrLipa\\Desktop\\exam-freshcode\\server\\node_modules\\express\\lib\\router\\layer.js:95:5)\n    at C:\\Users\\MrLipa\\Desktop\\exam-freshcode\\server\\node_modules\\express\\lib\\router\\index.js:284:15\n    at Function.process_params (C:\\Users\\MrLipa\\Desktop\\exam-freshcode\\server\\node_modules\\express\\lib\\router\\index.js:346:12)\n    at next (C:\\Users\\MrLipa\\Desktop\\exam-freshcode\\server\\node_modules\\express\\lib\\router\\index.js:280:10)\n    at Function.handle (C:\\Users\\MrLipa\\Desktop\\exam-freshcode\\server\\node_modules\\express\\lib\\router\\index.js:175:3)\n    at router (C:\\Users\\MrLipa\\Desktop\\exam-freshcode\\server\\node_modules\\express\\lib\\router\\index.js:47:12)"
  },
  {
    "message": "token error",
    "time": "2025-05-28T19:27:29.154Z",
    "code": 408,
    "stackTrace": "TokenError: token error\n    at module.exports.checkAuth (C:\\Users\\MrLipa\\Desktop\\exam-freshcode\\server\\src\\middlewares\\checkToken.js:25:10)\n    at Layer.handle [as handle_request] (C:\\Users\\MrLipa\\Desktop\\exam-freshcode\\server\\node_modules\\express\\lib\\router\\layer.js:95:5)\n    at next (C:\\Users\\MrLipa\\Desktop\\exam-freshcode\\server\\node_modules\\express\\lib\\router\\route.js:144:13)\n    at Route.dispatch (C:\\Users\\MrLipa\\Desktop\\exam-freshcode\\server\\node_modules\\express\\lib\\router\\route.js:114:3)\n    at Layer.handle [as handle_request] (C:\\Users\\MrLipa\\Desktop\\exam-freshcode\\server\\node_modules\\express\\lib\\router\\layer.js:95:5)\n    at C:\\Users\\MrLipa\\Desktop\\exam-freshcode\\server\\node_modules\\express\\lib\\router\\index.js:284:15\n    at Function.process_params (C:\\Users\\MrLipa\\Desktop\\exam-freshcode\\server\\node_modules\\express\\lib\\router\\index.js:346:12)\n    at next (C:\\Users\\MrLipa\\Desktop\\exam-freshcode\\server\\node_modules\\express\\lib\\router\\index.js:280:10)\n    at Function.handle (C:\\Users\\MrLipa\\Desktop\\exam-freshcode\\server\\node_modules\\express\\lib\\router\\index.js:175:3)\n    at router (C:\\Users\\MrLipa\\Desktop\\exam-freshcode\\server\\node_modules\\express\\lib\\router\\index.js:47:12)"
  },
  {
    "message": "token error",
    "time": "2025-05-28T19:30:43.555Z",
    "code": 408,
    "stackTrace": "TokenError: token error\n    at module.exports.checkAuth (C:\\Users\\MrLipa\\Desktop\\exam-freshcode\\server\\src\\middlewares\\checkToken.js:25:10)\n    at Layer.handle [as handle_request] (C:\\Users\\MrLipa\\Desktop\\exam-freshcode\\server\\node_modules\\express\\lib\\router\\layer.js:95:5)\n    at next (C:\\Users\\MrLipa\\Desktop\\exam-freshcode\\server\\node_modules\\express\\lib\\router\\route.js:144:13)\n    at Route.dispatch (C:\\Users\\MrLipa\\Desktop\\exam-freshcode\\server\\node_modules\\express\\lib\\router\\route.js:114:3)\n    at Layer.handle [as handle_request] (C:\\Users\\MrLipa\\Desktop\\exam-freshcode\\server\\node_modules\\express\\lib\\router\\layer.js:95:5)\n    at C:\\Users\\MrLipa\\Desktop\\exam-freshcode\\server\\node_modules\\express\\lib\\router\\index.js:284:15\n    at Function.process_params (C:\\Users\\MrLipa\\Desktop\\exam-freshcode\\server\\node_modules\\express\\lib\\router\\index.js:346:12)\n    at next (C:\\Users\\MrLipa\\Desktop\\exam-freshcode\\server\\node_modules\\express\\lib\\router\\index.js:280:10)\n    at Function.handle (C:\\Users\\MrLipa\\Desktop\\exam-freshcode\\server\\node_modules\\express\\lib\\router\\index.js:175:3)\n    at router (C:\\Users\\MrLipa\\Desktop\\exam-freshcode\\server\\node_modules\\express\\lib\\router\\index.js:47:12)"
  },
  {
    "message": "token error",
    "time": "2025-05-28T19:30:43.560Z",
    "code": 408,
    "stackTrace": "TokenError: token error\n    at module.exports.checkAuth (C:\\Users\\MrLipa\\Desktop\\exam-freshcode\\server\\src\\middlewares\\checkToken.js:25:10)\n    at Layer.handle [as handle_request] (C:\\Users\\MrLipa\\Desktop\\exam-freshcode\\server\\node_modules\\express\\lib\\router\\layer.js:95:5)\n    at next (C:\\Users\\MrLipa\\Desktop\\exam-freshcode\\server\\node_modules\\express\\lib\\router\\route.js:144:13)\n    at Route.dispatch (C:\\Users\\MrLipa\\Desktop\\exam-freshcode\\server\\node_modules\\express\\lib\\router\\route.js:114:3)\n    at Layer.handle [as handle_request] (C:\\Users\\MrLipa\\Desktop\\exam-freshcode\\server\\node_modules\\express\\lib\\router\\layer.js:95:5)\n    at C:\\Users\\MrLipa\\Desktop\\exam-freshcode\\server\\node_modules\\express\\lib\\router\\index.js:284:15\n    at Function.process_params (C:\\Users\\MrLipa\\Desktop\\exam-freshcode\\server\\node_modules\\express\\lib\\router\\index.js:346:12)\n    at next (C:\\Users\\MrLipa\\Desktop\\exam-freshcode\\server\\node_modules\\express\\lib\\router\\index.js:280:10)\n    at Function.handle (C:\\Users\\MrLipa\\Desktop\\exam-freshcode\\server\\node_modules\\express\\lib\\router\\index.js:175:3)\n    at router (C:\\Users\\MrLipa\\Desktop\\exam-freshcode\\server\\node_modules\\express\\lib\\router\\index.js:47:12)"
  },
  {
    "message": "need token",
    "time": "2025-05-28T19:40:46.940Z",
    "code": 408,
    "stackTrace": "TokenError: need token\n    at module.exports.checkAuth (C:\\Users\\MrLipa\\Desktop\\exam-freshcode\\server\\src\\middlewares\\checkToken.js:9:17)\n    at Layer.handle [as handle_request] (C:\\Users\\MrLipa\\Desktop\\exam-freshcode\\server\\node_modules\\express\\lib\\router\\layer.js:95:5)\n    at next (C:\\Users\\MrLipa\\Desktop\\exam-freshcode\\server\\node_modules\\express\\lib\\router\\route.js:144:13)\n    at Route.dispatch (C:\\Users\\MrLipa\\Desktop\\exam-freshcode\\server\\node_modules\\express\\lib\\router\\route.js:114:3)\n    at Layer.handle [as handle_request] (C:\\Users\\MrLipa\\Desktop\\exam-freshcode\\server\\node_modules\\express\\lib\\router\\layer.js:95:5)\n    at C:\\Users\\MrLipa\\Desktop\\exam-freshcode\\server\\node_modules\\express\\lib\\router\\index.js:284:15\n    at Function.process_params (C:\\Users\\MrLipa\\Desktop\\exam-freshcode\\server\\node_modules\\express\\lib\\router\\index.js:346:12)\n    at next (C:\\Users\\MrLipa\\Desktop\\exam-freshcode\\server\\node_modules\\express\\lib\\router\\index.js:280:10)\n    at Function.handle (C:\\Users\\MrLipa\\Desktop\\exam-freshcode\\server\\node_modules\\express\\lib\\router\\index.js:175:3)\n    at router (C:\\Users\\MrLipa\\Desktop\\exam-freshcode\\server\\node_modules\\express\\lib\\router\\index.js:47:12)"
  },
  {
    "message": "user with this data didn`t exist",
    "time": "2025-05-28T19:41:07.299Z",
    "code": 404,
    "stackTrace": "UserNotFoundError: user with this data didn`t exist\n    at module.exports.findUser (C:\\Users\\MrLipa\\Desktop\\exam-freshcode\\server\\src\\controllers\\queries\\userQueries.js:21:11)\n    at process.processTicksAndRejections (node:internal/process/task_queues:95:5)\n    at async module.exports.login (C:\\Users\\MrLipa\\Desktop\\exam-freshcode\\server\\src\\controllers\\userController.js:14:23)"
  },
  {
    "message": "need token",
    "time": "2025-05-28T19:41:11.804Z",
    "code": 408,
    "stackTrace": "TokenError: need token\n    at module.exports.checkAuth (C:\\Users\\MrLipa\\Desktop\\exam-freshcode\\server\\src\\middlewares\\checkToken.js:9:17)\n    at Layer.handle [as handle_request] (C:\\Users\\MrLipa\\Desktop\\exam-freshcode\\server\\node_modules\\express\\lib\\router\\layer.js:95:5)\n    at next (C:\\Users\\MrLipa\\Desktop\\exam-freshcode\\server\\node_modules\\express\\lib\\router\\route.js:144:13)\n    at Route.dispatch (C:\\Users\\MrLipa\\Desktop\\exam-freshcode\\server\\node_modules\\express\\lib\\router\\route.js:114:3)\n    at Layer.handle [as handle_request] (C:\\Users\\MrLipa\\Desktop\\exam-freshcode\\server\\node_modules\\express\\lib\\router\\layer.js:95:5)\n    at C:\\Users\\MrLipa\\Desktop\\exam-freshcode\\server\\node_modules\\express\\lib\\router\\index.js:284:15\n    at Function.process_params (C:\\Users\\MrLipa\\Desktop\\exam-freshcode\\server\\node_modules\\express\\lib\\router\\index.js:346:12)\n    at next (C:\\Users\\MrLipa\\Desktop\\exam-freshcode\\server\\node_modules\\express\\lib\\router\\index.js:280:10)\n    at Function.handle (C:\\Users\\MrLipa\\Desktop\\exam-freshcode\\server\\node_modules\\express\\lib\\router\\index.js:175:3)\n    at router (C:\\Users\\MrLipa\\Desktop\\exam-freshcode\\server\\node_modules\\express\\lib\\router\\index.js:47:12)"
  },
  {
    "message": "need token",
    "time": "2025-05-28T19:41:11.882Z",
    "code": 408,
    "stackTrace": "TokenError: need token\n    at module.exports.checkAuth (C:\\Users\\MrLipa\\Desktop\\exam-freshcode\\server\\src\\middlewares\\checkToken.js:9:17)\n    at Layer.handle [as handle_request] (C:\\Users\\MrLipa\\Desktop\\exam-freshcode\\server\\node_modules\\express\\lib\\router\\layer.js:95:5)\n    at next (C:\\Users\\MrLipa\\Desktop\\exam-freshcode\\server\\node_modules\\express\\lib\\router\\route.js:144:13)\n    at Route.dispatch (C:\\Users\\MrLipa\\Desktop\\exam-freshcode\\server\\node_modules\\express\\lib\\router\\route.js:114:3)\n    at Layer.handle [as handle_request] (C:\\Users\\MrLipa\\Desktop\\exam-freshcode\\server\\node_modules\\express\\lib\\router\\layer.js:95:5)\n    at C:\\Users\\MrLipa\\Desktop\\exam-freshcode\\server\\node_modules\\express\\lib\\router\\index.js:284:15\n    at Function.process_params (C:\\Users\\MrLipa\\Desktop\\exam-freshcode\\server\\node_modules\\express\\lib\\router\\index.js:346:12)\n    at next (C:\\Users\\MrLipa\\Desktop\\exam-freshcode\\server\\node_modules\\express\\lib\\router\\index.js:280:10)\n    at Function.handle (C:\\Users\\MrLipa\\Desktop\\exam-freshcode\\server\\node_modules\\express\\lib\\router\\index.js:175:3)\n    at router (C:\\Users\\MrLipa\\Desktop\\exam-freshcode\\server\\node_modules\\express\\lib\\router\\index.js:47:12)"
  },
  {
    "message": "need token",
    "time": "2025-05-28T19:41:25.083Z",
    "code": 408,
    "stackTrace": "TokenError: need token\n    at module.exports.checkAuth (C:\\Users\\MrLipa\\Desktop\\exam-freshcode\\server\\src\\middlewares\\checkToken.js:9:17)\n    at Layer.handle [as handle_request] (C:\\Users\\MrLipa\\Desktop\\exam-freshcode\\server\\node_modules\\express\\lib\\router\\layer.js:95:5)\n    at next (C:\\Users\\MrLipa\\Desktop\\exam-freshcode\\server\\node_modules\\express\\lib\\router\\route.js:144:13)\n    at Route.dispatch (C:\\Users\\MrLipa\\Desktop\\exam-freshcode\\server\\node_modules\\express\\lib\\router\\route.js:114:3)\n    at Layer.handle [as handle_request] (C:\\Users\\MrLipa\\Desktop\\exam-freshcode\\server\\node_modules\\express\\lib\\router\\layer.js:95:5)\n    at C:\\Users\\MrLipa\\Desktop\\exam-freshcode\\server\\node_modules\\express\\lib\\router\\index.js:284:15\n    at Function.process_params (C:\\Users\\MrLipa\\Desktop\\exam-freshcode\\server\\node_modules\\express\\lib\\router\\index.js:346:12)\n    at next (C:\\Users\\MrLipa\\Desktop\\exam-freshcode\\server\\node_modules\\express\\lib\\router\\index.js:280:10)\n    at Function.handle (C:\\Users\\MrLipa\\Desktop\\exam-freshcode\\server\\node_modules\\express\\lib\\router\\index.js:175:3)\n    at router (C:\\Users\\MrLipa\\Desktop\\exam-freshcode\\server\\node_modules\\express\\lib\\router\\index.js:47:12)"
  },
  {
    "message": "token error",
    "time": "2025-05-28T19:51:36.869Z",
    "code": 408,
    "stackTrace": "TokenError: token error\n    at module.exports.checkAuth (C:\\Users\\MrLipa\\Desktop\\exam-freshcode\\server\\src\\middlewares\\checkToken.js:25:10)\n    at Layer.handle [as handle_request] (C:\\Users\\MrLipa\\Desktop\\exam-freshcode\\server\\node_modules\\express\\lib\\router\\layer.js:95:5)\n    at next (C:\\Users\\MrLipa\\Desktop\\exam-freshcode\\server\\node_modules\\express\\lib\\router\\route.js:144:13)\n    at Route.dispatch (C:\\Users\\MrLipa\\Desktop\\exam-freshcode\\server\\node_modules\\express\\lib\\router\\route.js:114:3)\n    at Layer.handle [as handle_request] (C:\\Users\\MrLipa\\Desktop\\exam-freshcode\\server\\node_modules\\express\\lib\\router\\layer.js:95:5)\n    at C:\\Users\\MrLipa\\Desktop\\exam-freshcode\\server\\node_modules\\express\\lib\\router\\index.js:284:15\n    at Function.process_params (C:\\Users\\MrLipa\\Desktop\\exam-freshcode\\server\\node_modules\\express\\lib\\router\\index.js:346:12)\n    at next (C:\\Users\\MrLipa\\Desktop\\exam-freshcode\\server\\node_modules\\express\\lib\\router\\index.js:280:10)\n    at Function.handle (C:\\Users\\MrLipa\\Desktop\\exam-freshcode\\server\\node_modules\\express\\lib\\router\\index.js:175:3)\n    at router (C:\\Users\\MrLipa\\Desktop\\exam-freshcode\\server\\node_modules\\express\\lib\\router\\index.js:47:12)"
  },
  {
    "message": "token error",
    "time": "2025-05-28T19:51:36.882Z",
    "code": 408,
    "stackTrace": "TokenError: token error\n    at module.exports.checkAuth (C:\\Users\\MrLipa\\Desktop\\exam-freshcode\\server\\src\\middlewares\\checkToken.js:25:10)\n    at Layer.handle [as handle_request] (C:\\Users\\MrLipa\\Desktop\\exam-freshcode\\server\\node_modules\\express\\lib\\router\\layer.js:95:5)\n    at next (C:\\Users\\MrLipa\\Desktop\\exam-freshcode\\server\\node_modules\\express\\lib\\router\\route.js:144:13)\n    at Route.dispatch (C:\\Users\\MrLipa\\Desktop\\exam-freshcode\\server\\node_modules\\express\\lib\\router\\route.js:114:3)\n    at Layer.handle [as handle_request] (C:\\Users\\MrLipa\\Desktop\\exam-freshcode\\server\\node_modules\\express\\lib\\router\\layer.js:95:5)\n    at C:\\Users\\MrLipa\\Desktop\\exam-freshcode\\server\\node_modules\\express\\lib\\router\\index.js:284:15\n    at Function.process_params (C:\\Users\\MrLipa\\Desktop\\exam-freshcode\\server\\node_modules\\express\\lib\\router\\index.js:346:12)\n    at next (C:\\Users\\MrLipa\\Desktop\\exam-freshcode\\server\\node_modules\\express\\lib\\router\\index.js:280:10)\n    at Function.handle (C:\\Users\\MrLipa\\Desktop\\exam-freshcode\\server\\node_modules\\express\\lib\\router\\index.js:175:3)\n    at router (C:\\Users\\MrLipa\\Desktop\\exam-freshcode\\server\\node_modules\\express\\lib\\router\\index.js:47:12)"
  },
  {
    "message": "token error",
    "time": "2025-05-28T19:51:36.892Z",
    "code": 408,
    "stackTrace": "TokenError: token error\n    at module.exports.checkAuth (C:\\Users\\MrLipa\\Desktop\\exam-freshcode\\server\\src\\middlewares\\checkToken.js:25:10)\n    at Layer.handle [as handle_request] (C:\\Users\\MrLipa\\Desktop\\exam-freshcode\\server\\node_modules\\express\\lib\\router\\layer.js:95:5)\n    at next (C:\\Users\\MrLipa\\Desktop\\exam-freshcode\\server\\node_modules\\express\\lib\\router\\route.js:144:13)\n    at Route.dispatch (C:\\Users\\MrLipa\\Desktop\\exam-freshcode\\server\\node_modules\\express\\lib\\router\\route.js:114:3)\n    at Layer.handle [as handle_request] (C:\\Users\\MrLipa\\Desktop\\exam-freshcode\\server\\node_modules\\express\\lib\\router\\layer.js:95:5)\n    at C:\\Users\\MrLipa\\Desktop\\exam-freshcode\\server\\node_modules\\express\\lib\\router\\index.js:284:15\n    at Function.process_params (C:\\Users\\MrLipa\\Desktop\\exam-freshcode\\server\\node_modules\\express\\lib\\router\\index.js:346:12)\n    at next (C:\\Users\\MrLipa\\Desktop\\exam-freshcode\\server\\node_modules\\express\\lib\\router\\index.js:280:10)\n    at Function.handle (C:\\Users\\MrLipa\\Desktop\\exam-freshcode\\server\\node_modules\\express\\lib\\router\\index.js:175:3)\n    at router (C:\\Users\\MrLipa\\Desktop\\exam-freshcode\\server\\node_modules\\express\\lib\\router\\index.js:47:12)"
  },
  {
    "message": "token error",
    "time": "2025-05-28T19:51:42.347Z",
    "code": 408,
    "stackTrace": "TokenError: token error\n    at module.exports.checkAuth (C:\\Users\\MrLipa\\Desktop\\exam-freshcode\\server\\src\\middlewares\\checkToken.js:25:10)\n    at Layer.handle [as handle_request] (C:\\Users\\MrLipa\\Desktop\\exam-freshcode\\server\\node_modules\\express\\lib\\router\\layer.js:95:5)\n    at next (C:\\Users\\MrLipa\\Desktop\\exam-freshcode\\server\\node_modules\\express\\lib\\router\\route.js:144:13)\n    at Route.dispatch (C:\\Users\\MrLipa\\Desktop\\exam-freshcode\\server\\node_modules\\express\\lib\\router\\route.js:114:3)\n    at Layer.handle [as handle_request] (C:\\Users\\MrLipa\\Desktop\\exam-freshcode\\server\\node_modules\\express\\lib\\router\\layer.js:95:5)\n    at C:\\Users\\MrLipa\\Desktop\\exam-freshcode\\server\\node_modules\\express\\lib\\router\\index.js:284:15\n    at Function.process_params (C:\\Users\\MrLipa\\Desktop\\exam-freshcode\\server\\node_modules\\express\\lib\\router\\index.js:346:12)\n    at next (C:\\Users\\MrLipa\\Desktop\\exam-freshcode\\server\\node_modules\\express\\lib\\router\\index.js:280:10)\n    at Function.handle (C:\\Users\\MrLipa\\Desktop\\exam-freshcode\\server\\node_modules\\express\\lib\\router\\index.js:175:3)\n    at router (C:\\Users\\MrLipa\\Desktop\\exam-freshcode\\server\\node_modules\\express\\lib\\router\\index.js:47:12)"
  },
  {
    "message": "token error",
    "time": "2025-05-28T19:51:42.355Z",
    "code": 408,
    "stackTrace": "TokenError: token error\n    at module.exports.checkAuth (C:\\Users\\MrLipa\\Desktop\\exam-freshcode\\server\\src\\middlewares\\checkToken.js:25:10)\n    at Layer.handle [as handle_request] (C:\\Users\\MrLipa\\Desktop\\exam-freshcode\\server\\node_modules\\express\\lib\\router\\layer.js:95:5)\n    at next (C:\\Users\\MrLipa\\Desktop\\exam-freshcode\\server\\node_modules\\express\\lib\\router\\route.js:144:13)\n    at Route.dispatch (C:\\Users\\MrLipa\\Desktop\\exam-freshcode\\server\\node_modules\\express\\lib\\router\\route.js:114:3)\n    at Layer.handle [as handle_request] (C:\\Users\\MrLipa\\Desktop\\exam-freshcode\\server\\node_modules\\express\\lib\\router\\layer.js:95:5)\n    at C:\\Users\\MrLipa\\Desktop\\exam-freshcode\\server\\node_modules\\express\\lib\\router\\index.js:284:15\n    at Function.process_params (C:\\Users\\MrLipa\\Desktop\\exam-freshcode\\server\\node_modules\\express\\lib\\router\\index.js:346:12)\n    at next (C:\\Users\\MrLipa\\Desktop\\exam-freshcode\\server\\node_modules\\express\\lib\\router\\index.js:280:10)\n    at Function.handle (C:\\Users\\MrLipa\\Desktop\\exam-freshcode\\server\\node_modules\\express\\lib\\router\\index.js:175:3)\n    at router (C:\\Users\\MrLipa\\Desktop\\exam-freshcode\\server\\node_modules\\express\\lib\\router\\index.js:47:12)"
  }
]